{"/mnt/c/Users/Hp/Documents/project/mmr/backend/app.js": {"path":"/mnt/c/Users/Hp/Documents/project/mmr/backend/app.js","statementMap":{"0":{"start":{"line":1,"column":17},"end":{"line":1,"column":36}},"1":{"start":{"line":2,"column":15},"end":{"line":2,"column":32}},"2":{"start":{"line":3,"column":0},"end":{"line":3,"column":27}},"3":{"start":{"line":4,"column":16},"end":{"line":4,"column":34}},"4":{"start":{"line":5,"column":13},"end":{"line":5,"column":28}},"5":{"start":{"line":6,"column":19},"end":{"line":6,"column":49}},"6":{"start":{"line":7,"column":19},"end":{"line":7,"column":50}},"7":{"start":{"line":8,"column":22},"end":{"line":8,"column":56}},"8":{"start":{"line":9,"column":36},"end":{"line":9,"column":84}},"9":{"start":{"line":10,"column":21},"end":{"line":10,"column":54}},"10":{"start":{"line":11,"column":33},"end":{"line":11,"column":78}},"11":{"start":{"line":12,"column":26},"end":{"line":12,"column":64}},"12":{"start":{"line":13,"column":21},"end":{"line":13,"column":54}},"13":{"start":{"line":14,"column":22},"end":{"line":14,"column":56}},"14":{"start":{"line":15,"column":25},"end":{"line":15,"column":62}},"15":{"start":{"line":16,"column":24},"end":{"line":16,"column":75}},"16":{"start":{"line":17,"column":19},"end":{"line":17,"column":41}},"17":{"start":{"line":18,"column":15},"end":{"line":18,"column":34}},"18":{"start":{"line":19,"column":23},"end":{"line":19,"column":56}},"19":{"start":{"line":20,"column":28},"end":{"line":20,"column":59}},"20":{"start":{"line":21,"column":26},"end":{"line":21,"column":62}},"21":{"start":{"line":22,"column":21},"end":{"line":22,"column":56}},"22":{"start":{"line":23,"column":27},"end":{"line":23,"column":68}},"23":{"start":{"line":25,"column":12},"end":{"line":25,"column":21}},"24":{"start":{"line":26,"column":0},"end":{"line":26,"column":24}},"25":{"start":{"line":27,"column":0},"end":{"line":27,"column":16}},"26":{"start":{"line":29,"column":18},"end":{"line":29,"column":79}},"27":{"start":{"line":31,"column":0},"end":{"line":58,"column":1}},"28":{"start":{"line":32,"column":4},"end":{"line":32,"column":39}},"29":{"start":{"line":33,"column":4},"end":{"line":55,"column":6}},"30":{"start":{"line":36,"column":12},"end":{"line":53,"column":13}},"31":{"start":{"line":37,"column":16},"end":{"line":37,"column":32}},"32":{"start":{"line":39,"column":16},"end":{"line":39,"column":51}},"33":{"start":{"line":40,"column":16},"end":{"line":40,"column":49}},"34":{"start":{"line":43,"column":16},"end":{"line":43,"column":54}},"35":{"start":{"line":44,"column":42},"end":{"line":44,"column":65}},"36":{"start":{"line":45,"column":37},"end":{"line":45,"column":55}},"37":{"start":{"line":46,"column":43},"end":{"line":46,"column":67}},"38":{"start":{"line":47,"column":16},"end":{"line":47,"column":89}},"39":{"start":{"line":48,"column":16},"end":{"line":48,"column":93}},"40":{"start":{"line":49,"column":16},"end":{"line":49,"column":99}},"41":{"start":{"line":52,"column":16},"end":{"line":52,"column":51}},"42":{"start":{"line":56,"column":4},"end":{"line":56,"column":69}},"43":{"start":{"line":60,"column":0},"end":{"line":60,"column":53}},"44":{"start":{"line":61,"column":0},"end":{"line":61,"column":41}},"45":{"start":{"line":62,"column":0},"end":{"line":62,"column":27}},"46":{"start":{"line":63,"column":0},"end":{"line":63,"column":51}},"47":{"start":{"line":68,"column":0},"end":{"line":68,"column":47}},"48":{"start":{"line":69,"column":0},"end":{"line":69,"column":39}},"49":{"start":{"line":70,"column":0},"end":{"line":70,"column":69}},"50":{"start":{"line":71,"column":0},"end":{"line":71,"column":34}},"51":{"start":{"line":72,"column":0},"end":{"line":72,"column":63}},"52":{"start":{"line":73,"column":0},"end":{"line":73,"column":49}},"53":{"start":{"line":74,"column":0},"end":{"line":74,"column":39}},"54":{"start":{"line":75,"column":0},"end":{"line":75,"column":35}},"55":{"start":{"line":76,"column":0},"end":{"line":76,"column":40}},"56":{"start":{"line":78,"column":0},"end":{"line":85,"column":2}},"57":{"start":{"line":79,"column":18},"end":{"line":79,"column":28}},"58":{"start":{"line":80,"column":4},"end":{"line":82,"column":5}},"59":{"start":{"line":81,"column":8},"end":{"line":81,"column":47}},"60":{"start":{"line":83,"column":16},"end":{"line":83,"column":58}},"61":{"start":{"line":84,"column":4},"end":{"line":84,"column":34}},"62":{"start":{"line":88,"column":0},"end":{"line":88,"column":180}},"63":{"start":{"line":88,"column":34},"end":{"line":88,"column":177}},"64":{"start":{"line":90,"column":0},"end":{"line":90,"column":106}},"65":{"start":{"line":90,"column":30},"end":{"line":90,"column":103}},"66":{"start":{"line":91,"column":0},"end":{"line":91,"column":105}},"67":{"start":{"line":91,"column":29},"end":{"line":91,"column":102}},"68":{"start":{"line":92,"column":0},"end":{"line":92,"column":108}},"69":{"start":{"line":92,"column":32},"end":{"line":92,"column":105}},"70":{"start":{"line":94,"column":13},"end":{"line":94,"column":93}},"71":{"start":{"line":96,"column":0},"end":{"line":100,"column":1}},"72":{"start":{"line":97,"column":4},"end":{"line":99,"column":7}},"73":{"start":{"line":98,"column":8},"end":{"line":98,"column":58}},"74":{"start":{"line":102,"column":0},"end":{"line":102,"column":21}}},"fnMap":{"0":{"name":"(anonymous_0)","decl":{"start":{"line":35,"column":8},"end":{"line":35,"column":9}},"loc":{"start":{"line":35,"column":17},"end":{"line":54,"column":9}},"line":35},"1":{"name":"(anonymous_1)","decl":{"start":{"line":78,"column":26},"end":{"line":78,"column":27}},"loc":{"start":{"line":78,"column":46},"end":{"line":85,"column":1}},"line":78},"2":{"name":"(anonymous_2)","decl":{"start":{"line":88,"column":13},"end":{"line":88,"column":14}},"loc":{"start":{"line":88,"column":33},"end":{"line":88,"column":178}},"line":88},"3":{"name":"(anonymous_3)","decl":{"start":{"line":90,"column":14},"end":{"line":90,"column":15}},"loc":{"start":{"line":90,"column":28},"end":{"line":90,"column":105}},"line":90},"4":{"name":"(anonymous_4)","decl":{"start":{"line":91,"column":13},"end":{"line":91,"column":14}},"loc":{"start":{"line":91,"column":27},"end":{"line":91,"column":104}},"line":91},"5":{"name":"(anonymous_5)","decl":{"start":{"line":92,"column":16},"end":{"line":92,"column":17}},"loc":{"start":{"line":92,"column":30},"end":{"line":92,"column":107}},"line":92},"6":{"name":"(anonymous_6)","decl":{"start":{"line":97,"column":29},"end":{"line":97,"column":30}},"loc":{"start":{"line":97,"column":41},"end":{"line":99,"column":5}},"line":97}},"branchMap":{"0":{"loc":{"start":{"line":31,"column":0},"end":{"line":58,"column":1}},"type":"if","locations":[{"start":{"line":31,"column":0},"end":{"line":58,"column":1}},{"start":{},"end":{}}],"line":31},"1":{"loc":{"start":{"line":36,"column":12},"end":{"line":53,"column":13}},"type":"if","locations":[{"start":{"line":36,"column":12},"end":{"line":53,"column":13}},{"start":{"line":38,"column":17},"end":{"line":53,"column":13}}],"line":36},"2":{"loc":{"start":{"line":56,"column":19},"end":{"line":56,"column":66}},"type":"cond-expr","locations":[{"start":{"line":56,"column":49},"end":{"line":56,"column":59}},{"start":{"line":56,"column":61},"end":{"line":56,"column":66}}],"line":56},"3":{"loc":{"start":{"line":80,"column":4},"end":{"line":82,"column":5}},"type":"if","locations":[{"start":{"line":80,"column":4},"end":{"line":82,"column":5}},{"start":{},"end":{}}],"line":80},"4":{"loc":{"start":{"line":94,"column":13},"end":{"line":94,"column":93}},"type":"cond-expr","locations":[{"start":{"line":94,"column":47},"end":{"line":94,"column":79}},{"start":{"line":94,"column":82},"end":{"line":94,"column":93}}],"line":94},"5":{"loc":{"start":{"line":96,"column":0},"end":{"line":100,"column":1}},"type":"if","locations":[{"start":{"line":96,"column":0},"end":{"line":100,"column":1}},{"start":{},"end":{}}],"line":96},"6":{"loc":{"start":{"line":97,"column":15},"end":{"line":97,"column":27}},"type":"binary-expr","locations":[{"start":{"line":97,"column":15},"end":{"line":97,"column":19}},{"start":{"line":97,"column":23},"end":{"line":97,"column":27}}],"line":97}},"s":{"0":9,"1":9,"2":9,"3":9,"4":9,"5":9,"6":9,"7":9,"8":9,"9":9,"10":9,"11":9,"12":9,"13":9,"14":9,"15":9,"16":9,"17":9,"18":9,"19":9,"20":9,"21":9,"22":9,"23":9,"24":9,"25":9,"26":9,"27":9,"28":0,"29":0,"30":0,"31":0,"32":0,"33":0,"34":0,"35":0,"36":0,"37":0,"38":0,"39":0,"40":0,"41":0,"42":0,"43":9,"44":9,"45":9,"46":9,"47":9,"48":9,"49":9,"50":9,"51":9,"52":9,"53":9,"54":9,"55":9,"56":9,"57":0,"58":0,"59":0,"60":0,"61":0,"62":9,"63":0,"64":9,"65":0,"66":9,"67":0,"68":9,"69":0,"70":9,"71":9,"72":0,"73":0,"74":9},"f":{"0":0,"1":0,"2":0,"3":0,"4":0,"5":0,"6":0},"b":{"0":[0,9],"1":[0,0],"2":[0,0],"3":[0,0],"4":[9,0],"5":[0,9],"6":[0,0]},"_coverageSchema":"1a1c01bbd47fc00a2c39e90264f33305004495a9","hash":"a12111d00e21aee8597eddfce44cf81a0644c7ba"}
,"/mnt/c/Users/Hp/Documents/project/mmr/backend/config.js": {"path":"/mnt/c/Users/Hp/Documents/project/mmr/backend/config.js","statementMap":{"0":{"start":{"line":1,"column":0},"end":{"line":1,"column":27}},"1":{"start":{"line":3,"column":15},"end":{"line":31,"column":1}},"2":{"start":{"line":33,"column":0},"end":{"line":33,"column":24}}},"fnMap":{},"branchMap":{},"s":{"0":15,"1":15,"2":15},"f":{},"b":{},"_coverageSchema":"1a1c01bbd47fc00a2c39e90264f33305004495a9","hash":"beec954403c16040f188a75a85eeda34376f21b4"}
,"/mnt/c/Users/Hp/Documents/project/mmr/backend/controllers/Admin.controller.js": {"path":"/mnt/c/Users/Hp/Documents/project/mmr/backend/controllers/Admin.controller.js","statementMap":{"0":{"start":{"line":1,"column":24},"end":{"line":1,"column":66}},"1":{"start":{"line":2,"column":21},"end":{"line":2,"column":57}},"2":{"start":{"line":3,"column":19},"end":{"line":3,"column":42}},"3":{"start":{"line":4,"column":17},"end":{"line":4,"column":45}},"4":{"start":{"line":7,"column":2},"end":{"line":7,"column":44}},"5":{"start":{"line":10,"column":13},"end":{"line":35,"column":2}},"6":{"start":{"line":11,"column":2},"end":{"line":12,"column":10}},"7":{"start":{"line":12,"column":3},"end":{"line":12,"column":10}},"8":{"start":{"line":14,"column":2},"end":{"line":33,"column":3}},"9":{"start":{"line":15,"column":14},"end":{"line":15,"column":27}},"10":{"start":{"line":16,"column":3},"end":{"line":18,"column":4}},"11":{"start":{"line":17,"column":4},"end":{"line":17,"column":40}},"12":{"start":{"line":19,"column":16},"end":{"line":19,"column":24}},"13":{"start":{"line":21,"column":3},"end":{"line":21,"column":24}},"14":{"start":{"line":22,"column":3},"end":{"line":22,"column":21}},"15":{"start":{"line":24,"column":20},"end":{"line":24,"column":58}},"16":{"start":{"line":25,"column":3},"end":{"line":29,"column":6}},"17":{"start":{"line":31,"column":3},"end":{"line":31,"column":20}},"18":{"start":{"line":32,"column":3},"end":{"line":32,"column":32}},"19":{"start":{"line":37,"column":15},"end":{"line":56,"column":2}},"20":{"start":{"line":38,"column":2},"end":{"line":39,"column":10}},"21":{"start":{"line":39,"column":3},"end":{"line":39,"column":10}},"22":{"start":{"line":40,"column":2},"end":{"line":55,"column":3}},"23":{"start":{"line":41,"column":28},"end":{"line":41,"column":36}},"24":{"start":{"line":42,"column":19},"end":{"line":42,"column":35}},"25":{"start":{"line":43,"column":3},"end":{"line":43,"column":59}},"26":{"start":{"line":44,"column":3},"end":{"line":51,"column":6}},"27":{"start":{"line":53,"column":3},"end":{"line":53,"column":20}},"28":{"start":{"line":54,"column":3},"end":{"line":54,"column":32}},"29":{"start":{"line":57,"column":23},"end":{"line":77,"column":2}},"30":{"start":{"line":58,"column":2},"end":{"line":59,"column":10}},"31":{"start":{"line":59,"column":3},"end":{"line":59,"column":10}},"32":{"start":{"line":60,"column":2},"end":{"line":76,"column":3}},"33":{"start":{"line":61,"column":19},"end":{"line":61,"column":35}},"34":{"start":{"line":62,"column":20},"end":{"line":62,"column":54}},"35":{"start":{"line":63,"column":3},"end":{"line":63,"column":26}},"36":{"start":{"line":64,"column":3},"end":{"line":68,"column":6}},"37":{"start":{"line":70,"column":3},"end":{"line":70,"column":20}},"38":{"start":{"line":71,"column":3},"end":{"line":75,"column":6}},"39":{"start":{"line":79,"column":18},"end":{"line":104,"column":2}},"40":{"start":{"line":80,"column":2},"end":{"line":81,"column":10}},"41":{"start":{"line":81,"column":3},"end":{"line":81,"column":10}},"42":{"start":{"line":82,"column":2},"end":{"line":103,"column":3}},"43":{"start":{"line":83,"column":38},"end":{"line":83,"column":46}},"44":{"start":{"line":84,"column":19},"end":{"line":84,"column":35}},"45":{"start":{"line":85,"column":17},"end":{"line":85,"column":35}},"46":{"start":{"line":86,"column":3},"end":{"line":99,"column":4}},"47":{"start":{"line":87,"column":4},"end":{"line":87,"column":106}},"48":{"start":{"line":88,"column":4},"end":{"line":92,"column":7}},"49":{"start":{"line":94,"column":4},"end":{"line":98,"column":7}},"50":{"start":{"line":101,"column":3},"end":{"line":101,"column":20}},"51":{"start":{"line":102,"column":3},"end":{"line":102,"column":32}},"52":{"start":{"line":107,"column":2},"end":{"line":111,"column":3}},"53":{"start":{"line":109,"column":4},"end":{"line":109,"column":45}},"54":{"start":{"line":113,"column":25},"end":{"line":118,"column":2}},"55":{"start":{"line":114,"column":2},"end":{"line":117,"column":3}},"56":{"start":{"line":119,"column":34},"end":{"line":125,"column":2}},"57":{"start":{"line":120,"column":2},"end":{"line":124,"column":3}},"58":{"start":{"line":128,"column":0},"end":{"line":128,"column":33}}},"fnMap":{"0":{"name":"(anonymous_0)","decl":{"start":{"line":6,"column":1},"end":{"line":6,"column":2}},"loc":{"start":{"line":6,"column":15},"end":{"line":8,"column":2}},"line":6},"1":{"name":"(anonymous_1)","decl":{"start":{"line":10,"column":13},"end":{"line":10,"column":14}},"loc":{"start":{"line":10,"column":33},"end":{"line":35,"column":2}},"line":10},"2":{"name":"(anonymous_2)","decl":{"start":{"line":37,"column":15},"end":{"line":37,"column":16}},"loc":{"start":{"line":37,"column":35},"end":{"line":56,"column":2}},"line":37},"3":{"name":"(anonymous_3)","decl":{"start":{"line":57,"column":23},"end":{"line":57,"column":24}},"loc":{"start":{"line":57,"column":43},"end":{"line":77,"column":2}},"line":57},"4":{"name":"(anonymous_4)","decl":{"start":{"line":79,"column":18},"end":{"line":79,"column":19}},"loc":{"start":{"line":79,"column":38},"end":{"line":104,"column":2}},"line":79},"5":{"name":"(anonymous_5)","decl":{"start":{"line":106,"column":1},"end":{"line":106,"column":2}},"loc":{"start":{"line":106,"column":18},"end":{"line":112,"column":2}},"line":106},"6":{"name":"(anonymous_6)","decl":{"start":{"line":113,"column":25},"end":{"line":113,"column":26}},"loc":{"start":{"line":113,"column":31},"end":{"line":118,"column":2}},"line":113},"7":{"name":"(anonymous_7)","decl":{"start":{"line":119,"column":34},"end":{"line":119,"column":35}},"loc":{"start":{"line":119,"column":40},"end":{"line":125,"column":2}},"line":119}},"branchMap":{"0":{"loc":{"start":{"line":11,"column":2},"end":{"line":12,"column":10}},"type":"if","locations":[{"start":{"line":11,"column":2},"end":{"line":12,"column":10}},{"start":{},"end":{}}],"line":11},"1":{"loc":{"start":{"line":16,"column":3},"end":{"line":18,"column":4}},"type":"if","locations":[{"start":{"line":16,"column":3},"end":{"line":18,"column":4}},{"start":{},"end":{}}],"line":16},"2":{"loc":{"start":{"line":38,"column":2},"end":{"line":39,"column":10}},"type":"if","locations":[{"start":{"line":38,"column":2},"end":{"line":39,"column":10}},{"start":{},"end":{}}],"line":38},"3":{"loc":{"start":{"line":58,"column":2},"end":{"line":59,"column":10}},"type":"if","locations":[{"start":{"line":58,"column":2},"end":{"line":59,"column":10}},{"start":{},"end":{}}],"line":58},"4":{"loc":{"start":{"line":80,"column":2},"end":{"line":81,"column":10}},"type":"if","locations":[{"start":{"line":80,"column":2},"end":{"line":81,"column":10}},{"start":{},"end":{}}],"line":80},"5":{"loc":{"start":{"line":86,"column":3},"end":{"line":99,"column":4}},"type":"if","locations":[{"start":{"line":86,"column":3},"end":{"line":99,"column":4}},{"start":{"line":93,"column":10},"end":{"line":99,"column":4}}],"line":86},"6":{"loc":{"start":{"line":107,"column":2},"end":{"line":111,"column":3}},"type":"switch","locations":[{"start":{"line":108,"column":3},"end":{"line":110,"column":4}}],"line":107}},"s":{"0":9,"1":9,"2":9,"3":9,"4":9,"5":9,"6":1,"7":0,"8":1,"9":1,"10":1,"11":0,"12":1,"13":1,"14":1,"15":1,"16":1,"17":0,"18":0,"19":9,"20":0,"21":0,"22":0,"23":0,"24":0,"25":0,"26":0,"27":0,"28":0,"29":9,"30":0,"31":0,"32":0,"33":0,"34":0,"35":0,"36":0,"37":0,"38":0,"39":9,"40":0,"41":0,"42":0,"43":0,"44":0,"45":0,"46":0,"47":0,"48":0,"49":0,"50":0,"51":0,"52":0,"53":0,"54":9,"55":9,"56":9,"57":9,"58":9},"f":{"0":9,"1":1,"2":0,"3":0,"4":0,"5":0,"6":9,"7":9},"b":{"0":[0,1],"1":[0,1],"2":[0,0],"3":[0,0],"4":[0,0],"5":[0,0],"6":[0]},"_coverageSchema":"1a1c01bbd47fc00a2c39e90264f33305004495a9","hash":"ae54d5d6078aacf46ab171aa6c869e850ef4e983"}
,"/mnt/c/Users/Hp/Documents/project/mmr/backend/controllers/Appointment.controller.js": {"path":"/mnt/c/Users/Hp/Documents/project/mmr/backend/controllers/Appointment.controller.js","statementMap":{"0":{"start":{"line":2,"column":15},"end":{"line":2,"column":35}},"1":{"start":{"line":3,"column":27},"end":{"line":3,"column":69}},"2":{"start":{"line":4,"column":21},"end":{"line":4,"column":57}},"3":{"start":{"line":5,"column":23},"end":{"line":5,"column":61}},"4":{"start":{"line":6,"column":19},"end":{"line":6,"column":42}},"5":{"start":{"line":9,"column":2},"end":{"line":9,"column":56}},"6":{"start":{"line":11,"column":24},"end":{"line":33,"column":2}},"7":{"start":{"line":12,"column":2},"end":{"line":13,"column":10}},"8":{"start":{"line":13,"column":3},"end":{"line":13,"column":10}},"9":{"start":{"line":15,"column":2},"end":{"line":32,"column":3}},"10":{"start":{"line":16,"column":16},"end":{"line":16,"column":24}},"11":{"start":{"line":18,"column":3},"end":{"line":22,"column":4}},"12":{"start":{"line":19,"column":4},"end":{"line":19,"column":47}},"13":{"start":{"line":21,"column":4},"end":{"line":21,"column":36}},"14":{"start":{"line":23,"column":20},"end":{"line":23,"column":51}},"15":{"start":{"line":24,"column":3},"end":{"line":28,"column":6}},"16":{"start":{"line":30,"column":3},"end":{"line":30,"column":20}},"17":{"start":{"line":31,"column":3},"end":{"line":31,"column":32}},"18":{"start":{"line":34,"column":26},"end":{"line":55,"column":2}},"19":{"start":{"line":35,"column":2},"end":{"line":36,"column":10}},"20":{"start":{"line":36,"column":3},"end":{"line":36,"column":10}},"21":{"start":{"line":37,"column":2},"end":{"line":54,"column":3}},"22":{"start":{"line":38,"column":19},"end":{"line":38,"column":35}},"23":{"start":{"line":39,"column":20},"end":{"line":39,"column":71}},"24":{"start":{"line":40,"column":3},"end":{"line":46,"column":6}},"25":{"start":{"line":48,"column":3},"end":{"line":48,"column":20}},"26":{"start":{"line":49,"column":3},"end":{"line":53,"column":6}},"27":{"start":{"line":57,"column":21},"end":{"line":76,"column":2}},"28":{"start":{"line":58,"column":2},"end":{"line":59,"column":10}},"29":{"start":{"line":59,"column":3},"end":{"line":59,"column":10}},"30":{"start":{"line":60,"column":2},"end":{"line":75,"column":3}},"31":{"start":{"line":61,"column":19},"end":{"line":61,"column":35}},"32":{"start":{"line":62,"column":20},"end":{"line":62,"column":67}},"33":{"start":{"line":63,"column":3},"end":{"line":67,"column":6}},"34":{"start":{"line":69,"column":3},"end":{"line":69,"column":20}},"35":{"start":{"line":70,"column":3},"end":{"line":74,"column":6}},"36":{"start":{"line":78,"column":30},"end":{"line":109,"column":2}},"37":{"start":{"line":79,"column":2},"end":{"line":80,"column":10}},"38":{"start":{"line":80,"column":3},"end":{"line":80,"column":10}},"39":{"start":{"line":81,"column":2},"end":{"line":108,"column":3}},"40":{"start":{"line":82,"column":25},"end":{"line":82,"column":34}},"41":{"start":{"line":83,"column":3},"end":{"line":85,"column":4}},"42":{"start":{"line":84,"column":4},"end":{"line":84,"column":13}},"43":{"start":{"line":86,"column":3},"end":{"line":88,"column":4}},"44":{"start":{"line":87,"column":4},"end":{"line":87,"column":14}},"45":{"start":{"line":89,"column":19},"end":{"line":89,"column":35}},"46":{"start":{"line":90,"column":20},"end":{"line":90,"column":84}},"47":{"start":{"line":91,"column":3},"end":{"line":100,"column":6}},"48":{"start":{"line":102,"column":3},"end":{"line":102,"column":20}},"49":{"start":{"line":103,"column":3},"end":{"line":107,"column":6}},"50":{"start":{"line":111,"column":29},"end":{"line":131,"column":2}},"51":{"start":{"line":112,"column":2},"end":{"line":113,"column":10}},"52":{"start":{"line":113,"column":3},"end":{"line":113,"column":10}},"53":{"start":{"line":114,"column":2},"end":{"line":130,"column":3}},"54":{"start":{"line":115,"column":26},"end":{"line":115,"column":39}},"55":{"start":{"line":116,"column":19},"end":{"line":116,"column":35}},"56":{"start":{"line":117,"column":20},"end":{"line":117,"column":85}},"57":{"start":{"line":118,"column":3},"end":{"line":122,"column":6}},"58":{"start":{"line":124,"column":3},"end":{"line":124,"column":20}},"59":{"start":{"line":125,"column":3},"end":{"line":129,"column":6}},"60":{"start":{"line":133,"column":28},"end":{"line":155,"column":2}},"61":{"start":{"line":134,"column":2},"end":{"line":135,"column":10}},"62":{"start":{"line":135,"column":3},"end":{"line":135,"column":10}},"63":{"start":{"line":137,"column":2},"end":{"line":153,"column":3}},"64":{"start":{"line":138,"column":14},"end":{"line":138,"column":27}},"65":{"start":{"line":139,"column":3},"end":{"line":141,"column":4}},"66":{"start":{"line":140,"column":4},"end":{"line":140,"column":40}},"67":{"start":{"line":142,"column":16},"end":{"line":142,"column":24}},"68":{"start":{"line":143,"column":19},"end":{"line":143,"column":35}},"69":{"start":{"line":144,"column":20},"end":{"line":144,"column":82}},"70":{"start":{"line":145,"column":3},"end":{"line":149,"column":6}},"71":{"start":{"line":151,"column":3},"end":{"line":151,"column":20}},"72":{"start":{"line":152,"column":3},"end":{"line":152,"column":32}},"73":{"start":{"line":157,"column":28},"end":{"line":179,"column":2}},"74":{"start":{"line":158,"column":2},"end":{"line":159,"column":10}},"75":{"start":{"line":159,"column":3},"end":{"line":159,"column":10}},"76":{"start":{"line":161,"column":2},"end":{"line":178,"column":3}},"77":{"start":{"line":162,"column":14},"end":{"line":162,"column":27}},"78":{"start":{"line":163,"column":3},"end":{"line":165,"column":4}},"79":{"start":{"line":164,"column":4},"end":{"line":164,"column":40}},"80":{"start":{"line":166,"column":19},"end":{"line":166,"column":35}},"81":{"start":{"line":167,"column":20},"end":{"line":167,"column":76}},"82":{"start":{"line":168,"column":3},"end":{"line":174,"column":6}},"83":{"start":{"line":176,"column":3},"end":{"line":176,"column":20}},"84":{"start":{"line":177,"column":3},"end":{"line":177,"column":32}},"85":{"start":{"line":181,"column":28},"end":{"line":225,"column":2}},"86":{"start":{"line":182,"column":2},"end":{"line":183,"column":10}},"87":{"start":{"line":183,"column":3},"end":{"line":183,"column":10}},"88":{"start":{"line":185,"column":2},"end":{"line":223,"column":3}},"89":{"start":{"line":186,"column":18},"end":{"line":186,"column":28}},"90":{"start":{"line":187,"column":30},"end":{"line":187,"column":39}},"91":{"start":{"line":188,"column":37},"end":{"line":188,"column":45}},"92":{"start":{"line":189,"column":23},"end":{"line":189,"column":69}},"93":{"start":{"line":190,"column":3},"end":{"line":192,"column":4}},"94":{"start":{"line":191,"column":4},"end":{"line":191,"column":38}},"95":{"start":{"line":193,"column":20},"end":{"line":193,"column":73}},"96":{"start":{"line":195,"column":24},"end":{"line":195,"column":42}},"97":{"start":{"line":198,"column":3},"end":{"line":201,"column":5}},"98":{"start":{"line":202,"column":3},"end":{"line":214,"column":4}},"99":{"start":{"line":203,"column":27},"end":{"line":203,"column":47}},"100":{"start":{"line":204,"column":20},"end":{"line":211,"column":5}},"101":{"start":{"line":213,"column":4},"end":{"line":213,"column":38}},"102":{"start":{"line":215,"column":3},"end":{"line":219,"column":6}},"103":{"start":{"line":221,"column":3},"end":{"line":221,"column":20}},"104":{"start":{"line":222,"column":3},"end":{"line":222,"column":32}},"105":{"start":{"line":226,"column":28},"end":{"line":255,"column":2}},"106":{"start":{"line":227,"column":2},"end":{"line":228,"column":10}},"107":{"start":{"line":228,"column":3},"end":{"line":228,"column":10}},"108":{"start":{"line":230,"column":2},"end":{"line":254,"column":3}},"109":{"start":{"line":231,"column":18},"end":{"line":231,"column":28}},"110":{"start":{"line":232,"column":23},"end":{"line":232,"column":67}},"111":{"start":{"line":233,"column":3},"end":{"line":235,"column":4}},"112":{"start":{"line":234,"column":4},"end":{"line":234,"column":38}},"113":{"start":{"line":236,"column":20},"end":{"line":236,"column":50}},"114":{"start":{"line":238,"column":24},"end":{"line":238,"column":42}},"115":{"start":{"line":241,"column":3},"end":{"line":244,"column":5}},"116":{"start":{"line":246,"column":3},"end":{"line":250,"column":6}},"117":{"start":{"line":252,"column":3},"end":{"line":252,"column":20}},"118":{"start":{"line":253,"column":3},"end":{"line":253,"column":32}},"119":{"start":{"line":257,"column":11},"end":{"line":300,"column":2}},"120":{"start":{"line":258,"column":2},"end":{"line":259,"column":10}},"121":{"start":{"line":259,"column":3},"end":{"line":259,"column":10}},"122":{"start":{"line":261,"column":2},"end":{"line":298,"column":3}},"123":{"start":{"line":262,"column":18},"end":{"line":262,"column":28}},"124":{"start":{"line":263,"column":30},"end":{"line":263,"column":39}},"125":{"start":{"line":264,"column":37},"end":{"line":264,"column":45}},"126":{"start":{"line":265,"column":20},"end":{"line":265,"column":73}},"127":{"start":{"line":266,"column":23},"end":{"line":266,"column":69}},"128":{"start":{"line":267,"column":24},"end":{"line":267,"column":42}},"129":{"start":{"line":270,"column":3},"end":{"line":273,"column":5}},"130":{"start":{"line":274,"column":3},"end":{"line":286,"column":4}},"131":{"start":{"line":275,"column":27},"end":{"line":275,"column":47}},"132":{"start":{"line":276,"column":20},"end":{"line":283,"column":5}},"133":{"start":{"line":285,"column":4},"end":{"line":285,"column":38}},"134":{"start":{"line":289,"column":3},"end":{"line":294,"column":6}},"135":{"start":{"line":296,"column":3},"end":{"line":296,"column":20}},"136":{"start":{"line":297,"column":3},"end":{"line":297,"column":32}},"137":{"start":{"line":302,"column":11},"end":{"line":327,"column":2}},"138":{"start":{"line":303,"column":2},"end":{"line":304,"column":10}},"139":{"start":{"line":304,"column":3},"end":{"line":304,"column":10}},"140":{"start":{"line":306,"column":2},"end":{"line":326,"column":3}},"141":{"start":{"line":307,"column":18},"end":{"line":307,"column":28}},"142":{"start":{"line":308,"column":20},"end":{"line":308,"column":50}},"143":{"start":{"line":309,"column":23},"end":{"line":309,"column":69}},"144":{"start":{"line":310,"column":24},"end":{"line":310,"column":42}},"145":{"start":{"line":313,"column":3},"end":{"line":316,"column":5}},"146":{"start":{"line":318,"column":3},"end":{"line":322,"column":6}},"147":{"start":{"line":324,"column":3},"end":{"line":324,"column":20}},"148":{"start":{"line":325,"column":3},"end":{"line":325,"column":32}},"149":{"start":{"line":331,"column":2},"end":{"line":333,"column":3}},"150":{"start":{"line":334,"column":2},"end":{"line":334,"column":12}},"151":{"start":{"line":338,"column":0},"end":{"line":338,"column":39}}},"fnMap":{"0":{"name":"(anonymous_0)","decl":{"start":{"line":8,"column":1},"end":{"line":8,"column":2}},"loc":{"start":{"line":8,"column":15},"end":{"line":10,"column":2}},"line":8},"1":{"name":"(anonymous_1)","decl":{"start":{"line":11,"column":24},"end":{"line":11,"column":25}},"loc":{"start":{"line":11,"column":44},"end":{"line":33,"column":2}},"line":11},"2":{"name":"(anonymous_2)","decl":{"start":{"line":34,"column":26},"end":{"line":34,"column":27}},"loc":{"start":{"line":34,"column":46},"end":{"line":55,"column":2}},"line":34},"3":{"name":"(anonymous_3)","decl":{"start":{"line":57,"column":21},"end":{"line":57,"column":22}},"loc":{"start":{"line":57,"column":41},"end":{"line":76,"column":2}},"line":57},"4":{"name":"(anonymous_4)","decl":{"start":{"line":78,"column":30},"end":{"line":78,"column":31}},"loc":{"start":{"line":78,"column":50},"end":{"line":109,"column":2}},"line":78},"5":{"name":"(anonymous_5)","decl":{"start":{"line":111,"column":29},"end":{"line":111,"column":30}},"loc":{"start":{"line":111,"column":49},"end":{"line":131,"column":2}},"line":111},"6":{"name":"(anonymous_6)","decl":{"start":{"line":133,"column":28},"end":{"line":133,"column":29}},"loc":{"start":{"line":133,"column":48},"end":{"line":155,"column":2}},"line":133},"7":{"name":"(anonymous_7)","decl":{"start":{"line":157,"column":28},"end":{"line":157,"column":29}},"loc":{"start":{"line":157,"column":48},"end":{"line":179,"column":2}},"line":157},"8":{"name":"(anonymous_8)","decl":{"start":{"line":181,"column":28},"end":{"line":181,"column":29}},"loc":{"start":{"line":181,"column":48},"end":{"line":225,"column":2}},"line":181},"9":{"name":"(anonymous_9)","decl":{"start":{"line":226,"column":28},"end":{"line":226,"column":29}},"loc":{"start":{"line":226,"column":48},"end":{"line":255,"column":2}},"line":226},"10":{"name":"(anonymous_10)","decl":{"start":{"line":257,"column":11},"end":{"line":257,"column":12}},"loc":{"start":{"line":257,"column":31},"end":{"line":300,"column":2}},"line":257},"11":{"name":"(anonymous_11)","decl":{"start":{"line":302,"column":11},"end":{"line":302,"column":12}},"loc":{"start":{"line":302,"column":31},"end":{"line":327,"column":2}},"line":302},"12":{"name":"(anonymous_12)","decl":{"start":{"line":330,"column":1},"end":{"line":330,"column":2}},"loc":{"start":{"line":330,"column":18},"end":{"line":335,"column":2}},"line":330}},"branchMap":{"0":{"loc":{"start":{"line":12,"column":2},"end":{"line":13,"column":10}},"type":"if","locations":[{"start":{"line":12,"column":2},"end":{"line":13,"column":10}},{"start":{},"end":{}}],"line":12},"1":{"loc":{"start":{"line":18,"column":3},"end":{"line":22,"column":4}},"type":"if","locations":[{"start":{"line":18,"column":3},"end":{"line":22,"column":4}},{"start":{"line":20,"column":8},"end":{"line":22,"column":4}}],"line":18},"2":{"loc":{"start":{"line":35,"column":2},"end":{"line":36,"column":10}},"type":"if","locations":[{"start":{"line":35,"column":2},"end":{"line":36,"column":10}},{"start":{},"end":{}}],"line":35},"3":{"loc":{"start":{"line":58,"column":2},"end":{"line":59,"column":10}},"type":"if","locations":[{"start":{"line":58,"column":2},"end":{"line":59,"column":10}},{"start":{},"end":{}}],"line":58},"4":{"loc":{"start":{"line":79,"column":2},"end":{"line":80,"column":10}},"type":"if","locations":[{"start":{"line":79,"column":2},"end":{"line":80,"column":10}},{"start":{},"end":{}}],"line":79},"5":{"loc":{"start":{"line":83,"column":3},"end":{"line":85,"column":4}},"type":"if","locations":[{"start":{"line":83,"column":3},"end":{"line":85,"column":4}},{"start":{},"end":{}}],"line":83},"6":{"loc":{"start":{"line":86,"column":3},"end":{"line":88,"column":4}},"type":"if","locations":[{"start":{"line":86,"column":3},"end":{"line":88,"column":4}},{"start":{},"end":{}}],"line":86},"7":{"loc":{"start":{"line":112,"column":2},"end":{"line":113,"column":10}},"type":"if","locations":[{"start":{"line":112,"column":2},"end":{"line":113,"column":10}},{"start":{},"end":{}}],"line":112},"8":{"loc":{"start":{"line":134,"column":2},"end":{"line":135,"column":10}},"type":"if","locations":[{"start":{"line":134,"column":2},"end":{"line":135,"column":10}},{"start":{},"end":{}}],"line":134},"9":{"loc":{"start":{"line":139,"column":3},"end":{"line":141,"column":4}},"type":"if","locations":[{"start":{"line":139,"column":3},"end":{"line":141,"column":4}},{"start":{},"end":{}}],"line":139},"10":{"loc":{"start":{"line":158,"column":2},"end":{"line":159,"column":10}},"type":"if","locations":[{"start":{"line":158,"column":2},"end":{"line":159,"column":10}},{"start":{},"end":{}}],"line":158},"11":{"loc":{"start":{"line":163,"column":3},"end":{"line":165,"column":4}},"type":"if","locations":[{"start":{"line":163,"column":3},"end":{"line":165,"column":4}},{"start":{},"end":{}}],"line":163},"12":{"loc":{"start":{"line":182,"column":2},"end":{"line":183,"column":10}},"type":"if","locations":[{"start":{"line":182,"column":2},"end":{"line":183,"column":10}},{"start":{},"end":{}}],"line":182},"13":{"loc":{"start":{"line":190,"column":3},"end":{"line":192,"column":4}},"type":"if","locations":[{"start":{"line":190,"column":3},"end":{"line":192,"column":4}},{"start":{},"end":{}}],"line":190},"14":{"loc":{"start":{"line":190,"column":7},"end":{"line":190,"column":113}},"type":"binary-expr","locations":[{"start":{"line":190,"column":7},"end":{"line":190,"column":53}},{"start":{"line":190,"column":57},"end":{"line":190,"column":113}}],"line":190},"15":{"loc":{"start":{"line":202,"column":3},"end":{"line":214,"column":4}},"type":"if","locations":[{"start":{"line":202,"column":3},"end":{"line":214,"column":4}},{"start":{},"end":{}}],"line":202},"16":{"loc":{"start":{"line":227,"column":2},"end":{"line":228,"column":10}},"type":"if","locations":[{"start":{"line":227,"column":2},"end":{"line":228,"column":10}},{"start":{},"end":{}}],"line":227},"17":{"loc":{"start":{"line":233,"column":3},"end":{"line":235,"column":4}},"type":"if","locations":[{"start":{"line":233,"column":3},"end":{"line":235,"column":4}},{"start":{},"end":{}}],"line":233},"18":{"loc":{"start":{"line":233,"column":7},"end":{"line":233,"column":113}},"type":"binary-expr","locations":[{"start":{"line":233,"column":7},"end":{"line":233,"column":53}},{"start":{"line":233,"column":57},"end":{"line":233,"column":113}}],"line":233},"19":{"loc":{"start":{"line":258,"column":2},"end":{"line":259,"column":10}},"type":"if","locations":[{"start":{"line":258,"column":2},"end":{"line":259,"column":10}},{"start":{},"end":{}}],"line":258},"20":{"loc":{"start":{"line":274,"column":3},"end":{"line":286,"column":4}},"type":"if","locations":[{"start":{"line":274,"column":3},"end":{"line":286,"column":4}},{"start":{},"end":{}}],"line":274},"21":{"loc":{"start":{"line":292,"column":13},"end":{"line":292,"column":112}},"type":"cond-expr","locations":[{"start":{"line":292,"column":30},"end":{"line":292,"column":68}},{"start":{"line":292,"column":71},"end":{"line":292,"column":112}}],"line":292},"22":{"loc":{"start":{"line":303,"column":2},"end":{"line":304,"column":10}},"type":"if","locations":[{"start":{"line":303,"column":2},"end":{"line":304,"column":10}},{"start":{},"end":{}}],"line":303}},"s":{"0":9,"1":9,"2":9,"3":9,"4":9,"5":9,"6":9,"7":1,"8":0,"9":1,"10":1,"11":1,"12":0,"13":1,"14":1,"15":1,"16":0,"17":0,"18":9,"19":1,"20":0,"21":1,"22":1,"23":1,"24":1,"25":0,"26":0,"27":9,"28":1,"29":0,"30":1,"31":1,"32":1,"33":1,"34":0,"35":0,"36":9,"37":4,"38":0,"39":4,"40":4,"41":4,"42":0,"43":4,"44":0,"45":4,"46":4,"47":4,"48":0,"49":0,"50":9,"51":1,"52":0,"53":1,"54":1,"55":1,"56":1,"57":1,"58":0,"59":0,"60":9,"61":2,"62":0,"63":2,"64":2,"65":2,"66":0,"67":2,"68":2,"69":2,"70":2,"71":0,"72":0,"73":9,"74":2,"75":0,"76":2,"77":2,"78":2,"79":0,"80":2,"81":2,"82":2,"83":0,"84":0,"85":9,"86":2,"87":0,"88":2,"89":2,"90":2,"91":2,"92":2,"93":2,"94":0,"95":2,"96":2,"97":2,"98":2,"99":1,"100":1,"101":1,"102":2,"103":0,"104":0,"105":9,"106":1,"107":0,"108":1,"109":1,"110":1,"111":1,"112":0,"113":1,"114":1,"115":1,"116":1,"117":0,"118":0,"119":9,"120":2,"121":0,"122":2,"123":2,"124":2,"125":2,"126":2,"127":2,"128":2,"129":2,"130":2,"131":1,"132":1,"133":1,"134":2,"135":0,"136":0,"137":9,"138":1,"139":0,"140":1,"141":1,"142":1,"143":1,"144":1,"145":1,"146":1,"147":0,"148":0,"149":0,"150":0,"151":9},"f":{"0":9,"1":1,"2":1,"3":1,"4":4,"5":1,"6":2,"7":2,"8":2,"9":1,"10":2,"11":1,"12":0},"b":{"0":[0,1],"1":[0,1],"2":[0,1],"3":[0,1],"4":[0,4],"5":[0,4],"6":[0,4],"7":[0,1],"8":[0,2],"9":[0,2],"10":[0,2],"11":[0,2],"12":[0,2],"13":[0,2],"14":[2,2],"15":[1,1],"16":[0,1],"17":[0,1],"18":[1,1],"19":[0,2],"20":[1,1],"21":[1,1],"22":[0,1]},"_coverageSchema":"1a1c01bbd47fc00a2c39e90264f33305004495a9","hash":"dd1f78f82af623b9d8c98715a86d06fdacf0f575"}
,"/mnt/c/Users/Hp/Documents/project/mmr/backend/controllers/Authentication.controller.js": {"path":"/mnt/c/Users/Hp/Documents/project/mmr/backend/controllers/Authentication.controller.js","statementMap":{"0":{"start":{"line":1,"column":21},"end":{"line":1,"column":57}},"1":{"start":{"line":2,"column":20},"end":{"line":2,"column":55}},"2":{"start":{"line":3,"column":19},"end":{"line":3,"column":42}},"3":{"start":{"line":4,"column":17},"end":{"line":4,"column":45}},"4":{"start":{"line":5,"column":30},"end":{"line":5,"column":71}},"5":{"start":{"line":6,"column":15},"end":{"line":6,"column":32}},"6":{"start":{"line":7,"column":21},"end":{"line":7,"column":57}},"7":{"start":{"line":8,"column":28},"end":{"line":8,"column":71}},"8":{"start":{"line":12,"column":2},"end":{"line":20,"column":5}},"9":{"start":{"line":13,"column":3},"end":{"line":13,"column":43}},"10":{"start":{"line":14,"column":7},"end":{"line":20,"column":5}},"11":{"start":{"line":15,"column":3},"end":{"line":15,"column":45}},"12":{"start":{"line":17,"column":3},"end":{"line":20,"column":5}},"13":{"start":{"line":21,"column":2},"end":{"line":21,"column":19}},"14":{"start":{"line":23,"column":15},"end":{"line":46,"column":2}},"15":{"start":{"line":24,"column":2},"end":{"line":45,"column":3}},"16":{"start":{"line":25,"column":18},"end":{"line":25,"column":39}},"17":{"start":{"line":26,"column":3},"end":{"line":29,"column":4}},"18":{"start":{"line":27,"column":4},"end":{"line":27,"column":40}},"19":{"start":{"line":28,"column":4},"end":{"line":28,"column":11}},"20":{"start":{"line":30,"column":16},"end":{"line":36,"column":4}},"21":{"start":{"line":37,"column":3},"end":{"line":37,"column":35}},"22":{"start":{"line":38,"column":3},"end":{"line":38,"column":43}},"23":{"start":{"line":40,"column":3},"end":{"line":44,"column":4}},"24":{"start":{"line":41,"column":4},"end":{"line":41,"column":10}},"25":{"start":{"line":43,"column":4},"end":{"line":43,"column":21}},"26":{"start":{"line":48,"column":9},"end":{"line":88,"column":2}},"27":{"start":{"line":49,"column":2},"end":{"line":50,"column":10}},"28":{"start":{"line":50,"column":3},"end":{"line":50,"column":10}},"29":{"start":{"line":51,"column":2},"end":{"line":87,"column":3}},"30":{"start":{"line":52,"column":49},"end":{"line":52,"column":57}},"31":{"start":{"line":53,"column":3},"end":{"line":78,"column":4}},"32":{"start":{"line":54,"column":20},"end":{"line":54,"column":56}},"33":{"start":{"line":56,"column":21},"end":{"line":63,"column":5}},"34":{"start":{"line":64,"column":4},"end":{"line":71,"column":5}},"35":{"start":{"line":65,"column":27},"end":{"line":65,"column":95}},"36":{"start":{"line":66,"column":5},"end":{"line":70,"column":6}},"37":{"start":{"line":67,"column":6},"end":{"line":67,"column":54}},"38":{"start":{"line":69,"column":6},"end":{"line":69,"column":41}},"39":{"start":{"line":72,"column":4},"end":{"line":77,"column":7}},"40":{"start":{"line":79,"column":3},"end":{"line":83,"column":6}},"41":{"start":{"line":85,"column":3},"end":{"line":85,"column":20}},"42":{"start":{"line":86,"column":3},"end":{"line":86,"column":32}},"43":{"start":{"line":90,"column":14},"end":{"line":110,"column":2}},"44":{"start":{"line":91,"column":2},"end":{"line":92,"column":10}},"45":{"start":{"line":92,"column":3},"end":{"line":92,"column":10}},"46":{"start":{"line":93,"column":2},"end":{"line":109,"column":3}},"47":{"start":{"line":94,"column":40},"end":{"line":94,"column":48}},"48":{"start":{"line":95,"column":19},"end":{"line":95,"column":35}},"49":{"start":{"line":96,"column":3},"end":{"line":96,"column":71}},"50":{"start":{"line":97,"column":3},"end":{"line":105,"column":6}},"51":{"start":{"line":107,"column":3},"end":{"line":107,"column":20}},"52":{"start":{"line":108,"column":3},"end":{"line":108,"column":32}},"53":{"start":{"line":112,"column":18},"end":{"line":137,"column":2}},"54":{"start":{"line":113,"column":2},"end":{"line":114,"column":10}},"55":{"start":{"line":114,"column":3},"end":{"line":114,"column":10}},"56":{"start":{"line":115,"column":2},"end":{"line":136,"column":3}},"57":{"start":{"line":116,"column":38},"end":{"line":116,"column":46}},"58":{"start":{"line":117,"column":19},"end":{"line":117,"column":35}},"59":{"start":{"line":118,"column":17},"end":{"line":118,"column":35}},"60":{"start":{"line":119,"column":3},"end":{"line":132,"column":4}},"61":{"start":{"line":120,"column":4},"end":{"line":120,"column":106}},"62":{"start":{"line":121,"column":4},"end":{"line":125,"column":7}},"63":{"start":{"line":127,"column":4},"end":{"line":131,"column":7}},"64":{"start":{"line":134,"column":3},"end":{"line":134,"column":20}},"65":{"start":{"line":135,"column":3},"end":{"line":135,"column":32}},"66":{"start":{"line":139,"column":12},"end":{"line":163,"column":2}},"67":{"start":{"line":140,"column":2},"end":{"line":162,"column":3}},"68":{"start":{"line":141,"column":3},"end":{"line":142,"column":11}},"69":{"start":{"line":142,"column":4},"end":{"line":142,"column":11}},"70":{"start":{"line":143,"column":50},"end":{"line":143,"column":58}},"71":{"start":{"line":144,"column":20},"end":{"line":144,"column":85}},"72":{"start":{"line":146,"column":3},"end":{"line":150,"column":6}},"73":{"start":{"line":152,"column":3},"end":{"line":159,"column":4}},"74":{"start":{"line":153,"column":4},"end":{"line":157,"column":7}},"75":{"start":{"line":158,"column":4},"end":{"line":158,"column":10}},"76":{"start":{"line":160,"column":3},"end":{"line":160,"column":20}},"77":{"start":{"line":161,"column":3},"end":{"line":161,"column":32}},"78":{"start":{"line":165,"column":12},"end":{"line":189,"column":2}},"79":{"start":{"line":166,"column":2},"end":{"line":188,"column":3}},"80":{"start":{"line":167,"column":3},"end":{"line":168,"column":11}},"81":{"start":{"line":168,"column":4},"end":{"line":168,"column":11}},"82":{"start":{"line":169,"column":44},"end":{"line":169,"column":52}},"83":{"start":{"line":170,"column":20},"end":{"line":170,"column":80}},"84":{"start":{"line":172,"column":3},"end":{"line":176,"column":6}},"85":{"start":{"line":178,"column":3},"end":{"line":185,"column":4}},"86":{"start":{"line":179,"column":4},"end":{"line":183,"column":7}},"87":{"start":{"line":184,"column":4},"end":{"line":184,"column":10}},"88":{"start":{"line":186,"column":3},"end":{"line":186,"column":20}},"89":{"start":{"line":187,"column":3},"end":{"line":187,"column":32}},"90":{"start":{"line":191,"column":18},"end":{"line":228,"column":2}},"91":{"start":{"line":192,"column":2},"end":{"line":193,"column":10}},"92":{"start":{"line":193,"column":3},"end":{"line":193,"column":10}},"93":{"start":{"line":195,"column":2},"end":{"line":227,"column":3}},"94":{"start":{"line":197,"column":16},"end":{"line":197,"column":52}},"95":{"start":{"line":199,"column":3},"end":{"line":201,"column":4}},"96":{"start":{"line":200,"column":4},"end":{"line":200,"column":41}},"97":{"start":{"line":203,"column":14},"end":{"line":203,"column":52}},"98":{"start":{"line":204,"column":30},"end":{"line":207,"column":4}},"99":{"start":{"line":210,"column":18},"end":{"line":210,"column":73}},"100":{"start":{"line":213,"column":3},"end":{"line":222,"column":4}},"101":{"start":{"line":214,"column":4},"end":{"line":214,"column":63}},"102":{"start":{"line":215,"column":4},"end":{"line":219,"column":7}},"103":{"start":{"line":221,"column":4},"end":{"line":221,"column":37}},"104":{"start":{"line":225,"column":3},"end":{"line":225,"column":20}},"105":{"start":{"line":226,"column":3},"end":{"line":226,"column":32}},"106":{"start":{"line":230,"column":18},"end":{"line":235,"column":2}},"107":{"start":{"line":231,"column":2},"end":{"line":234,"column":3}},"108":{"start":{"line":237,"column":21},"end":{"line":239,"column":2}},"109":{"start":{"line":238,"column":2},"end":{"line":238,"column":95}},"110":{"start":{"line":241,"column":27},"end":{"line":249,"column":2}},"111":{"start":{"line":242,"column":2},"end":{"line":248,"column":3}},"112":{"start":{"line":251,"column":26},"end":{"line":262,"column":2}},"113":{"start":{"line":252,"column":2},"end":{"line":261,"column":3}},"114":{"start":{"line":264,"column":24},"end":{"line":273,"column":2}},"115":{"start":{"line":265,"column":2},"end":{"line":272,"column":3}},"116":{"start":{"line":274,"column":33},"end":{"line":280,"column":2}},"117":{"start":{"line":275,"column":2},"end":{"line":279,"column":3}},"118":{"start":{"line":283,"column":0},"end":{"line":283,"column":42}}},"fnMap":{"0":{"name":"(anonymous_0)","decl":{"start":{"line":11,"column":1},"end":{"line":11,"column":2}},"loc":{"start":{"line":11,"column":19},"end":{"line":22,"column":2}},"line":11},"1":{"name":"(anonymous_1)","decl":{"start":{"line":23,"column":15},"end":{"line":23,"column":16}},"loc":{"start":{"line":23,"column":27},"end":{"line":46,"column":2}},"line":23},"2":{"name":"(anonymous_2)","decl":{"start":{"line":48,"column":9},"end":{"line":48,"column":10}},"loc":{"start":{"line":48,"column":29},"end":{"line":88,"column":2}},"line":48},"3":{"name":"(anonymous_3)","decl":{"start":{"line":90,"column":14},"end":{"line":90,"column":15}},"loc":{"start":{"line":90,"column":34},"end":{"line":110,"column":2}},"line":90},"4":{"name":"(anonymous_4)","decl":{"start":{"line":112,"column":18},"end":{"line":112,"column":19}},"loc":{"start":{"line":112,"column":38},"end":{"line":137,"column":2}},"line":112},"5":{"name":"(anonymous_5)","decl":{"start":{"line":139,"column":12},"end":{"line":139,"column":13}},"loc":{"start":{"line":139,"column":32},"end":{"line":163,"column":2}},"line":139},"6":{"name":"(anonymous_6)","decl":{"start":{"line":165,"column":12},"end":{"line":165,"column":13}},"loc":{"start":{"line":165,"column":32},"end":{"line":189,"column":2}},"line":165},"7":{"name":"(anonymous_7)","decl":{"start":{"line":191,"column":18},"end":{"line":191,"column":19}},"loc":{"start":{"line":191,"column":37},"end":{"line":228,"column":2}},"line":191},"8":{"name":"(anonymous_8)","decl":{"start":{"line":230,"column":18},"end":{"line":230,"column":19}},"loc":{"start":{"line":230,"column":24},"end":{"line":235,"column":2}},"line":230},"9":{"name":"(anonymous_9)","decl":{"start":{"line":237,"column":21},"end":{"line":237,"column":22}},"loc":{"start":{"line":237,"column":27},"end":{"line":239,"column":2}},"line":237},"10":{"name":"(anonymous_10)","decl":{"start":{"line":241,"column":27},"end":{"line":241,"column":28}},"loc":{"start":{"line":241,"column":33},"end":{"line":249,"column":2}},"line":241},"11":{"name":"(anonymous_11)","decl":{"start":{"line":251,"column":26},"end":{"line":251,"column":27}},"loc":{"start":{"line":251,"column":32},"end":{"line":262,"column":2}},"line":251},"12":{"name":"(anonymous_12)","decl":{"start":{"line":264,"column":24},"end":{"line":264,"column":25}},"loc":{"start":{"line":264,"column":30},"end":{"line":273,"column":2}},"line":264},"13":{"name":"(anonymous_13)","decl":{"start":{"line":274,"column":33},"end":{"line":274,"column":34}},"loc":{"start":{"line":274,"column":39},"end":{"line":280,"column":2}},"line":274}},"branchMap":{"0":{"loc":{"start":{"line":12,"column":2},"end":{"line":20,"column":5}},"type":"if","locations":[{"start":{"line":12,"column":2},"end":{"line":20,"column":5}},{"start":{"line":14,"column":7},"end":{"line":20,"column":5}}],"line":12},"1":{"loc":{"start":{"line":14,"column":7},"end":{"line":20,"column":5}},"type":"if","locations":[{"start":{"line":14,"column":7},"end":{"line":20,"column":5}},{"start":{"line":17,"column":3},"end":{"line":20,"column":5}}],"line":14},"2":{"loc":{"start":{"line":26,"column":3},"end":{"line":29,"column":4}},"type":"if","locations":[{"start":{"line":26,"column":3},"end":{"line":29,"column":4}},{"start":{},"end":{}}],"line":26},"3":{"loc":{"start":{"line":40,"column":3},"end":{"line":44,"column":4}},"type":"if","locations":[{"start":{"line":40,"column":3},"end":{"line":44,"column":4}},{"start":{"line":42,"column":8},"end":{"line":44,"column":4}}],"line":40},"4":{"loc":{"start":{"line":49,"column":2},"end":{"line":50,"column":10}},"type":"if","locations":[{"start":{"line":49,"column":2},"end":{"line":50,"column":10}},{"start":{},"end":{}}],"line":49},"5":{"loc":{"start":{"line":52,"column":28},"end":{"line":52,"column":44}},"type":"default-arg","locations":[{"start":{"line":52,"column":39},"end":{"line":52,"column":44}}],"line":52},"6":{"loc":{"start":{"line":53,"column":3},"end":{"line":78,"column":4}},"type":"if","locations":[{"start":{"line":53,"column":3},"end":{"line":78,"column":4}},{"start":{},"end":{}}],"line":53},"7":{"loc":{"start":{"line":61,"column":11},"end":{"line":61,"column":57}},"type":"cond-expr","locations":[{"start":{"line":61,"column":35},"end":{"line":61,"column":42}},{"start":{"line":61,"column":45},"end":{"line":61,"column":57}}],"line":61},"8":{"loc":{"start":{"line":64,"column":4},"end":{"line":71,"column":5}},"type":"if","locations":[{"start":{"line":64,"column":4},"end":{"line":71,"column":5}},{"start":{},"end":{}}],"line":64},"9":{"loc":{"start":{"line":66,"column":5},"end":{"line":70,"column":6}},"type":"if","locations":[{"start":{"line":66,"column":5},"end":{"line":70,"column":6}},{"start":{"line":68,"column":10},"end":{"line":70,"column":6}}],"line":66},"10":{"loc":{"start":{"line":91,"column":2},"end":{"line":92,"column":10}},"type":"if","locations":[{"start":{"line":91,"column":2},"end":{"line":92,"column":10}},{"start":{},"end":{}}],"line":91},"11":{"loc":{"start":{"line":113,"column":2},"end":{"line":114,"column":10}},"type":"if","locations":[{"start":{"line":113,"column":2},"end":{"line":114,"column":10}},{"start":{},"end":{}}],"line":113},"12":{"loc":{"start":{"line":119,"column":3},"end":{"line":132,"column":4}},"type":"if","locations":[{"start":{"line":119,"column":3},"end":{"line":132,"column":4}},{"start":{"line":126,"column":8},"end":{"line":132,"column":4}}],"line":119},"13":{"loc":{"start":{"line":141,"column":3},"end":{"line":142,"column":11}},"type":"if","locations":[{"start":{"line":141,"column":3},"end":{"line":142,"column":11}},{"start":{},"end":{}}],"line":141},"14":{"loc":{"start":{"line":152,"column":3},"end":{"line":159,"column":4}},"type":"if","locations":[{"start":{"line":152,"column":3},"end":{"line":159,"column":4}},{"start":{},"end":{}}],"line":152},"15":{"loc":{"start":{"line":167,"column":3},"end":{"line":168,"column":11}},"type":"if","locations":[{"start":{"line":167,"column":3},"end":{"line":168,"column":11}},{"start":{},"end":{}}],"line":167},"16":{"loc":{"start":{"line":178,"column":3},"end":{"line":185,"column":4}},"type":"if","locations":[{"start":{"line":178,"column":3},"end":{"line":185,"column":4}},{"start":{},"end":{}}],"line":178},"17":{"loc":{"start":{"line":192,"column":2},"end":{"line":193,"column":10}},"type":"if","locations":[{"start":{"line":192,"column":2},"end":{"line":193,"column":10}},{"start":{},"end":{}}],"line":192},"18":{"loc":{"start":{"line":199,"column":3},"end":{"line":201,"column":4}},"type":"if","locations":[{"start":{"line":199,"column":3},"end":{"line":201,"column":4}},{"start":{},"end":{}}],"line":199},"19":{"loc":{"start":{"line":213,"column":3},"end":{"line":222,"column":4}},"type":"if","locations":[{"start":{"line":213,"column":3},"end":{"line":222,"column":4}},{"start":{"line":220,"column":10},"end":{"line":222,"column":4}}],"line":213},"20":{"loc":{"start":{"line":238,"column":9},"end":{"line":238,"column":94}},"type":"cond-expr","locations":[{"start":{"line":238,"column":32},"end":{"line":238,"column":61}},{"start":{"line":238,"column":64},"end":{"line":238,"column":94}}],"line":238}},"s":{"0":9,"1":9,"2":9,"3":9,"4":9,"5":9,"6":9,"7":9,"8":18,"9":9,"10":9,"11":9,"12":0,"13":18,"14":18,"15":0,"16":0,"17":0,"18":0,"19":0,"20":0,"21":0,"22":0,"23":0,"24":0,"25":0,"26":18,"27":11,"28":1,"29":10,"30":10,"31":10,"32":5,"33":5,"34":5,"35":4,"36":4,"37":4,"38":0,"39":5,"40":5,"41":0,"42":0,"43":18,"44":0,"45":0,"46":0,"47":0,"48":0,"49":0,"50":0,"51":0,"52":0,"53":18,"54":0,"55":0,"56":0,"57":0,"58":0,"59":0,"60":0,"61":0,"62":0,"63":0,"64":0,"65":0,"66":18,"67":4,"68":4,"69":0,"70":4,"71":4,"72":4,"73":0,"74":0,"75":0,"76":0,"77":0,"78":18,"79":9,"80":9,"81":5,"82":4,"83":4,"84":4,"85":0,"86":0,"87":0,"88":0,"89":0,"90":18,"91":0,"92":0,"93":0,"94":0,"95":0,"96":0,"97":0,"98":0,"99":0,"100":0,"101":0,"102":0,"103":0,"104":0,"105":0,"106":18,"107":18,"108":18,"109":18,"110":18,"111":9,"112":18,"113":9,"114":18,"115":9,"116":18,"117":9,"118":9},"f":{"0":18,"1":0,"2":11,"3":0,"4":0,"5":4,"6":9,"7":0,"8":18,"9":18,"10":9,"11":9,"12":9,"13":9},"b":{"0":[9,9],"1":[9,0],"2":[0,0],"3":[0,0],"4":[1,10],"5":[10],"6":[5,5],"7":[1,4],"8":[4,1],"9":[4,0],"10":[0,0],"11":[0,0],"12":[0,0],"13":[0,4],"14":[0,0],"15":[5,4],"16":[0,0],"17":[0,0],"18":[0,0],"19":[0,0],"20":[9,9]},"_coverageSchema":"1a1c01bbd47fc00a2c39e90264f33305004495a9","hash":"6c9c402658912d5e755d3e69e845233a5145808f"}
,"/mnt/c/Users/Hp/Documents/project/mmr/backend/controllers/Controller.js": {"path":"/mnt/c/Users/Hp/Documents/project/mmr/backend/controllers/Controller.js","statementMap":{"0":{"start":{"line":2,"column":29},"end":{"line":2,"column":57}},"1":{"start":{"line":5,"column":2},"end":{"line":5,"column":25}},"2":{"start":{"line":6,"column":2},"end":{"line":6,"column":33}},"3":{"start":{"line":9,"column":7},"end":{"line":25,"column":2}},"4":{"start":{"line":10,"column":2},"end":{"line":11,"column":10}},"5":{"start":{"line":11,"column":3},"end":{"line":11,"column":10}},"6":{"start":{"line":13,"column":2},"end":{"line":24,"column":3}},"7":{"start":{"line":14,"column":16},"end":{"line":14,"column":24}},"8":{"start":{"line":15,"column":20},"end":{"line":15,"column":51}},"9":{"start":{"line":16,"column":3},"end":{"line":20,"column":6}},"10":{"start":{"line":22,"column":3},"end":{"line":22,"column":20}},"11":{"start":{"line":23,"column":3},"end":{"line":23,"column":32}},"12":{"start":{"line":27,"column":7},"end":{"line":45,"column":2}},"13":{"start":{"line":28,"column":2},"end":{"line":29,"column":10}},"14":{"start":{"line":29,"column":3},"end":{"line":29,"column":10}},"15":{"start":{"line":30,"column":2},"end":{"line":44,"column":3}},"16":{"start":{"line":31,"column":20},"end":{"line":31,"column":47}},"17":{"start":{"line":32,"column":3},"end":{"line":36,"column":6}},"18":{"start":{"line":38,"column":3},"end":{"line":38,"column":20}},"19":{"start":{"line":39,"column":3},"end":{"line":43,"column":6}},"20":{"start":{"line":47,"column":12},"end":{"line":77,"column":2}},"21":{"start":{"line":48,"column":2},"end":{"line":49,"column":10}},"22":{"start":{"line":49,"column":3},"end":{"line":49,"column":10}},"23":{"start":{"line":50,"column":2},"end":{"line":76,"column":3}},"24":{"start":{"line":51,"column":25},"end":{"line":51,"column":34}},"25":{"start":{"line":52,"column":3},"end":{"line":54,"column":4}},"26":{"start":{"line":53,"column":4},"end":{"line":53,"column":13}},"27":{"start":{"line":55,"column":3},"end":{"line":57,"column":4}},"28":{"start":{"line":56,"column":4},"end":{"line":56,"column":14}},"29":{"start":{"line":58,"column":20},"end":{"line":58,"column":59}},"30":{"start":{"line":59,"column":3},"end":{"line":68,"column":6}},"31":{"start":{"line":70,"column":3},"end":{"line":70,"column":20}},"32":{"start":{"line":71,"column":3},"end":{"line":75,"column":6}},"33":{"start":{"line":79,"column":10},"end":{"line":101,"column":2}},"34":{"start":{"line":80,"column":2},"end":{"line":81,"column":10}},"35":{"start":{"line":81,"column":3},"end":{"line":81,"column":10}},"36":{"start":{"line":82,"column":2},"end":{"line":100,"column":3}},"37":{"start":{"line":83,"column":14},"end":{"line":83,"column":27}},"38":{"start":{"line":84,"column":3},"end":{"line":86,"column":4}},"39":{"start":{"line":85,"column":4},"end":{"line":85,"column":40}},"40":{"start":{"line":87,"column":20},"end":{"line":87,"column":49}},"41":{"start":{"line":88,"column":3},"end":{"line":92,"column":6}},"42":{"start":{"line":94,"column":3},"end":{"line":94,"column":20}},"43":{"start":{"line":95,"column":3},"end":{"line":99,"column":6}},"44":{"start":{"line":103,"column":9},"end":{"line":123,"column":2}},"45":{"start":{"line":104,"column":2},"end":{"line":105,"column":10}},"46":{"start":{"line":105,"column":3},"end":{"line":105,"column":10}},"47":{"start":{"line":106,"column":2},"end":{"line":122,"column":3}},"48":{"start":{"line":107,"column":20},"end":{"line":107,"column":46}},"49":{"start":{"line":108,"column":3},"end":{"line":114,"column":6}},"50":{"start":{"line":116,"column":3},"end":{"line":116,"column":20}},"51":{"start":{"line":117,"column":3},"end":{"line":121,"column":6}},"52":{"start":{"line":125,"column":10},"end":{"line":142,"column":2}},"53":{"start":{"line":126,"column":2},"end":{"line":127,"column":10}},"54":{"start":{"line":127,"column":3},"end":{"line":127,"column":10}},"55":{"start":{"line":129,"column":2},"end":{"line":140,"column":3}},"56":{"start":{"line":130,"column":16},"end":{"line":130,"column":24}},"57":{"start":{"line":131,"column":20},"end":{"line":131,"column":51}},"58":{"start":{"line":132,"column":3},"end":{"line":136,"column":6}},"59":{"start":{"line":138,"column":3},"end":{"line":138,"column":20}},"60":{"start":{"line":139,"column":3},"end":{"line":139,"column":32}},"61":{"start":{"line":144,"column":13},"end":{"line":165,"column":2}},"62":{"start":{"line":145,"column":2},"end":{"line":146,"column":10}},"63":{"start":{"line":146,"column":3},"end":{"line":146,"column":10}},"64":{"start":{"line":148,"column":2},"end":{"line":163,"column":3}},"65":{"start":{"line":149,"column":14},"end":{"line":149,"column":27}},"66":{"start":{"line":150,"column":3},"end":{"line":152,"column":4}},"67":{"start":{"line":151,"column":4},"end":{"line":151,"column":40}},"68":{"start":{"line":153,"column":16},"end":{"line":153,"column":24}},"69":{"start":{"line":154,"column":20},"end":{"line":154,"column":58}},"70":{"start":{"line":155,"column":3},"end":{"line":159,"column":6}},"71":{"start":{"line":161,"column":3},"end":{"line":161,"column":20}},"72":{"start":{"line":162,"column":3},"end":{"line":162,"column":32}},"73":{"start":{"line":167,"column":10},"end":{"line":185,"column":2}},"74":{"start":{"line":168,"column":2},"end":{"line":169,"column":10}},"75":{"start":{"line":169,"column":3},"end":{"line":169,"column":10}},"76":{"start":{"line":171,"column":2},"end":{"line":183,"column":3}},"77":{"start":{"line":172,"column":20},"end":{"line":172,"column":50}},"78":{"start":{"line":173,"column":3},"end":{"line":179,"column":6}},"79":{"start":{"line":181,"column":3},"end":{"line":181,"column":20}},"80":{"start":{"line":182,"column":3},"end":{"line":182,"column":32}},"81":{"start":{"line":187,"column":13},"end":{"line":209,"column":2}},"82":{"start":{"line":188,"column":2},"end":{"line":189,"column":10}},"83":{"start":{"line":189,"column":3},"end":{"line":189,"column":10}},"84":{"start":{"line":191,"column":2},"end":{"line":207,"column":3}},"85":{"start":{"line":192,"column":14},"end":{"line":192,"column":27}},"86":{"start":{"line":193,"column":3},"end":{"line":195,"column":4}},"87":{"start":{"line":194,"column":4},"end":{"line":194,"column":40}},"88":{"start":{"line":196,"column":20},"end":{"line":196,"column":52}},"89":{"start":{"line":197,"column":3},"end":{"line":203,"column":6}},"90":{"start":{"line":205,"column":3},"end":{"line":205,"column":20}},"91":{"start":{"line":206,"column":3},"end":{"line":206,"column":32}},"92":{"start":{"line":211,"column":17},"end":{"line":239,"column":2}},"93":{"start":{"line":212,"column":2},"end":{"line":213,"column":10}},"94":{"start":{"line":213,"column":3},"end":{"line":213,"column":10}},"95":{"start":{"line":215,"column":2},"end":{"line":237,"column":3}},"96":{"start":{"line":216,"column":14},"end":{"line":216,"column":27}},"97":{"start":{"line":217,"column":3},"end":{"line":219,"column":4}},"98":{"start":{"line":218,"column":4},"end":{"line":218,"column":40}},"99":{"start":{"line":220,"column":16},"end":{"line":224,"column":4}},"100":{"start":{"line":225,"column":20},"end":{"line":225,"column":58}},"101":{"start":{"line":226,"column":23},"end":{"line":226,"column":36}},"102":{"start":{"line":227,"column":3},"end":{"line":233,"column":6}},"103":{"start":{"line":235,"column":3},"end":{"line":235,"column":20}},"104":{"start":{"line":236,"column":3},"end":{"line":236,"column":32}},"105":{"start":{"line":241,"column":22},"end":{"line":247,"column":2}},"106":{"start":{"line":242,"column":2},"end":{"line":246,"column":4}},"107":{"start":{"line":248,"column":26},"end":{"line":255,"column":2}},"108":{"start":{"line":249,"column":17},"end":{"line":249,"column":38}},"109":{"start":{"line":250,"column":2},"end":{"line":253,"column":3}},"110":{"start":{"line":251,"column":3},"end":{"line":251,"column":52}},"111":{"start":{"line":252,"column":3},"end":{"line":252,"column":15}},"112":{"start":{"line":254,"column":2},"end":{"line":254,"column":15}},"113":{"start":{"line":257,"column":22},"end":{"line":262,"column":2}},"114":{"start":{"line":258,"column":2},"end":{"line":261,"column":5}},"115":{"start":{"line":264,"column":23},"end":{"line":269,"column":2}},"116":{"start":{"line":265,"column":2},"end":{"line":268,"column":5}},"117":{"start":{"line":274,"column":0},"end":{"line":274,"column":28}}},"fnMap":{"0":{"name":"(anonymous_0)","decl":{"start":{"line":4,"column":1},"end":{"line":4,"column":2}},"loc":{"start":{"line":4,"column":40},"end":{"line":7,"column":2}},"line":4},"1":{"name":"(anonymous_1)","decl":{"start":{"line":9,"column":7},"end":{"line":9,"column":8}},"loc":{"start":{"line":9,"column":27},"end":{"line":25,"column":2}},"line":9},"2":{"name":"(anonymous_2)","decl":{"start":{"line":27,"column":7},"end":{"line":27,"column":8}},"loc":{"start":{"line":27,"column":27},"end":{"line":45,"column":2}},"line":27},"3":{"name":"(anonymous_3)","decl":{"start":{"line":47,"column":12},"end":{"line":47,"column":13}},"loc":{"start":{"line":47,"column":32},"end":{"line":77,"column":2}},"line":47},"4":{"name":"(anonymous_4)","decl":{"start":{"line":79,"column":10},"end":{"line":79,"column":11}},"loc":{"start":{"line":79,"column":30},"end":{"line":101,"column":2}},"line":79},"5":{"name":"(anonymous_5)","decl":{"start":{"line":103,"column":9},"end":{"line":103,"column":10}},"loc":{"start":{"line":103,"column":29},"end":{"line":123,"column":2}},"line":103},"6":{"name":"(anonymous_6)","decl":{"start":{"line":125,"column":10},"end":{"line":125,"column":11}},"loc":{"start":{"line":125,"column":30},"end":{"line":142,"column":2}},"line":125},"7":{"name":"(anonymous_7)","decl":{"start":{"line":144,"column":13},"end":{"line":144,"column":14}},"loc":{"start":{"line":144,"column":33},"end":{"line":165,"column":2}},"line":144},"8":{"name":"(anonymous_8)","decl":{"start":{"line":167,"column":10},"end":{"line":167,"column":11}},"loc":{"start":{"line":167,"column":30},"end":{"line":185,"column":2}},"line":167},"9":{"name":"(anonymous_9)","decl":{"start":{"line":187,"column":13},"end":{"line":187,"column":14}},"loc":{"start":{"line":187,"column":33},"end":{"line":209,"column":2}},"line":187},"10":{"name":"(anonymous_10)","decl":{"start":{"line":211,"column":17},"end":{"line":211,"column":18}},"loc":{"start":{"line":211,"column":37},"end":{"line":239,"column":2}},"line":211},"11":{"name":"(anonymous_11)","decl":{"start":{"line":241,"column":22},"end":{"line":241,"column":23}},"loc":{"start":{"line":241,"column":31},"end":{"line":247,"column":2}},"line":241},"12":{"name":"(anonymous_12)","decl":{"start":{"line":248,"column":26},"end":{"line":248,"column":27}},"loc":{"start":{"line":248,"column":40},"end":{"line":255,"column":2}},"line":248},"13":{"name":"(anonymous_13)","decl":{"start":{"line":257,"column":22},"end":{"line":257,"column":23}},"loc":{"start":{"line":257,"column":31},"end":{"line":262,"column":2}},"line":257},"14":{"name":"(anonymous_14)","decl":{"start":{"line":264,"column":23},"end":{"line":264,"column":24}},"loc":{"start":{"line":264,"column":32},"end":{"line":269,"column":2}},"line":264}},"branchMap":{"0":{"loc":{"start":{"line":4,"column":22},"end":{"line":4,"column":38}},"type":"default-arg","locations":[{"start":{"line":4,"column":36},"end":{"line":4,"column":38}}],"line":4},"1":{"loc":{"start":{"line":10,"column":2},"end":{"line":11,"column":10}},"type":"if","locations":[{"start":{"line":10,"column":2},"end":{"line":11,"column":10}},{"start":{},"end":{}}],"line":10},"2":{"loc":{"start":{"line":28,"column":2},"end":{"line":29,"column":10}},"type":"if","locations":[{"start":{"line":28,"column":2},"end":{"line":29,"column":10}},{"start":{},"end":{}}],"line":28},"3":{"loc":{"start":{"line":48,"column":2},"end":{"line":49,"column":10}},"type":"if","locations":[{"start":{"line":48,"column":2},"end":{"line":49,"column":10}},{"start":{},"end":{}}],"line":48},"4":{"loc":{"start":{"line":52,"column":3},"end":{"line":54,"column":4}},"type":"if","locations":[{"start":{"line":52,"column":3},"end":{"line":54,"column":4}},{"start":{},"end":{}}],"line":52},"5":{"loc":{"start":{"line":55,"column":3},"end":{"line":57,"column":4}},"type":"if","locations":[{"start":{"line":55,"column":3},"end":{"line":57,"column":4}},{"start":{},"end":{}}],"line":55},"6":{"loc":{"start":{"line":80,"column":2},"end":{"line":81,"column":10}},"type":"if","locations":[{"start":{"line":80,"column":2},"end":{"line":81,"column":10}},{"start":{},"end":{}}],"line":80},"7":{"loc":{"start":{"line":84,"column":3},"end":{"line":86,"column":4}},"type":"if","locations":[{"start":{"line":84,"column":3},"end":{"line":86,"column":4}},{"start":{},"end":{}}],"line":84},"8":{"loc":{"start":{"line":104,"column":2},"end":{"line":105,"column":10}},"type":"if","locations":[{"start":{"line":104,"column":2},"end":{"line":105,"column":10}},{"start":{},"end":{}}],"line":104},"9":{"loc":{"start":{"line":126,"column":2},"end":{"line":127,"column":10}},"type":"if","locations":[{"start":{"line":126,"column":2},"end":{"line":127,"column":10}},{"start":{},"end":{}}],"line":126},"10":{"loc":{"start":{"line":145,"column":2},"end":{"line":146,"column":10}},"type":"if","locations":[{"start":{"line":145,"column":2},"end":{"line":146,"column":10}},{"start":{},"end":{}}],"line":145},"11":{"loc":{"start":{"line":150,"column":3},"end":{"line":152,"column":4}},"type":"if","locations":[{"start":{"line":150,"column":3},"end":{"line":152,"column":4}},{"start":{},"end":{}}],"line":150},"12":{"loc":{"start":{"line":168,"column":2},"end":{"line":169,"column":10}},"type":"if","locations":[{"start":{"line":168,"column":2},"end":{"line":169,"column":10}},{"start":{},"end":{}}],"line":168},"13":{"loc":{"start":{"line":188,"column":2},"end":{"line":189,"column":10}},"type":"if","locations":[{"start":{"line":188,"column":2},"end":{"line":189,"column":10}},{"start":{},"end":{}}],"line":188},"14":{"loc":{"start":{"line":193,"column":3},"end":{"line":195,"column":4}},"type":"if","locations":[{"start":{"line":193,"column":3},"end":{"line":195,"column":4}},{"start":{},"end":{}}],"line":193},"15":{"loc":{"start":{"line":212,"column":2},"end":{"line":213,"column":10}},"type":"if","locations":[{"start":{"line":212,"column":2},"end":{"line":213,"column":10}},{"start":{},"end":{}}],"line":212},"16":{"loc":{"start":{"line":217,"column":3},"end":{"line":219,"column":4}},"type":"if","locations":[{"start":{"line":217,"column":3},"end":{"line":219,"column":4}},{"start":{},"end":{}}],"line":217},"17":{"loc":{"start":{"line":250,"column":2},"end":{"line":253,"column":3}},"type":"if","locations":[{"start":{"line":250,"column":2},"end":{"line":253,"column":3}},{"start":{},"end":{}}],"line":250}},"s":{"0":9,"1":108,"2":108,"3":108,"4":21,"5":15,"6":6,"7":6,"8":6,"9":6,"10":0,"11":0,"12":108,"13":6,"14":0,"15":6,"16":6,"17":6,"18":0,"19":0,"20":108,"21":23,"22":0,"23":23,"24":23,"25":23,"26":0,"27":23,"28":0,"29":23,"30":23,"31":0,"32":0,"33":108,"34":7,"35":0,"36":7,"37":7,"38":7,"39":0,"40":7,"41":7,"42":0,"43":0,"44":108,"45":4,"46":0,"47":4,"48":4,"49":4,"50":0,"51":0,"52":108,"53":0,"54":0,"55":0,"56":0,"57":0,"58":0,"59":0,"60":0,"61":108,"62":19,"63":14,"64":5,"65":5,"66":5,"67":0,"68":5,"69":5,"70":5,"71":0,"72":0,"73":108,"74":0,"75":0,"76":0,"77":0,"78":0,"79":0,"80":0,"81":108,"82":4,"83":0,"84":4,"85":4,"86":4,"87":0,"88":4,"89":4,"90":0,"91":0,"92":108,"93":3,"94":0,"95":3,"96":3,"97":3,"98":0,"99":3,"100":3,"101":3,"102":3,"103":0,"104":0,"105":108,"106":0,"107":108,"108":188,"109":188,"110":35,"111":35,"112":153,"113":108,"114":0,"115":108,"116":0,"117":9},"f":{"0":108,"1":21,"2":6,"3":23,"4":7,"5":4,"6":0,"7":19,"8":0,"9":4,"10":3,"11":0,"12":188,"13":0,"14":0},"b":{"0":[0],"1":[15,6],"2":[0,6],"3":[0,23],"4":[0,23],"5":[0,23],"6":[0,7],"7":[0,7],"8":[0,4],"9":[0,0],"10":[14,5],"11":[0,5],"12":[0,0],"13":[0,4],"14":[0,4],"15":[0,3],"16":[0,3],"17":[35,153]},"_coverageSchema":"1a1c01bbd47fc00a2c39e90264f33305004495a9","hash":"9cc540d9e0c9cd8f81dda426027184659ac09f90"}
,"/mnt/c/Users/Hp/Documents/project/mmr/backend/controllers/Exercise.controller.js": {"path":"/mnt/c/Users/Hp/Documents/project/mmr/backend/controllers/Exercise.controller.js","statementMap":{"0":{"start":{"line":1,"column":0},"end":{"line":1,"column":27}},"1":{"start":{"line":2,"column":15},"end":{"line":2,"column":35}},"2":{"start":{"line":3,"column":27},"end":{"line":3,"column":72}},"3":{"start":{"line":4,"column":24},"end":{"line":4,"column":63}},"4":{"start":{"line":5,"column":19},"end":{"line":5,"column":42}},"5":{"start":{"line":9,"column":2},"end":{"line":9,"column":50}},"6":{"start":{"line":12,"column":10},"end":{"line":46,"column":2}},"7":{"start":{"line":13,"column":2},"end":{"line":14,"column":10}},"8":{"start":{"line":14,"column":3},"end":{"line":14,"column":10}},"9":{"start":{"line":15,"column":2},"end":{"line":45,"column":3}},"10":{"start":{"line":16,"column":14},"end":{"line":16,"column":27}},"11":{"start":{"line":17,"column":3},"end":{"line":19,"column":4}},"12":{"start":{"line":18,"column":4},"end":{"line":18,"column":40}},"13":{"start":{"line":20,"column":18},"end":{"line":20,"column":47}},"14":{"start":{"line":21,"column":3},"end":{"line":32,"column":4}},"15":{"start":{"line":33,"column":3},"end":{"line":37,"column":6}},"16":{"start":{"line":39,"column":3},"end":{"line":39,"column":20}},"17":{"start":{"line":40,"column":3},"end":{"line":44,"column":6}},"18":{"start":{"line":47,"column":7},"end":{"line":86,"column":2}},"19":{"start":{"line":48,"column":2},"end":{"line":49,"column":10}},"20":{"start":{"line":49,"column":3},"end":{"line":49,"column":10}},"21":{"start":{"line":50,"column":2},"end":{"line":85,"column":3}},"22":{"start":{"line":51,"column":19},"end":{"line":51,"column":28}},"23":{"start":{"line":52,"column":3},"end":{"line":54,"column":4}},"24":{"start":{"line":53,"column":4},"end":{"line":53,"column":15}},"25":{"start":{"line":55,"column":3},"end":{"line":55,"column":44}},"26":{"start":{"line":56,"column":18},"end":{"line":56,"column":40}},"27":{"start":{"line":57,"column":18},"end":{"line":57,"column":71}},"28":{"start":{"line":58,"column":3},"end":{"line":72,"column":5}},"29":{"start":{"line":59,"column":21},"end":{"line":70,"column":5}},"30":{"start":{"line":71,"column":4},"end":{"line":71,"column":20}},"31":{"start":{"line":73,"column":3},"end":{"line":77,"column":6}},"32":{"start":{"line":79,"column":3},"end":{"line":79,"column":20}},"33":{"start":{"line":80,"column":3},"end":{"line":84,"column":6}},"34":{"start":{"line":88,"column":12},"end":{"line":140,"column":2}},"35":{"start":{"line":89,"column":2},"end":{"line":90,"column":10}},"36":{"start":{"line":90,"column":3},"end":{"line":90,"column":10}},"37":{"start":{"line":91,"column":2},"end":{"line":139,"column":3}},"38":{"start":{"line":92,"column":32},"end":{"line":92,"column":41}},"39":{"start":{"line":93,"column":3},"end":{"line":95,"column":4}},"40":{"start":{"line":94,"column":4},"end":{"line":94,"column":13}},"41":{"start":{"line":96,"column":3},"end":{"line":98,"column":4}},"42":{"start":{"line":97,"column":4},"end":{"line":97,"column":14}},"43":{"start":{"line":99,"column":3},"end":{"line":101,"column":4}},"44":{"start":{"line":100,"column":4},"end":{"line":100,"column":15}},"45":{"start":{"line":102,"column":3},"end":{"line":102,"column":44}},"46":{"start":{"line":103,"column":18},"end":{"line":103,"column":40}},"47":{"start":{"line":104,"column":18},"end":{"line":104,"column":82}},"48":{"start":{"line":105,"column":15},"end":{"line":105,"column":58}},"49":{"start":{"line":106,"column":3},"end":{"line":120,"column":5}},"50":{"start":{"line":107,"column":21},"end":{"line":118,"column":5}},"51":{"start":{"line":119,"column":4},"end":{"line":119,"column":20}},"52":{"start":{"line":121,"column":3},"end":{"line":131,"column":6}},"53":{"start":{"line":133,"column":3},"end":{"line":133,"column":20}},"54":{"start":{"line":134,"column":3},"end":{"line":138,"column":6}},"55":{"start":{"line":142,"column":10},"end":{"line":166,"column":2}},"56":{"start":{"line":143,"column":2},"end":{"line":144,"column":10}},"57":{"start":{"line":144,"column":3},"end":{"line":144,"column":10}},"58":{"start":{"line":145,"column":2},"end":{"line":165,"column":3}},"59":{"start":{"line":146,"column":3},"end":{"line":148,"column":4}},"60":{"start":{"line":149,"column":3},"end":{"line":151,"column":4}},"61":{"start":{"line":152,"column":3},"end":{"line":159,"column":4}},"62":{"start":{"line":153,"column":4},"end":{"line":153,"column":46}},"63":{"start":{"line":154,"column":4},"end":{"line":154,"column":49}},"64":{"start":{"line":157,"column":4},"end":{"line":157,"column":45}},"65":{"start":{"line":158,"column":4},"end":{"line":158,"column":48}},"66":{"start":{"line":161,"column":3},"end":{"line":161,"column":29}},"67":{"start":{"line":163,"column":3},"end":{"line":163,"column":20}},"68":{"start":{"line":164,"column":3},"end":{"line":164,"column":39}},"69":{"start":{"line":168,"column":13},"end":{"line":198,"column":2}},"70":{"start":{"line":169,"column":2},"end":{"line":170,"column":10}},"71":{"start":{"line":170,"column":3},"end":{"line":170,"column":10}},"72":{"start":{"line":172,"column":2},"end":{"line":174,"column":3}},"73":{"start":{"line":175,"column":2},"end":{"line":180,"column":3}},"74":{"start":{"line":176,"column":3},"end":{"line":176,"column":48}},"75":{"start":{"line":179,"column":3},"end":{"line":179,"column":47}},"76":{"start":{"line":182,"column":2},"end":{"line":197,"column":3}},"77":{"start":{"line":183,"column":14},"end":{"line":183,"column":27}},"78":{"start":{"line":184,"column":3},"end":{"line":186,"column":4}},"79":{"start":{"line":185,"column":4},"end":{"line":185,"column":40}},"80":{"start":{"line":187,"column":16},"end":{"line":187,"column":24}},"81":{"start":{"line":188,"column":20},"end":{"line":188,"column":58}},"82":{"start":{"line":189,"column":3},"end":{"line":193,"column":6}},"83":{"start":{"line":195,"column":3},"end":{"line":195,"column":20}},"84":{"start":{"line":196,"column":3},"end":{"line":196,"column":32}},"85":{"start":{"line":201,"column":2},"end":{"line":205,"column":3}},"86":{"start":{"line":203,"column":4},"end":{"line":203,"column":48}},"87":{"start":{"line":209,"column":0},"end":{"line":209,"column":36}}},"fnMap":{"0":{"name":"(anonymous_0)","decl":{"start":{"line":8,"column":1},"end":{"line":8,"column":2}},"loc":{"start":{"line":8,"column":15},"end":{"line":10,"column":2}},"line":8},"1":{"name":"(anonymous_1)","decl":{"start":{"line":12,"column":10},"end":{"line":12,"column":11}},"loc":{"start":{"line":12,"column":30},"end":{"line":46,"column":2}},"line":12},"2":{"name":"(anonymous_2)","decl":{"start":{"line":47,"column":7},"end":{"line":47,"column":8}},"loc":{"start":{"line":47,"column":27},"end":{"line":86,"column":2}},"line":47},"3":{"name":"(anonymous_3)","decl":{"start":{"line":58,"column":27},"end":{"line":58,"column":28}},"loc":{"start":{"line":58,"column":35},"end":{"line":72,"column":4}},"line":58},"4":{"name":"(anonymous_4)","decl":{"start":{"line":88,"column":12},"end":{"line":88,"column":13}},"loc":{"start":{"line":88,"column":32},"end":{"line":140,"column":2}},"line":88},"5":{"name":"(anonymous_5)","decl":{"start":{"line":106,"column":27},"end":{"line":106,"column":28}},"loc":{"start":{"line":106,"column":35},"end":{"line":120,"column":4}},"line":106},"6":{"name":"(anonymous_6)","decl":{"start":{"line":142,"column":10},"end":{"line":142,"column":11}},"loc":{"start":{"line":142,"column":30},"end":{"line":166,"column":2}},"line":142},"7":{"name":"(anonymous_7)","decl":{"start":{"line":168,"column":13},"end":{"line":168,"column":14}},"loc":{"start":{"line":168,"column":33},"end":{"line":198,"column":2}},"line":168},"8":{"name":"(anonymous_8)","decl":{"start":{"line":200,"column":1},"end":{"line":200,"column":2}},"loc":{"start":{"line":200,"column":18},"end":{"line":206,"column":2}},"line":200}},"branchMap":{"0":{"loc":{"start":{"line":13,"column":2},"end":{"line":14,"column":10}},"type":"if","locations":[{"start":{"line":13,"column":2},"end":{"line":14,"column":10}},{"start":{},"end":{}}],"line":13},"1":{"loc":{"start":{"line":17,"column":3},"end":{"line":19,"column":4}},"type":"if","locations":[{"start":{"line":17,"column":3},"end":{"line":19,"column":4}},{"start":{},"end":{}}],"line":17},"2":{"loc":{"start":{"line":48,"column":2},"end":{"line":49,"column":10}},"type":"if","locations":[{"start":{"line":48,"column":2},"end":{"line":49,"column":10}},{"start":{},"end":{}}],"line":48},"3":{"loc":{"start":{"line":52,"column":3},"end":{"line":54,"column":4}},"type":"if","locations":[{"start":{"line":52,"column":3},"end":{"line":54,"column":4}},{"start":{},"end":{}}],"line":52},"4":{"loc":{"start":{"line":89,"column":2},"end":{"line":90,"column":10}},"type":"if","locations":[{"start":{"line":89,"column":2},"end":{"line":90,"column":10}},{"start":{},"end":{}}],"line":89},"5":{"loc":{"start":{"line":93,"column":3},"end":{"line":95,"column":4}},"type":"if","locations":[{"start":{"line":93,"column":3},"end":{"line":95,"column":4}},{"start":{},"end":{}}],"line":93},"6":{"loc":{"start":{"line":96,"column":3},"end":{"line":98,"column":4}},"type":"if","locations":[{"start":{"line":96,"column":3},"end":{"line":98,"column":4}},{"start":{},"end":{}}],"line":96},"7":{"loc":{"start":{"line":99,"column":3},"end":{"line":101,"column":4}},"type":"if","locations":[{"start":{"line":99,"column":3},"end":{"line":101,"column":4}},{"start":{},"end":{}}],"line":99},"8":{"loc":{"start":{"line":143,"column":2},"end":{"line":144,"column":10}},"type":"if","locations":[{"start":{"line":143,"column":2},"end":{"line":144,"column":10}},{"start":{},"end":{}}],"line":143},"9":{"loc":{"start":{"line":152,"column":3},"end":{"line":159,"column":4}},"type":"if","locations":[{"start":{"line":152,"column":3},"end":{"line":159,"column":4}},{"start":{"line":156,"column":8},"end":{"line":159,"column":4}}],"line":152},"10":{"loc":{"start":{"line":169,"column":2},"end":{"line":170,"column":10}},"type":"if","locations":[{"start":{"line":169,"column":2},"end":{"line":170,"column":10}},{"start":{},"end":{}}],"line":169},"11":{"loc":{"start":{"line":175,"column":2},"end":{"line":180,"column":3}},"type":"if","locations":[{"start":{"line":175,"column":2},"end":{"line":180,"column":3}},{"start":{"line":178,"column":7},"end":{"line":180,"column":3}}],"line":175},"12":{"loc":{"start":{"line":184,"column":3},"end":{"line":186,"column":4}},"type":"if","locations":[{"start":{"line":184,"column":3},"end":{"line":186,"column":4}},{"start":{},"end":{}}],"line":184},"13":{"loc":{"start":{"line":201,"column":2},"end":{"line":205,"column":3}},"type":"switch","locations":[{"sta
[...]
umn":2}},"line":27},"3":{"name":"(anonymous_3)","decl":{"start":{"line":34,"column":17},"end":{"line":34,"column":18}},"loc":{"start":{"line":34,"column":40},"end":{"line":40,"column":2}},"line":34},"4":{"name":"(anonymous_4)","decl":{"start":{"line":41,"column":1},"end":{"line":41,"column":2}},"loc":{"start":{"line":41,"column":46},"end":{"line":48,"column":2}},"line":41},"5":{"name":"(anonymous_5)","decl":{"start":{"line":49,"column":18},"end":{"line":49,"column":19}},"loc":{"start":{"line":49,"column":35},"end":{"line":55,"column":2}},"line":49},"6":{"name":"(anonymous_6)","decl":{"start":{"line":57,"column":22},"end":{"line":57,"column":23}},"loc":{"start":{"line":57,"column":49},"end":{"line":66,"column":2}},"line":57}},"branchMap":{"0":{"loc":{"start":{"line":8,"column":48},"end":{"line":8,"column":56}},"type":"default-arg","locations":[{"start":{"line":8,"column":54},"end":{"line":8,"column":56}}],"line":8},"1":{"loc":{"start":{"line":21,"column":3},"end":{"line":22,"column":44}},"type":"if","locations":[{"start":{"line":21,"column":3},"end":{"line":22,"column":44}},{"start":{},"end":{}}],"line":21},"2":{"loc":{"start":{"line":28,"column":2},"end":{"line":30,"column":3}},"type":"if","locations":[{"start":{"line":28,"column":2},"end":{"line":30,"column":3}},{"start":{},"end":{}}],"line":28},"3":{"loc":{"start":{"line":35,"column":2},"end":{"line":37,"column":3}},"type":"if","locations":[{"start":{"line":35,"column":2},"end":{"line":37,"column":3}},{"start":{},"end":{}}],"line":35},"4":{"loc":{"start":{"line":41,"column":21},"end":{"line":41,"column":31}},"type":"default-arg","locations":[{"start":{"line":41,"column":29},"end":{"line":41,"column":31}}],"line":41},"5":{"loc":{"start":{"line":41,"column":33},"end":{"line":41,"column":44}},"type":"default-arg","locations":[{"start":{"line":41,"column":40},"end":{"line":41,"column":44}}],"line":41},"6":{"loc":{"start":{"line":42,"column":2},"end":{"line":43,"column":13}},"type":"if","locations":[{"start":{"line":42,"column":2},"end":{"line":43,"column":13}},{"start":{},"end":{}}],"line":42},"7":{"loc":{"start":{"line":42,"column":6},"end":{"line":42,"column":27}},"type":"binary-expr","locations":[{"start":{"line":42,"column":6},"end":{"line":42,"column":14}},{"start":{"line":42,"column":18},"end":{"line":42,"column":27}}],"line":42},"8":{"loc":{"start":{"line":45,"column":2},"end":{"line":46,"column":19}},"type":"if","locations":[{"start":{"line":45,"column":2},"end":{"line":46,"column":19}},{"start":{},"end":{}}],"line":45},"9":{"loc":{"start":{"line":50,"column":2},"end":{"line":52,"column":3}},"type":"if","locations":[{"start":{"line":50,"column":2},"end":{"line":52,"column":3}},{"start":{},"end":{}}],"line":50},"10":{"loc":{"start":{"line":58,"column":2},"end":{"line":60,"column":3}},"type":"if","locations":[{"start":{"line":58,"column":2},"end":{"line":60,"column":3}},{"start":{},"end":{}}],"line":58},"11":{"loc":{"start":{"line":63,"column":2},"end":{"line":64,"column":41}},"type":"if","locations":[{"start":{"line":63,"column":2},"end":{"line":64,"column":41}},{"start":{},"end":{}}],"line":63}},"s":{"0":13,"1":13,"2":153,"3":153,"4":662,"5":662,"6":661,"7":661,"8":661,"9":1322,"10":1322,"11":661,"12":153,"13":10,"14":1,"15":9,"16":153,"17":2,"18":0,"19":2,"20":2,"21":10,"22":1,"23":9,"24":9,"25":0,"26":9,"27":153,"28":1,"29":0,"30":1,"31":1,"32":153,"33":7,"34":0,"35":7,"36":7,"37":7,"38":6,"39":1,"40":13},"f":{"0":153,"1":662,"2":10,"3":2,"4":10,"5":1,"6":7},"b":{"0":[455],"1":[1322,0],"2":[1,9],"3":[0,2],"4":[5],"5":[10],"6":[1,9],"7":[10,9],"8":[0,9],"9":[0,1],"10":[0,7],"11":[6,1]},"_coverageSchema":"1a1c01bbd47fc00a2c39e90264f33305004495a9","hash":"2b3fade3fe4eb0738c4968755db173972bf0f98a"}
,"/mnt/c/Users/Hp/Documents/project/mmr/backend/tests/db.js": {"path":"/mnt/c/Users/Hp/Documents/project/mmr/backend/tests/db.js","statementMap":{"0":{"start":{"line":1,"column":17},"end":{"line":1,"column":36}},"1":{"start":{"line":2,"column":30},"end":{"line":2,"column":62}},"2":{"start":{"line":6,"column":13},"end":{"line":9,"column":1}},"3":{"start":{"line":12,"column":16},"end":{"line":25,"column":1}},"4":{"start":{"line":14,"column":1},"end":{"line":14,"column":29}},"5":{"start":{"line":16,"column":1},"end":{"line":16,"column":48}},"6":{"start":{"line":18,"column":18},"end":{"line":18,"column":44}},"7":{"start":{"line":19,"column":1},"end":{"line":19,"column":36}},"8":{"start":{"line":20,"column":1},"end":{"line":24,"column":4}},"9":{"start":{"line":21,"column":2},"end":{"line":23,"column":3}},"10":{"start":{"line":22,"column":3},"end":{"line":22,"column":22}},"11":{"start":{"line":28,"column":14},"end":{"line":31,"column":1}},"12":{"start":{"line":29,"column":1},"end":{"line":29,"column":29}},"13":{"start":{"line":30,"column":1},"end":{"line":30,"column":26}},"14":{"start":{"line":34,"column":14},"end":{"line":40,"column":1}},"15":{"start":{"line":35,"column":21},"end":{"line":35,"column":52}},"16":{"start":{"line":37,"column":1},"end":{"line":39,"column":2}},"17":{"start":{"line":38,"column":2},"end":{"line":38,"column":38}},"18":{"start":{"line":42,"column":0},"end":{"line":46,"column":2}}},"fnMap":{"0":{"name":"(anonymous_0)","decl":{"start":{"line":12,"column":16},"end":{"line":12,"column":17}},"loc":{"start":{"line":12,"column":28},"end":{"line":25,"column":1}},"line":12},"1":{"name":"(anonymous_1)","decl":{"start":{"line":20,"column":34},"end":{"line":20,"column":35}},"loc":{"start":{"line":20,"column":41},"end":{"line":24,"column":2}},"line":20},"2":{"name":"(anonymous_2)","decl":{"start":{"line":28,"column":14},"end":{"line":28,"column":15}},"loc":{"start":{"line":28,"column":26},"end":{"line":31,"column":1}},"line":28},"3":{"name":"(anonymous_3)","decl":{"start":{"line":34,"column":14},"end":{"line":34,"column":15}},"loc":{"start":{"line":34,"column":26},"end":{"line":40,"column":1}},"line":34}},"branchMap":{"0":{"loc":{"start":{"line":21,"column":2},"end":{"line":23,"column":3}},"type":"if","locations":[{"start":{"line":21,"column":2},"end":{"line":23,"column":3}},{"start":{},"end":{}}],"line":21}},"s":{"0":16,"1":16,"2":16,"3":16,"4":16,"5":16,"6":16,"7":16,"8":16,"9":16,"10":0,"11":16,"12":16,"13":16,"14":16,"15":210,"16":210,"17":1809,"18":16},"f":{"0":16,"1":16,"2":16,"3":210},"b":{"0":[0,16]},"_coverageSchema":"1a1c01bbd47fc00a2c39e90264f33305004495a9","hash":"66d1214fe81d1d7fb26b68e40883e6b06e793736"}
,"/mnt/c/Users/Hp/Documents/project/mmr/backend/utils/AuthenticationManager.js": {"path":"/mnt/c/Users/Hp/Documents/project/mmr/backend/utils/AuthenticationManager.js","statementMap":{"0":{"start":{"line":1,"column":25},"end":{"line":1,"column":43}},"1":{"start":{"line":2,"column":12},"end":{"line":2,"column":35}},"2":{"start":{"line":3,"column":12},"end":{"line":3,"column":32}},"3":{"start":{"line":4,"column":15},"end":{"line":4,"column":34}},"4":{"start":{"line":6,"column":19},"end":{"line":6,"column":71}},"5":{"start":{"line":7,"column":18},"end":{"line":7,"column":70}},"6":{"start":{"line":10,"column":2},"end":{"line":10,"column":39}},"7":{"start":{"line":13,"column":2},"end":{"line":19,"column":5}},"8":{"start":{"line":22,"column":2},"end":{"line":23,"column":39}},"9":{"start":{"line":23,"column":3},"end":{"line":23,"column":39}},"10":{"start":{"line":24,"column":2},"end":{"line":24,"column":12}},"11":{"start":{"line":27,"column":2},"end":{"line":40,"column":3}},"12":{"start":{"line":28,"column":19},"end":{"line":28,"column":47}},"13":{"start":{"line":29,"column":3},"end":{"line":31,"column":4}},"14":{"start":{"line":30,"column":4},"end":{"line":30,"column":17}},"15":{"start":{"line":32,"column":3},"end":{"line":34,"column":4}},"16":{"start":{"line":33,"column":4},"end":{"line":33,"column":16}},"17":{"start":{"line":35,"column":3},"end":{"line":35,"column":15}},"18":{"start":{"line":37,"column":3},"end":{"line":39,"column":4}},"19":{"start":{"line":38,"column":4},"end":{"line":38,"column":17}},"20":{"start":{"line":45,"column":2},"end":{"line":45,"column":58}},"21":{"start":{"line":49,"column":2},"end":{"line":49,"column":54}},"22":{"start":{"line":53,"column":0},"end":{"line":53,"column":39}}},"fnMap":{"0":{"name":"(anonymous_0)","decl":{"start":{"line":9,"column":1},"end":{"line":9,"column":2}},"loc":{"start":{"line":9,"column":24},"end":{"line":11,"column":2}},"line":9},"1":{"name":"(anonymous_1)","decl":{"start":{"line":12,"column":1},"end":{"line":12,"column":2}},"loc":{"start":{"line":12,"column":36},"end":{"line":20,"column":2}},"line":12},"2":{"name":"(anonymous_2)","decl":{"start":{"line":21,"column":1},"end":{"line":21,"column":2}},"loc":{"start":{"line":21,"column":27},"end":{"line":25,"column":2}},"line":21},"3":{"name":"(anonymous_3)","decl":{"start":{"line":26,"column":1},"end":{"line":26,"column":2}},"loc":{"start":{"line":26,"column":28},"end":{"line":42,"column":2}},"line":26},"4":{"name":"(anonymous_4)","decl":{"start":{"line":44,"column":1},"end":{"line":44,"column":2}},"loc":{"start":{"line":44,"column":30},"end":{"line":46,"column":2}},"line":44},"5":{"name":"(anonymous_5)","decl":{"start":{"line":48,"column":1},"end":{"line":48,"column":2}},"loc":{"start":{"line":48,"column":49},"end":{"line":50,"column":2}},"line":48}},"branchMap":{"0":{"loc":{"start":{"line":18,"column":14},"end":{"line":18,"column":43}},"type":"cond-expr","locations":[{"start":{"line":18,"column":25},"end":{"line":18,"column":33}},{"start":{"line":18,"column":36},"end":{"line":18,"column":43}}],"line":18},"1":{"loc":{"start":{"line":22,"column":2},"end":{"line":23,"column":39}},"type":"if","locations":[{"start":{"line":22,"column":2},"end":{"line":23,"column":39}},{"start":{},"end":{}}],"line":22},"2":{"loc":{"start":{"line":29,"column":3},"end":{"line":31,"column":4}},"type":"if","locations":[{"start":{"line":29,"column":3},"end":{"line":31,"column":4}},{"start":{},"end":{}}],"line":29},"3":{"loc":{"start":{"line":32,"column":3},"end":{"line":34,"column":4}},"type":"if","locations":[{"start":{"line":32,"column":3},"end":{"line":34,"column":4}},{"start":{},"end":{}}],"line":32},"4":{"loc":{"start":{"line":37,"column":3},"end":{"line":39,"column":4}},"type":"if","locations":[{"start":{"line":37,"column":3},"end":{"line":39,"column":4}},{"start":{},"end":{}}],"line":37}},"s":{"0":14,"1":14,"2":14,"3":14,"4":14,"5":14,"6":406,"7":356,"8":201,"9":200,"10":1,"11":205,"12":205,"13":203,"14":0,"15":203,"16":1,"17":202,"18":2,"19":2,"20":662,"21":6,"22":14},"f":{"0":406,"1":356,"2":201,"3":205,"4":662,"5":6},"b":{"0":[0,356],"1":[200,1],"2":[0,203],"3":[1,202],"4":[2,0]},"_coverageSchema":"1a1c01bbd47fc00a2c39e90264f33305004495a9","hash":"bfe276094e5e443a97d53f69328ab86e4d1d54bd"}
,"/mnt/c/Users/Hp/Documents/project/mmr/backend/utils/AutomationManager.js": {"path":"/mnt/c/Users/Hp/Documents/project/mmr/backend/utils/AutomationManager.js","statementMap":{"0":{"start":{"line":1,"column":16},"end":{"line":1,"column":39}},"1":{"start":{"line":7,"column":13},"end":{"line":7,"column":15}},"2":{"start":{"line":14,"column":2},"end":{"line":16,"column":75}},"3":{"start":{"line":15,"column":3},"end":{"line":15,"column":14}},"4":{"start":{"line":16,"column":13},"end":{"line":16,"column":71}},"5":{"start":{"line":20,"column":2},"end":{"line":23,"column":5}},"6":{"start":{"line":21,"column":3},"end":{"line":21,"column":18}},"7":{"start":{"line":22,"column":3},"end":{"line":22,"column":19}},"8":{"start":{"line":32,"column":2},"end":{"line":32,"column":40}},"9":{"start":{"line":36,"column":14},"end":{"line":39,"column":4}},"10":{"start":{"line":37,"column":3},"end":{"line":37,"column":61}},"11":{"start":{"line":38,"column":3},"end":{"line":38,"column":10}},"12":{"start":{"line":40,"column":2},"end":{"line":40,"column":14}},"13":{"start":{"line":45,"column":2},"end":{"line":49,"column":3}},"14":{"start":{"line":46,"column":3},"end":{"line":46,"column":56}},"15":{"start":{"line":48,"column":3},"end":{"line":48,"column":38}},"16":{"start":{"line":51,"column":2},"end":{"line":51,"column":17}},"17":{"start":{"line":56,"column":0},"end":{"line":56,"column":34}}},"fnMap":{"0":{"name":"(anonymous_0)","decl":{"start":{"line":13,"column":1},"end":{"line":13,"column":2}},"loc":{"start":{"line":13,"column":33},"end":{"line":17,"column":2}},"line":13},"1":{"name":"(anonymous_1)","decl":{"start":{"line":14,"column":68},"end":{"line":14,"column":69}},"loc":{"start":{"line":14,"column":74},"end":{"line":16,"column":3}},"line":14},"2":{"name":"(anonymous_2)","decl":{"start":{"line":16,"column":5},"end":{"line":16,"column":6}},"loc":{"start":{"line":16,"column":11},"end":{"line":16,"column":73}},"line":16},"3":{"name":"(anonymous_3)","decl":{"start":{"line":19,"column":1},"end":{"line":19,"column":2}},"loc":{"start":{"line":19,"column":17},"end":{"line":24,"column":2}},"line":19},"4":{"name":"(anonymous_4)","decl":{"start":{"line":20,"column":25},"end":{"line":20,"column":26}},"loc":{"start":{"line":20,"column":36},"end":{"line":23,"column":3}},"line":20},"5":{"name":"(anonymous_5)","decl":{"start":{"line":31,"column":1},"end":{"line":31,"column":2}},"loc":{"start":{"line":31,"column":28},"end":{"line":33,"column":2}},"line":31},"6":{"name":"(anonymous_6)","decl":{"start":{"line":36,"column":58},"end":{"line":36,"column":59}},"loc":{"start":{"line":36,"column":64},"end":{"line":39,"column":3}},"line":36}},"branchMap":{"0":{"loc":{"start":{"line":45,"column":2},"end":{"line":49,"column":3}},"type":"if","locations":[{"start":{"line":45,"column":2},"end":{"line":49,"column":3}},{"start":{"line":47,"column":7},"end":{"line":49,"column":3}}],"line":45}},"s":{"0":9,"1":0,"2":0,"3":0,"4":0,"5":0,"6":0,"7":0,"8":0,"9":0,"10":0,"11":0,"12":0,"13":0,"14":0,"15":0,"16":0,"17":9},"f":{"0":0,"1":0,"2":0,"3":0,"4":0,"5":0,"6":0},"b":{"0":[0,0]},"_coverageSchema":"1a1c01bbd47fc00a2c39e90264f33305004495a9","hash":"5a48db9d8867a08b01d02f55464e7ac2c5720086"}
,"/mnt/c/Users/Hp/Documents/project/mmr/backend/utils/Installation.js": {"path":"/mnt/c/Users/Hp/Documents/project/mmr/backend/utils/Installation.js","statementMap":{"0":{"start":{"line":1,"column":33},"end":{"line":1,"column":84}},"1":{"start":{"line":2,"column":24},"end":{"line":2,"column":63}},"2":{"start":{"line":6,"column":25},"end":{"line":6,"column":46}},"3":{"start":{"line":7,"column":17},"end":{"line":7,"column":46}},"4":{"start":{"line":8,"column":2},"end":{"line":28,"column":3}},"5":{"start":{"line":9,"column":3},"end":{"line":22,"column":5}},"6":{"start":{"line":23,"column":3},"end":{"line":23,"column":43}},"7":{"start":{"line":24,"column":3},"end":{"line":24,"column":55}},"8":{"start":{"line":27,"column":3},"end":{"line":27,"column":35}},"9":{"start":{"line":34,"column":0},"end":{"line":34,"column":37}}},"fnMap":{"0":{"name":"(anonymous_0)","decl":{"start":{"line":5,"column":1},"end":{"line":5,"column":2}},"loc":{"start":{"line":5,"column":27},"end":{"line":31,"column":2}},"line":5}},"branchMap":{"0":{"loc":{"start":{"line":8,"column":2},"end":{"line":28,"column":3}},"type":"if","locations":[{"start":{"line":8,"column":2},"end":{"line":28,"column":3}},{"start":{"line":26,"column":9},"end":{"line":28,"column":3}}],"line":8}},"s":{"0":9,"1":9,"2":0,"3":0,"4":0,"5":0,"6":0,"7":0,"8":0,"9":9},"f":{"0":0},"b":{"0":[0,0]},"_coverageSchema":"1a1c01bbd47fc00a2c39e90264f33305004495a9","hash":"6a38533b282974cb05c8831162a199a7820bf2de"}
,"/mnt/c/Users/Hp/Documents/project/mmr/backend/utils/SettingsManager.js": {"path":"/mnt/c/Users/Hp/Documents/project/mmr/backend/utils/SettingsManager.js","statementMap":{"0":{"start":{"line":1,"column":24},"end":{"line":1,"column":63}},"1":{"start":{"line":4,"column":26},"end":{"line":4,"column":47}},"2":{"start":{"line":5,"column":19},"end":{"line":5,"column":59}},"3":{"start":{"line":7,"column":2},"end":{"line":7,"column":54}},"4":{"start":{"line":11,"column":26},"end":{"line":11,"column":47}},"5":{"start":{"line":12,"column":19},"end":{"line":12,"column":59}},"6":{"start":{"line":14,"column":2},"end":{"line":14,"column":58}},"7":{"start":{"line":17,"column":0},"end":{"line":17,"column":32}}},"fnMap":{"0":{"name":"(anonymous_0)","decl":{"start":{"line":3,"column":1},"end":{"line":3,"column":2}},"loc":{"start":{"line":3,"column":36},"end":{"line":8,"column":2}},"line":3},"1":{"name":"(anonymous_1)","decl":{"start":{"line":10,"column":1},"end":{"line":10,"column":2}},"loc":{"start":{"line":10,"column":37},"end":{"line":15,"column":2}},"line":10}},"branchMap":{},"s":{"0":9,"1":0,"2":0,"3":0,"4":0,"5":0,"6":0,"7":9},"f":{"0":0,"1":0},"b":{},"_coverageSchema":"1a1c01bbd47fc00a2c39e90264f33305004495a9","hash":"1f65c311b2dedfbbf5607af7d2ee41899fb82b81"}
,"/mnt/c/Users/Hp/Documents/project/mmr/backend/utils/StorageManager.js": {"path":"/mnt/c/Users/Hp/Documents/project/mmr/backend/utils/StorageManager.js","statementMap":{"0":{"start":{"line":1,"column":11},"end":{"line":1,"column":24}},"1":{"start":{"line":2,"column":12},"end":{"line":2,"column":30}},"2":{"start":{"line":3,"column":12},"end":{"line":3,"column":32}},"3":{"start":{"line":7,"column":2},"end":{"line":11,"column":4}},"4":{"start":{"line":14,"column":10},"end":{"line":24,"column":2}},"5":{"start":{"line":15,"column":21},"end":{"line":15,"column":51}},"6":{"start":{"line":17,"column":23},"end":{"line":21,"column":3}},"7":{"start":{"line":22,"column":19},"end":{"line":22,"column":63}},"8":{"start":{"line":23,"column":2},"end":{"line":23,"column":18}},"9":{"start":{"line":26,"column":11},"end":{"line":32,"column":2}},"10":{"start":{"line":27,"column":25},"end":{"line":30,"column":3}},"11":{"start":{"line":31,"column":2},"end":{"line":31,"column":67}},"12":{"start":{"line":34,"column":14},"end":{"line":46,"column":2}},"13":{"start":{"line":35,"column":17},"end":{"line":38,"column":3}},"14":{"start":{"line":39,"column":12},"end":{"line":39,"column":16}},"15":{"start":{"line":40,"column":2},"end":{"line":42,"column":5}},"16":{"start":{"line":41,"column":3},"end":{"line":41,"column":13}},"17":{"start":{"line":43,"column":2},"end":{"line":43,"column":25}},"18":{"start":{"line":45,"column":2},"end":{"line":45,"column":13}},"19":{"start":{"line":50,"column":0},"end":{"line":50,"column":32}}},"fnMap":{"0":{"name":"(anonymous_0)","decl":{"start":{"line":6,"column":1},"end":{"line":6,"column":2}},"loc":{"start":{"line":6,"column":15},"end":{"line":12,"column":2}},"line":6},"1":{"name":"(anonymous_1)","decl":{"start":{"line":14,"column":10},"end":{"line":14,"column":11}},"loc":{"start":{"line":14,"column":42},"end":{"line":24,"column":2}},"line":14},"2":{"name":"(anonymous_2)","decl":{"start":{"line":26,"column":11},"end":{"line":26,"column":12}},"loc":{"start":{"line":26,"column":30},"end":{"line":32,"column":2}},"line":26},"3":{"name":"(anonymous_3)","decl":{"start":{"line":34,"column":14},"end":{"line":34,"column":15}},"loc":{"start":{"line":34,"column":29},"end":{"line":46,"column":2}},"line":34},"4":{"name":"(anonymous_4)","decl":{"start":{"line":40,"column":50},"end":{"line":40,"column":51}},"loc":{"start":{"line":40,"column":70},"end":{"line":42,"column":3}},"line":40}},"branchMap":{"0":{"loc":{"start":{"line":14,"column":23},"end":{"line":14,"column":37}},"type":"default-arg","locations":[{"start":{"line":14,"column":35},"end":{"line":14,"column":37}}],"line":14},"1":{"loc":{"start":{"line":20,"column":23},"end":{"line":20,"column":103}},"type":"cond-expr","locations":[{"start":{"line":20,"column":91},"end":{"line":20,"column":98}},{"start":{"line":20,"column":101},"end":{"line":20,"column":103}}],"line":20},"2":{"loc":{"start":{"line":20,"column":23},"end":{"line":20,"column":88}},"type":"binary-expr","locations":[{"start":{"line":20,"column":23},"end":{"line":20,"column":54}},{"start":{"line":20,"column":58},"end":{"line":20,"column":88}}],"line":20}},"s":{"0":9,"1":9,"2":9,"3":4,"4":4,"5":4,"6":4,"7":4,"8":4,"9":4,"10":0,"11":0,"12":4,"13":0,"14":0,"15":0,"16":0,"17":0,"18":0,"19":9},"f":{"0":4,"1":4,"2":0,"3":0,"4":0},"b":{"0":[4],"1":[4,0],"2":[4,0]},"_coverageSchema":"1a1c01bbd47fc00a2c39e90264f33305004495a9","hash":"5e7898f4068e0ebd7a246a8b3b3f733d757cde60"}
}
