TN:
SF:app.js
FN:35,(anonymous_0)
FN:78,(anonymous_1)
FN:88,(anonymous_2)
FN:90,(anonymous_3)
FN:91,(anonymous_4)
FN:92,(anonymous_5)
FN:97,(anonymous_6)
FNF:7
FNH:0
FNDA:0,(anonymous_0)
FNDA:0,(anonymous_1)
FNDA:0,(anonymous_2)
FNDA:0,(anonymous_3)
FNDA:0,(anonymous_4)
FNDA:0,(anonymous_5)
FNDA:0,(anonymous_6)
DA:1,9
DA:2,9
DA:3,9
DA:4,9
DA:5,9
DA:6,9
DA:7,9
DA:8,9
DA:9,9
DA:10,9
DA:11,9
DA:12,9
DA:13,9
DA:14,9
DA:15,9
DA:16,9
DA:17,9
DA:18,9
DA:19,9
DA:20,9
DA:21,9
DA:22,9
DA:23,9
DA:25,9
DA:26,9
DA:27,9
DA:29,9
DA:31,9
DA:32,0
DA:33,0
DA:36,0
DA:37,0
DA:39,0
DA:40,0
DA:43,0
DA:44,0
DA:45,0
DA:46,0
DA:47,0
DA:48,0
DA:49,0
DA:52,0
DA:56,0
DA:60,9
DA:61,9
DA:62,9
DA:63,9
DA:68,9
DA:69,9
DA:70,9
DA:71,9
DA:72,9
DA:73,9
DA:74,9
DA:75,9
DA:76,9
DA:78,9
DA:79,0
DA:80,0
DA:81,0
DA:83,0
DA:84,0
DA:88,9
DA:90,9
DA:91,9
DA:92,9
DA:94,9
DA:96,9
DA:97,0
DA:98,0
DA:102,9
LF:71
LH:49
BRDA:31,0,0,0
BRDA:31,0,1,9
BRDA:36,1,0,0
BRDA:36,1,1,0
BRDA:56,2,0,0
BRDA:56,2,1,0
BRDA:80,3,0,0
BRDA:80,3,1,0
BRDA:94,4,0,9
BRDA:94,4,1,0
BRDA:96,5,0,0
BRDA:96,5,1,9
BRDA:97,6,0,0
BRDA:97,6,1,0
BRF:14
BRH:3
end_of_record
TN:
SF:config.js
FNF:0
FNH:0
DA:1,15
DA:3,15
DA:33,15
LF:3
LH:3
BRF:0
BRH:0
end_of_record
TN:
SF:controllers/Admin.controller.js
FN:6,(anonymous_0)
FN:10,(anonymous_1)
FN:37,(anonymous_2)
FN:57,(anonymous_3)
FN:79,(anonymous_4)
FN:106,(anonymous_5)
FN:113,(anonymous_6)
FN:119,(anonymous_7)
FNF:8
FNH:4
FNDA:9,(anonymous_0)
FNDA:1,(anonymous_1)
FNDA:0,(anonymous_2)
FNDA:0,(anonymous_3)
FNDA:0,(anonymous_4)
FNDA:0,(anonymous_5)
FNDA:9,(anonymous_6)
FNDA:9,(anonymous_7)
DA:1,9
DA:2,9
DA:3,9
DA:4,9
DA:7,9
DA:10,9
DA:11,1
DA:12,0
DA:14,1
DA:15,1
DA:16,1
DA:17,0
DA:19,1
DA:21,1
DA:22,1
DA:24,1
DA:25,1
DA:31,0
DA:32,0
DA:37,9
DA:38,0
DA:39,0
DA:40,0
DA:41,0
DA:42,0
DA:43,0
DA:44,0
DA:53,0
DA:54,0
DA:57,9
DA:58,0
DA:59,0
DA:60,0
DA:61,0
DA:62,0
DA:63,0
DA:64,0
DA:70,0
DA:71,0
DA:79,9
DA:80,0
DA:81,0
DA:82,0
DA:83,0
DA:84,0
DA:85,0
DA:86,0
DA:87,0
DA:88,0
DA:94,0
DA:101,0
DA:102,0
DA:107,0
DA:109,0
DA:113,9
DA:114,9
DA:119,9
DA:120,9
DA:128,9
LF:59
LH:23
BRDA:11,0,0,0
BRDA:11,0,1,1
BRDA:16,1,0,0
BRDA:16,1,1,1
BRDA:38,2,0,0
BRDA:38,2,1,0
BRDA:58,3,0,0
BRDA:58,3,1,0
BRDA:80,4,0,0
BRDA:80,4,1,0
BRDA:86,5,0,0
BRDA:86,5,1,0
BRDA:107,6,0,0
BRF:13
BRH:2
end_of_record
TN:
SF:controllers/Appointment.controller.js
FN:8,(anonymous_0)
FN:11,(anonymous_1)
FN:34,(anonymous_2)
FN:57,(anonymous_3)
FN:78,(anonymous_4)
FN:111,(anonymous_5)
FN:133,(anonymous_6)
FN:157,(anonymous_7)
FN:181,(anonymous_8)
FN:226,(anonymous_9)
FN:257,(anonymous_10)
FN:302,(anonymous_11)
FN:330,(anonymous_12)
FNF:13
FNH:12
FNDA:9,(anonymous_0)
FNDA:1,(anonymous_1)
FNDA:1,(anonymous_2)
FNDA:1,(anonymous_3)
FNDA:4,(anonymous_4)
FNDA:1,(anonymous_5)
FNDA:2,(anonymous_6)
FNDA:2,(anonymous_7)
FNDA:2,(anonymous_8)
FNDA:1,(anonymous_9)
FNDA:2,(anonymous_10)
FNDA:1,(anonymous_11)
FNDA:0,(anonymous_12)
DA:2,9
DA:3,9
DA:4,9
DA:5,9
DA:6,9
DA:9,9
DA:11,9
DA:12,1
DA:13,0
DA:15,1
DA:16,1
DA:18,1
DA:19,0
DA:21,1
DA:23,1
DA:24,1
DA:30,0
DA:31,0
DA:34,9
DA:35,1
DA:36,0
DA:37,1
DA:38,1
DA:39,1
DA:40,1
DA:48,0
DA:49,0
DA:57,9
DA:58,1
DA:59,0
DA:60,1
DA:61,1
DA:62,1
DA:63,1
DA:69,0
DA:70,0
DA:78,9
DA:79,4
DA:80,0
DA:81,4
DA:82,4
DA:83,4
DA:84,0
DA:86,4
DA:87,0
DA:89,4
DA:90,4
DA:91,4
DA:102,0
DA:103,0
DA:111,9
DA:112,1
DA:113,0
DA:114,1
DA:115,1
DA:116,1
DA:117,1
DA:118,1
DA:124,0
DA:125,0
DA:133,9
DA:134,2
DA:135,0
DA:137,2
DA:138,2
DA:139,2
DA:140,0
DA:142,2
DA:143,2
DA:144,2
DA:145,2
DA:151,0
DA:152,0
DA:157,9
DA:158,2
DA:159,0
DA:161,2
DA:162,2
DA:163,2
DA:164,0
DA:166,2
DA:167,2
DA:168,2
DA:176,0
DA:177,0
DA:181,9
DA:182,2
DA:183,0
DA:185,2
DA:186,2
DA:187,2
DA:188,2
DA:189,2
DA:190,2
DA:191,0
DA:193,2
DA:195,2
DA:198,2
DA:202,2
DA:203,1
DA:204,1
DA:213,1
DA:215,2
DA:221,0
DA:222,0
DA:226,9
DA:227,1
DA:228,0
DA:230,1
DA:231,1
DA:232,1
DA:233,1
DA:234,0
DA:236,1
DA:238,1
DA:241,1
DA:246,1
DA:252,0
DA:253,0
DA:257,9
DA:258,2
DA:259,0
DA:261,2
DA:262,2
DA:263,2
DA:264,2
DA:265,2
DA:266,2
DA:267,2
DA:270,2
DA:274,2
DA:275,1
DA:276,1
DA:285,1
DA:289,2
DA:296,0
DA:297,0
DA:302,9
DA:303,1
DA:304,0
DA:306,1
DA:307,1
DA:308,1
DA:309,1
DA:310,1
DA:313,1
DA:318,1
DA:324,0
DA:325,0
DA:331,0
DA:334,0
DA:338,9
LF:152
LH:110
BRDA:12,0,0,0
BRDA:12,0,1,1
BRDA:18,1,0,0
BRDA:18,1,1,1
BRDA:35,2,0,0
BRDA:35,2,1,1
BRDA:58,3,0,0
BRDA:58,3,1,1
BRDA:79,4,0,0
BRDA:79,4,1,4
BRDA:83,5,0,0
BRDA:83,5,1,4
BRDA:86,6,0,0
BRDA:86,6,1,4
BRDA:112,7,0,0
BRDA:112,7,1,1
BRDA:134,8,0,0
BRDA:134,8,1,2
BRDA:139,9,0,0
BRDA:139,9,1,2
BRDA:158,10,0,0
BRDA:158,10,1,2
BRDA:163,11,0,0
BRDA:163,11,1,2
BRDA:182,12,0,0
BRDA:182,12,1,2
BRDA:190,13,0,0
BRDA:190,13,1,2
BRDA:190,14,0,2
BRDA:190,14,1,2
BRDA:202,15,0,1
BRDA:202,15,1,1
BRDA:227,16,0,0
BRDA:227,16,1,1
BRDA:233,17,0,0
BRDA:233,17,1,1
BRDA:233,18,0,1
BRDA:233,18,1,1
BRDA:258,19,0,0
BRDA:258,19,1,2
BRDA:274,20,0,1
BRDA:274,20,1,1
BRDA:292,21,0,1
BRDA:292,21,1,1
BRDA:303,22,0,0
BRDA:303,22,1,1
BRF:46
BRH:28
end_of_record
TN:
SF:controllers/Authentication.controller.js
FN:11,(anonymous_0)
FN:23,(anonymous_1)
FN:48,(anonymous_2)
FN:90,(anonymous_3)
FN:112,(anonymous_4)
FN:139,(anonymous_5)
FN:165,(anonymous_6)
FN:191,(anonymous_7)
FN:230,(anonymous_8)
FN:237,(anonymous_9)
FN:241,(anonymous_10)
FN:251,(anonymous_11)
FN:264,(anonymous_12)
FN:274,(anonymous_13)
FNF:14
FNH:10
FNDA:18,(anonymous_0)
FNDA:0,(anonymous_1)
FNDA:11,(anonymous_2)
FNDA:0,(anonymous_3)
FNDA:0,(anonymous_4)
FNDA:4,(anonymous_5)
FNDA:9,(anonymous_6)
FNDA:0,(anonymous_7)
FNDA:18,(anonymous_8)
FNDA:18,(anonymous_9)
FNDA:9,(anonymous_10)
FNDA:9,(anonymous_11)
FNDA:9,(anonymous_12)
FNDA:9,(anonymous_13)
DA:1,9
DA:2,9
DA:3,9
DA:4,9
DA:5,9
DA:6,9
DA:7,9
DA:8,9
DA:12,18
DA:13,9
DA:14,9
DA:15,9
DA:17,0
DA:21,18
DA:23,18
DA:24,0
DA:25,0
DA:26,0
DA:27,0
DA:28,0
DA:30,0
DA:37,0
DA:38,0
DA:40,0
DA:41,0
DA:43,0
DA:48,18
DA:49,11
DA:50,1
DA:51,10
DA:52,10
DA:53,10
DA:54,5
DA:56,5
DA:64,5
DA:65,4
DA:66,4
DA:67,4
DA:69,0
DA:72,5
DA:79,5
DA:85,0
DA:86,0
DA:90,18
DA:91,0
DA:92,0
DA:93,0
DA:94,0
DA:95,0
DA:96,0
DA:97,0
DA:107,0
DA:108,0
DA:112,18
DA:113,0
DA:114,0
DA:115,0
DA:116,0
DA:117,0
DA:118,0
DA:119,0
DA:120,0
DA:121,0
DA:127,0
DA:134,0
DA:135,0
DA:139,18
DA:140,4
DA:141,4
DA:142,0
DA:143,4
DA:144,4
DA:146,4
DA:152,0
DA:153,0
DA:158,0
DA:160,0
DA:161,0
DA:165,18
DA:166,9
DA:167,9
DA:168,5
DA:169,4
DA:170,4
DA:172,4
DA:178,0
DA:179,0
DA:184,0
DA:186,0
DA:187,0
DA:191,18
DA:192,0
DA:193,0
DA:195,0
DA:197,0
DA:199,0
DA:200,0
DA:203,0
DA:204,0
DA:210,0
DA:213,0
DA:214,0
DA:215,0
DA:221,0
DA:225,0
DA:226,0
DA:230,18
DA:231,18
DA:237,18
DA:238,18
DA:241,18
DA:242,9
DA:251,18
DA:252,9
DA:264,18
DA:265,9
DA:274,18
DA:275,9
DA:283,9
LF:119
LH:57
BRDA:12,0,0,9
BRDA:12,0,1,9
BRDA:14,1,0,9
BRDA:14,1,1,0
BRDA:26,2,0,0
BRDA:26,2,1,0
BRDA:40,3,0,0
BRDA:40,3,1,0
BRDA:49,4,0,1
BRDA:49,4,1,10
BRDA:52,5,0,10
BRDA:53,6,0,5
BRDA:53,6,1,5
BRDA:61,7,0,1
BRDA:61,7,1,4
BRDA:64,8,0,4
BRDA:64,8,1,1
BRDA:66,9,0,4
BRDA:66,9,1,0
BRDA:91,10,0,0
BRDA:91,10,1,0
BRDA:113,11,0,0
BRDA:113,11,1,0
BRDA:119,12,0,0
BRDA:119,12,1,0
BRDA:141,13,0,0
BRDA:141,13,1,4
BRDA:152,14,0,0
BRDA:152,14,1,0
BRDA:167,15,0,5
BRDA:167,15,1,4
BRDA:178,16,0,0
BRDA:178,16,1,0
BRDA:192,17,0,0
BRDA:192,17,1,0
BRDA:199,18,0,0
BRDA:199,18,1,0
BRDA:213,19,0,0
BRDA:213,19,1,0
BRDA:238,20,0,9
BRDA:238,20,1,9
BRF:41
BRH:18
end_of_record
TN:
SF:controllers/Controller.js
FN:4,(anonymous_0)
FN:9,(anonymous_1)
FN:27,(anonymous_2)
FN:47,(anonymous_3)
FN:79,(anonymous_4)
FN:103,(anonymous_5)
FN:125,(anonymous_6)
FN:144,(anonymous_7)
FN:167,(anonymous_8)
FN:187,(anonymous_9)
FN:211,(anonymous_10)
FN:241,(anonymous_11)
FN:248,(anonymous_12)
FN:257,(anonymous_13)
FN:264,(anonymous_14)
FNF:15
FNH:10
FNDA:108,(anonymous_0)
FNDA:21,(anonymous_1)
FNDA:6,(anonymous_2)
FNDA:23,(anonymous_3)
FNDA:7,(anonymous_4)
FNDA:4,(anonymous_5)
FNDA:0,(anonymous_6)
FNDA:19,(anonymous_7)
FNDA:0,(anonymous_8)
FNDA:4,(anonymous_9)
FNDA:3,(anonymous_10)
FNDA:0,(anonymous_11)
FNDA:188,(anonymous_12)
FNDA:0,(anonymous_13)
FNDA:0,(anonymous_14)
DA:2,9
DA:5,108
DA:6,108
DA:9,108
DA:10,21
DA:11,15
DA:13,6
DA:14,6
DA:15,6
DA:16,6
DA:22,0
DA:23,0
DA:27,108
DA:28,6
DA:29,0
DA:30,6
DA:31,6
DA:32,6
DA:38,0
DA:39,0
DA:47,108
DA:48,23
DA:49,0
DA:50,23
DA:51,23
DA:52,23
DA:53,0
DA:55,23
DA:56,0
DA:58,23
DA:59,23
DA:70,0
DA:71,0
DA:79,108
DA:80,7
DA:81,0
DA:82,7
DA:83,7
DA:84,7
DA:85,0
DA:87,7
DA:88,7
DA:94,0
DA:95,0
DA:103,108
DA:104,4
DA:105,0
DA:106,4
DA:107,4
DA:108,4
DA:116,0
DA:117,0
DA:125,108
DA:126,0
DA:127,0
DA:129,0
DA:130,0
DA:131,0
DA:132,0
DA:138,0
DA:139,0
DA:144,108
DA:145,19
DA:146,14
DA:148,5
DA:149,5
DA:150,5
DA:151,0
DA:153,5
DA:154,5
DA:155,5
DA:161,0
DA:162,0
DA:167,108
DA:168,0
DA:169,0
DA:171,0
DA:172,0
DA:173,0
DA:181,0
DA:182,0
DA:187,108
DA:188,4
DA:189,0
DA:191,4
DA:192,4
DA:193,4
DA:194,0
DA:196,4
DA:197,4
DA:205,0
DA:206,0
DA:211,108
DA:212,3
DA:213,0
DA:215,3
DA:216,3
DA:217,3
DA:218,0
DA:220,3
DA:225,3
DA:226,3
DA:227,3
DA:235,0
DA:236,0
DA:241,108
DA:242,0
DA:248,108
DA:249,188
DA:250,188
DA:251,35
DA:252,35
DA:254,153
DA:257,108
DA:258,0
DA:264,108
DA:265,0
DA:274,9
LF:118
LH:72
BRDA:4,0,0,0
BRDA:10,1,0,15
BRDA:10,1,1,6
BRDA:28,2,0,0
BRDA:28,2,1,6
BRDA:48,3,0,0
BRDA:48,3,1,23
BRDA:52,4,0,0
BRDA:52,4,1,23
BRDA:55,5,0,0
BRDA:55,5,1,23
BRDA:80,6,0,0
BRDA:80,6,1,7
BRDA:84,7,0,0
BRDA:84,7,1,7
BRDA:104,8,0,0
BRDA:104,8,1,4
BRDA:126,9,0,0
BRDA:126,9,1,0
BRDA:145,10,0,14
BRDA:145,10,1,5
BRDA:150,11,0,0
BRDA:150,11,1,5
BRDA:168,12,0,0
BRDA:168,12,1,0
BRDA:188,13,0,0
BRDA:188,13,1,4
BRDA:193,14,0,0
BRDA:193,14,1,4
BRDA:212,15,0,0
BRDA:212,15,1,3
BRDA:217,16,0,0
BRDA:217,16,1,3
BRDA:250,17,0,35
BRDA:250,17,1,153
BRF:35
BRH:18
end_of_record
TN:
SF:controllers/Exercise.controller.js
FN:8,(anonymous_0)
FN:12,(anonymous_1)
FN:47,(anonymous_2)
FN:58,(anonymous_3)
FN:88,(anonymous_4)
FN:106,(anonymous_5)
FN:142,(anonymous_6)
FN:168,(anonymous_7)
FN:200,(anonymous_8)
FNF:9
FNH:2
FNDA:9,(anonymous_0)
FNDA:0,(anonymous_1)
FNDA:0,(anonymous_2)
FNDA:0,(anonymous_3)
FNDA:0,(anonymous_4)
FNDA:0,(anonymous_5)
FNDA:1,(anonymous_6)
FNDA:0,(anonymous_7)
FNDA:0,(anonymous_8)
DA:1,9
DA:2,9
DA:3,9
DA:4,9
DA:5,9
DA:9,9
DA:12,9
DA:13,0
DA:14,0
DA:15,0
DA:16,0
DA:17,0
DA:18,0
DA:20,0
DA:21,0
DA:33,0
DA:39,0
DA:40,0
DA:47,9
DA:48,0
DA:49,0
DA:50,0
DA:51,0
DA:52,0
DA:53,0
DA:55,0
DA:56,0
DA:57,0
DA:58,0
DA:59,0
DA:71,0
DA:73,0
DA:79,0
DA:80,0
DA:88,9
DA:89,0
DA:90,0
DA:91,0
DA:92,0
DA:93,0
DA:94,0
DA:96,0
DA:97,0
DA:99,0
DA:100,0
DA:102,0
DA:103,0
DA:104,0
DA:105,0
DA:106,0
DA:107,0
DA:119,0
DA:121,0
DA:133,0
DA:134,0
DA:142,9
DA:143,1
DA:144,0
DA:145,1
DA:146,1
DA:149,1
DA:152,1
DA:153,1
DA:154,1
DA:157,0
DA:158,0
DA:161,1
DA:163,0
DA:164,0
DA:168,9
DA:169,0
DA:170,0
DA:172,0
DA:175,0
DA:176,0
DA:179,0
DA:182,0
DA:183,0
DA:184,0
DA:185,0
DA:187,0
DA:188,0
DA:189,0
DA:195,0
DA:196,0
DA:201,0
DA:203,0
DA:209,9
LF:88
LH:20
BRDA:13,0,0,0
BRDA:13,0,1,0
BRDA:17,1,0,0
BRDA:17,1,1,0
BRDA:48,2,0,0
BRDA:48,2,1,0
BRDA:52,3,0,0
BRDA:52,3,1,0
BRDA:89,4,0,0
BRDA:89,4,1,0
BRDA:93,5,0,0
BRDA:93,5,1,0
BRDA:96,6,0,0
BRDA:96,6,1,0
BRDA:99,7,0,0
BRDA:99,7,1,0
BRDA:143,8,0,0
BRDA:143,8,1,1
BRDA:152,9,0,1
BRDA:152,9,1,0
BRDA:169,10,0,0
BRDA:169,10,1,0
BRDA:175,11,0,0
BRDA:175,11,1,0
BRDA:184,12,0,0
BRDA:184,12,1,0
BRDA:201,13,0,0
BRF:27
BRH:2
end_of_record
TN:
SF:controllers/HealthProfessionalType.controller.js
FN:4,(anonymous_0)
FNF:1
FNH:1
FNDA:9,(anonymous_0)
DA:1,9
DA:2,9
DA:5,9
DA:9,9
LF:4
LH:4
BRF:0
BRH:0
end_of_record
TN:
SF:controllers/Payment.controller.js
FN:9,(anonymous_0)
FN:13,(anonymous_1)
FN:49,(anonymous_2)
FNF:3
FNH:1
FNDA:9,(anonymous_0)
FNDA:0,(anonymous_1)
FNDA:0,(anonymous_2)
DA:1,9
DA:2,9
DA:3,9
DA:4,9
DA:6,9
DA:10,9
DA:13,9
DA:14,0
DA:15,0
DA:16,0
DA:18,0
DA:23,0
DA:24,0
DA:26,0
DA:31,0
DA:32,0
DA:38,0
DA:39,0
DA:49,9
DA:50,0
DA:51,0
DA:52,0
DA:55,0
DA:56,0
DA:57,0
DA:59,0
DA:61,0
DA:62,0
DA:63,0
DA:64,0
DA:65,0
DA:66,0
DA:72,0
DA:74,0
DA:76,0
DA:78,0
DA:80,0
DA:87,0
DA:88,0
DA:90,0
DA:91,0
DA:92,0
DA:94,0
DA:101,0
DA:107,0
DA:108,0
DA:117,9
LF:47
LH:9
BRDA:14,0,0,0
BRDA:14,0,1,0
BRDA:51,1,0,0
BRDA:51,1,1,0
BRDA:57,2,0,0
BRDA:57,2,1,0
BRDA:59,3,0,0
BRDA:59,3,1,0
BRDA:62,4,0,0
BRDA:62,4,1,0
BRF:10
BRH:0
end_of_record
TN:
SF:controllers/SecurityManager.controller.js
FN:2,(anonymous_0)
FNF:1
FNH:1
FNDA:189,(anonymous_0)
DA:3,189
DA:11,189
DA:12,2
DA:13,2
DA:16,189
DA:20,9
LF:6
LH:6
BRDA:11,0,0,2
BRDA:11,0,1,187
BRF:2
BRH:2
end_of_record
TN:
SF:controllers/Session.controller.js
FN:6,(anonymous_0)
FN:10,(anonymous_1)
FN:29,(anonymous_2)
FN:53,(anonymous_3)
FN:64,(anonymous_4)
FN:105,(anonymous_5)
FN:164,(anonymous_6)
FN:192,(anonymous_7)
FN:219,(anonymous_8)
FN:239,(anonymous_9)
FN:259,(anonymous_10)
FN:280,(anonymous_11)
FN:301,(anonymous_12)
FN:324,(anonymous_13)
FN:345,(anonymous_14)
FN:369,(anonymous_15)
FN:402,(anonymous_16)
FN:427,(anonymous_17)
FN:452,(anonymous_18)
FN:476,(anonymous_19)
FN:500,(anonymous_20)
FNF:21
FNH:15
FNDA:9,(anonymous_0)
FNDA:1,(anonymous_1)
FNDA:0,(anonymous_2)
FNDA:0,(anonymous_3)
FNDA:0,(anonymous_4)
FNDA:1,(anonymous_5)
FNDA:1,(anonymous_6)
FNDA:1,(anonymous_7)
FNDA:1,(anonymous_8)
FNDA:1,(anonymous_9)
FNDA:1,(anonymous_10)
FNDA:1,(anonymous_11)
FNDA:1,(anonymous_12)
FNDA:1,(anonymous_13)
FNDA:0,(anonymous_14)
FNDA:4,(anonymous_15)
FNDA:0,(anonymous_16)
FNDA:1,(anonymous_17)
FNDA:1,(anonymous_18)
FNDA:1,(anonymous_19)
FNDA:0,(anonymous_20)
DA:2,9
DA:3,9
DA:4,9
DA:7,9
DA:10,9
DA:11,1
DA:12,0
DA:14,1
DA:15,1
DA:16,1
DA:17,1
DA:18,1
DA:24,0
DA:25,0
DA:29,9
DA:30,0
DA:31,0
DA:32,0
DA:33,0
DA:34,0
DA:35,0
DA:37,0
DA:38,0
DA:44,0
DA:45,0
DA:53,9
DA:54,0
DA:55,0
DA:56,0
DA:57,0
DA:58,0
DA:59,0
DA:61,0
DA:63,0
DA:64,0
DA:65,0
DA:87,0
DA:90,0
DA:96,0
DA:97,0
DA:105,9
DA:106,1
DA:107,0
DA:109,1
DA:110,1
DA:111,1
DA:112,0
DA:124,1
DA:125,1
DA:138,1
DA:139,1
DA:140,1
DA:159,0
DA:160,0
DA:164,9
DA:165,1
DA:166,0
DA:168,1
DA:169,1
DA:170,1
DA:171,0
DA:173,1
DA:174,1
DA:175,1
DA:176,1
DA:178,1
DA:187,0
DA:188,0
DA:192,9
DA:193,1
DA:194,0
DA:196,1
DA:197,1
DA:198,1
DA:199,0
DA:201,1
DA:202,1
DA:203,1
DA:205,1
DA:214,0
DA:215,0
DA:219,9
DA:220,1
DA:221,0
DA:222,1
DA:223,1
DA:224,1
DA:230,0
DA:231,0
DA:239,9
DA:240,1
DA:241,0
DA:242,1
DA:243,1
DA:244,1
DA:250,0
DA:251,0
DA:259,9
DA:260,1
DA:261,0
DA:262,1
DA:263,1
DA:264,1
DA:265,1
DA:271,0
DA:272,0
DA:280,9
DA:281,1
DA:282,0
DA:283,1
DA:284,1
DA:285,1
DA:286,1
DA:292,0
DA:293,0
DA:301,9
DA:302,1
DA:303,0
DA:304,1
DA:305,1
DA:306,1
DA:307,1
DA:315,0
DA:316,0
DA:324,9
DA:325,1
DA:326,0
DA:327,1
DA:328,1
DA:329,1
DA:330,1
DA:336,0
DA:337,0
DA:345,9
DA:346,0
DA:347,0
DA:348,0
DA:349,0
DA:350,0
DA:351,0
DA:353,0
DA:354,0
DA:360,0
DA:361,0
DA:369,9
DA:370,4
DA:371,0
DA:372,4
DA:373,4
DA:374,4
DA:375,0
DA:377,4
DA:378,0
DA:380,4
DA:381,4
DA:382,4
DA:393,0
DA:394,0
DA:402,9
DA:403,0
DA:404,0
DA:405,0
DA:406,0
DA:407,0
DA:408,0
DA:410,0
DA:411,0
DA:412,0
DA:418,0
DA:419,0
DA:427,9
DA:428,1
DA:429,0
DA:430,1
DA:431,1
DA:432,1
DA:433,0
DA:435,1
DA:436,1
DA:437,1
DA:443,0
DA:444,0
DA:452,9
DA:453,1
DA:454,0
DA:456,1
DA:457,1
DA:458,1
DA:459,0
DA:461,1
DA:462,1
DA:463,1
DA:464,1
DA:470,0
DA:471,0
DA:476,9
DA:477,1
DA:478,0
DA:480,1
DA:481,1
DA:482,1
DA:483,0
DA:485,1
DA:486,1
DA:487,1
DA:495,0
DA:496,0
DA:501,0
DA:504,0
DA:508,9
LF:210
LH:113
BRDA:11,0,0,0
BRDA:11,0,1,1
BRDA:30,1,0,0
BRDA:30,1,1,0
BRDA:34,2,0,0
BRDA:34,2,1,0
BRDA:54,3,0,0
BRDA:54,3,1,0
BRDA:58,4,0,0
BRDA:58,4,1,0
BRDA:63,5,0,0
BRDA:63,5,1,0
BRDA:106,6,0,0
BRDA:106,6,1,1
BRDA:111,7,0,0
BRDA:111,7,1,1
BRDA:165,8,0,0
BRDA:165,8,1,1
BRDA:170,9,0,0
BRDA:170,9,1,1
BRDA:193,10,0,0
BRDA:193,10,1,1
BRDA:198,11,0,0
BRDA:198,11,1,1
BRDA:220,12,0,0
BRDA:220,12,1,1
BRDA:240,13,0,0
BRDA:240,13,1,1
BRDA:260,14,0,0
BRDA:260,14,1,1
BRDA:281,15,0,0
BRDA:281,15,1,1
BRDA:302,16,0,0
BRDA:302,16,1,1
BRDA:325,17,0,0
BRDA:325,17,1,1
BRDA:346,18,0,0
BRDA:346,18,1,0
BRDA:350,19,0,0
BRDA:350,19,1,0
BRDA:370,20,0,0
BRDA:370,20,1,4
BRDA:374,21,0,0
BRDA:374,21,1,4
BRDA:377,22,0,0
BRDA:377,22,1,4
BRDA:403,23,0,0
BRDA:403,23,1,0
BRDA:407,24,0,0
BRDA:407,24,1,0
BRDA:428,25,0,0
BRDA:428,25,1,1
BRDA:432,26,0,0
BRDA:432,26,1,1
BRDA:453,27,0,0
BRDA:453,27,1,1
BRDA:458,28,0,0
BRDA:458,28,1,1
BRDA:477,29,0,0
BRDA:477,29,1,1
BRDA:482,30,0,0
BRDA:482,30,1,1
BRF:62
BRH:22
end_of_record
TN:
SF:controllers/Settings.controller.js
FN:4,(anonymous_0)
FN:8,(anonymous_1)
FN:28,(anonymous_2)
FN:50,(anonymous_3)
FNF:4
FNH:1
FNDA:9,(anonymous_0)
FNDA:0,(anonymous_1)
FNDA:0,(anonymous_2)
FNDA:0,(anonymous_3)
DA:1,9
DA:2,9
DA:5,9
DA:8,9
DA:9,0
DA:10,0
DA:11,0
DA:12,0
DA:13,0
DA:19,0
DA:20,0
DA:28,9
DA:29,0
DA:30,0
DA:31,0
DA:32,0
DA:33,0
DA:41,0
DA:42,0
DA:50,9
DA:51,0
DA:52,0
DA:54,0
DA:55,0
DA:56,0
DA:57,0
DA:63,0
DA:64,0
DA:70,9
LF:29
LH:7
BRDA:9,0,0,0
BRDA:9,0,1,0
BRDA:29,1,0,0
BRDA:29,1,1,0
BRDA:51,2,0,0
BRDA:51,2,1,0
BRF:6
BRH:0
end_of_record
TN:
SF:controllers/Subscription.controller.js
FN:4,(anonymous_0)
FN:8,(anonymous_1)
FN:29,(anonymous_2)
FNF:3
FNH:1
FNDA:9,(anonymous_0)
FNDA:0,(anonymous_1)
FNDA:0,(anonymous_2)
DA:1,9
DA:2,9
DA:5,9
DA:8,9
DA:9,0
DA:10,0
DA:11,0
DA:12,0
DA:13,0
DA:14,0
DA:20,0
DA:21,0
DA:29,9
DA:30,0
DA:31,0
DA:32,0
DA:33,0
DA:34,0
DA:35,0
DA:42,0
DA:43,0
DA:52,9
LF:22
LH:6
BRDA:9,0,0,0
BRDA:9,0,1,0
BRDA:30,1,0,0
BRDA:30,1,1,0
BRDA:37,2,0,0
BRDA:37,2,1,0
BRDA:38,3,0,0
BRDA:38,3,1,0
BRF:8
BRH:0
end_of_record
TN:
SF:controllers/SubscriptionPackage.controller.js
FN:4,(anonymous_0)
FN:8,(anonymous_1)
FNF:2
FNH:2
FNDA:9,(anonymous_0)
FNDA:1,(anonymous_1)
DA:1,9
DA:2,9
DA:5,9
DA:8,9
DA:9,1
DA:10,0
DA:12,1
DA:13,1
DA:17,1
DA:23,0
DA:24,0
DA:33,9
LF:12
LH:9
BRDA:9,0,0,0
BRDA:9,0,1,1
BRF:2
BRH:1
end_of_record
TN:
SF:controllers/User.controller.js
FN:9,(anonymous_0)
FN:12,(anonymous_1)
FN:24,(anonymous_2)
FN:48,(anonymous_3)
FN:61,(anonymous_4)
FN:90,(anonymous_5)
FN:105,(anonymous_6)
FN:125,(anonymous_7)
FN:134,(anonymous_8)
FN:158,(anonymous_9)
FN:214,(anonymous_10)
FN:276,(anonymous_11)
FN:303,(anonymous_12)
FN:329,(anonymous_13)
FN:344,(anonymous_14)
FN:373,(anonymous_15)
FN:408,(anonymous_16)
FN:456,(anonymous_17)
FN:483,(anonymous_18)
FN:513,(anonymous_19)
FNF:20
FNH:18
FNDA:9,(anonymous_0)
FNDA:1,(anonymous_1)
FNDA:5,(anonymous_2)
FNDA:4,(anonymous_3)
FNDA:50,(anonymous_4)
FNDA:3,(anonymous_5)
FNDA:0,(anonymous_6)
FNDA:3,(anonymous_7)
FNDA:9,(anonymous_8)
FNDA:3,(anonymous_9)
FNDA:2,(anonymous_10)
FNDA:1,(anonymous_11)
FNDA:3,(anonymous_12)
FNDA:12,(anonymous_13)
FNDA:150,(anonymous_14)
FNDA:3,(anonymous_15)
FNDA:3,(anonymous_16)
FNDA:1,(anonymous_17)
FNDA:3,(anonymous_18)
FNDA:0,(anonymous_19)
DA:1,9
DA:2,9
DA:3,9
DA:4,9
DA:5,9
DA:7,9
DA:10,9
DA:12,9
DA:13,1
DA:14,0
DA:15,1
DA:16,1
DA:17,1
DA:18,1
DA:19,0
DA:21,1
DA:24,1
DA:25,5
DA:26,5
DA:31,0
DA:33,1
DA:39,0
DA:40,0
DA:48,9
DA:49,4
DA:50,0
DA:51,4
DA:52,4
DA:53,4
DA:54,0
DA:56,4
DA:57,0
DA:60,4
DA:61,4
DA:62,50
DA:63,50
DA:68,0
DA:70,4
DA:81,0
DA:82,0
DA:90,9
DA:91,3
DA:92,3
DA:93,2
DA:94,1
DA:95,1
DA:97,0
DA:105,9
DA:106,0
DA:107,0
DA:108,0
DA:109,0
DA:110,0
DA:111,0
DA:112,0
DA:121,0
DA:122,0
DA:125,9
DA:126,3
DA:127,0
DA:129,3
DA:130,3
DA:134,3
DA:135,9
DA:136,9
DA:141,0
DA:143,3
DA:149,0
DA:150,0
DA:158,9
DA:159,3
DA:160,0
DA:162,3
DA:163,3
DA:166,3
DA:167,3
DA:168,3
DA:169,3
DA:173,3
DA:174,3
DA:179,3
DA:191,3
DA:192,3
DA:193,3
DA:201,0
DA:202,0
DA:207,0
DA:209,0
DA:210,0
DA:214,9
DA:215,2
DA:216,0
DA:218,2
DA:219,2
DA:222,2
DA:224,2
DA:225,2
DA:229,2
DA:230,2
DA:235,2
DA:246,2
DA:247,1
DA:252,2
DA:253,2
DA:254,2
DA:255,2
DA:263,0
DA:264,0
DA:269,0
DA:271,0
DA:272,0
DA:276,9
DA:277,1
DA:278,0
DA:279,1
DA:280,1
DA:281,1
DA:282,1
DA:283,1
DA:288,1
DA:294,0
DA:295,0
DA:303,9
DA:304,3
DA:305,0
DA:307,3
DA:308,3
DA:312,3
DA:320,0
DA:321,0
DA:329,9
DA:330,12
DA:331,0
DA:332,12
DA:333,12
DA:334,12
DA:335,0
DA:337,12
DA:338,0
DA:340,12
DA:344,12
DA:345,150
DA:346,150
DA:351,0
DA:353,12
DA:364,0
DA:365,0
DA:373,9
DA:374,3
DA:375,0
DA:377,3
DA:378,3
DA:379,3
DA:380,0
DA:382,3
DA:387,3
DA:388,3
DA:393,3
DA:399,0
DA:400,0
DA:408,9
DA:409,3
DA:410,0
DA:412,3
DA:413,3
DA:414,3
DA:415,0
DA:426,3
DA:427,3
DA:438,3
DA:445,3
DA:451,0
DA:452,0
DA:456,9
DA:457,1
DA:458,0
DA:460,1
DA:461,1
DA:462,1
DA:463,0
DA:465,1
DA:468,1
DA:469,1
DA:471,1
DA:472,1
DA:478,0
DA:479,0
DA:483,9
DA:484,3
DA:485,0
DA:487,3
DA:488,3
DA:489,3
DA:490,0
DA:492,3
DA:493,3
DA:500,3
DA:508,0
DA:509,0
DA:513,9
DA:514,0
DA:517,0
DA:521,9
LF:203
LH:136
BRDA:13,0,0,0
BRDA:13,0,1,1
BRDA:18,1,0,0
BRDA:18,1,1,1
BRDA:25,2,0,5
BRDA:25,2,1,0
BRDA:49,3,0,0
BRDA:49,3,1,4
BRDA:53,4,0,0
BRDA:53,4,1,4
BRDA:56,5,0,0
BRDA:56,5,1,4
BRDA:62,6,0,50
BRDA:62,6,1,0
BRDA:92,7,0,2
BRDA:92,7,1,1
BRDA:92,8,0,3
BRDA:92,8,1,2
BRDA:94,9,0,1
BRDA:94,9,1,0
BRDA:106,10,0,0
BRDA:106,10,1,0
BRDA:126,11,0,0
BRDA:126,11,1,3
BRDA:135,12,0,9
BRDA:135,12,1,0
BRDA:159,13,0,0
BRDA:159,13,1,3
BRDA:192,14,0,3
BRDA:192,14,1,0
BRDA:201,15,0,0
BRDA:201,15,1,0
BRDA:215,16,0,0
BRDA:215,16,1,2
BRDA:246,17,0,1
BRDA:246,17,1,1
BRDA:254,18,0,2
BRDA:254,18,1,0
BRDA:263,19,0,0
BRDA:263,19,1,0
BRDA:277,20,0,0
BRDA:277,20,1,1
BRDA:282,21,0,1
BRDA:282,21,1,0
BRDA:304,22,0,0
BRDA:304,22,1,3
BRDA:330,23,0,0
BRDA:330,23,1,12
BRDA:334,24,0,0
BRDA:334,24,1,12
BRDA:337,25,0,0
BRDA:337,25,1,12
BRDA:345,26,0,150
BRDA:345,26,1,0
BRDA:374,27,0,0
BRDA:374,27,1,3
BRDA:379,28,0,0
BRDA:379,28,1,3
BRDA:387,29,0,3
BRDA:387,29,1,0
BRDA:409,30,0,0
BRDA:409,30,1,3
BRDA:414,31,0,0
BRDA:414,31,1,3
BRDA:457,32,0,0
BRDA:457,32,1,1
BRDA:462,33,0,0
BRDA:462,33,1,1
BRDA:484,34,0,0
BRDA:484,34,1,3
BRDA:489,35,0,0
BRDA:489,35,1,3
BRF:72
BRH:36
end_of_record
TN:
SF:data/email_template.js
FNF:0
FNH:0
DA:1,9
DA:200,9
LF:2
LH:2
BRF:0
BRH:0
end_of_record
TN:
SF:middlewares/Admin.middleware.js
FN:4,(anonymous_0)
FNF:1
FNH:0
FNDA:0,(anonymous_0)
DA:1,9
DA:5,0
DA:14,9
LF:3
LH:2
BRF:0
BRH:0
end_of_record
TN:
SF:middlewares/Appointment.middleware.js
FN:9,(anonymous_0)
FN:11,(anonymous_1)
FN:23,(anonymous_2)
FN:38,(anonymous_3)
FN:40,(anonymous_4)
FN:56,(anonymous_5)
FN:59,(anonymous_6)
FNF:7
FNH:7
FNDA:9,(anonymous_0)
FNDA:1,(anonymous_1)
FNDA:1,(anonymous_2)
FNDA:9,(anonymous_3)
FNDA:1,(anonymous_4)
FNDA:9,(anonymous_5)
FNDA:2,(anonymous_6)
DA:1,9
DA:2,9
DA:3,9
DA:4,9
DA:5,9
DA:6,9
DA:9,9
DA:10,9
DA:12,1
DA:13,0
DA:15,1
DA:17,1
DA:18,0
DA:21,1
DA:24,1
DA:25,0
DA:27,1
DA:29,1
DA:30,0
DA:33,1
DA:38,9
DA:39,9
DA:41,1
DA:42,0
DA:44,1
DA:46,1
DA:47,0
DA:50,1
DA:56,9
DA:57,9
DA:60,2
DA:61,0
DA:63,2
DA:65,2
DA:66,0
DA:69,2
DA:76,9
LF:37
LH:29
BRDA:12,0,0,0
BRDA:12,0,1,1
BRDA:17,1,0,0
BRDA:17,1,1,1
BRDA:24,2,0,0
BRDA:24,2,1,1
BRDA:29,3,0,0
BRDA:29,3,1,1
BRDA:41,4,0,0
BRDA:41,4,1,1
BRDA:46,5,0,0
BRDA:46,5,1,1
BRDA:60,6,0,0
BRDA:60,6,1,2
BRDA:65,7,0,0
BRDA:65,7,1,2
BRF:16
BRH:8
end_of_record
TN:
SF:middlewares/Authentication.middleware.js
FN:10,(anonymous_0)
FN:11,(anonymous_1)
FN:25,(anonymous_2)
FN:26,(anonymous_3)
FN:39,(anonymous_4)
FN:40,(anonymous_5)
FN:54,(anonymous_6)
FN:55,(anonymous_7)
FNF:8
FNH:4
FNDA:1053,(anonymous_0)
FNDA:163,(anonymous_1)
FNDA:0,(anonymous_2)
FNDA:0,(anonymous_3)
FNDA:72,(anonymous_4)
FNDA:31,(anonymous_5)
FNDA:0,(anonymous_6)
FNDA:0,(anonymous_7)
DA:1,9
DA:2,9
DA:3,9
DA:4,9
DA:5,9
DA:7,9
DA:8,9
DA:11,1053
DA:12,163
DA:13,163
DA:14,163
DA:15,0
DA:21,163
DA:22,163
DA:26,0
DA:27,0
DA:28,0
DA:29,0
DA:35,0
DA:36,0
DA:40,72
DA:41,31
DA:42,31
DA:43,0
DA:49,31
DA:50,31
DA:55,0
DA:56,0
DA:57,0
DA:58,0
DA:64,0
DA:65,0
DA:70,9
LF:33
LH:19
BRDA:10,0,0,0
BRDA:13,1,0,163
BRDA:13,1,1,0
BRDA:14,2,0,0
BRDA:14,2,1,163
BRDA:28,3,0,0
BRDA:28,3,1,0
BRDA:28,4,0,0
BRDA:28,4,1,0
BRDA:28,4,2,0
BRDA:42,5,0,0
BRDA:42,5,1,31
BRDA:42,6,0,31
BRDA:42,6,1,0
BRDA:42,6,2,0
BRDA:57,7,0,0
BRDA:57,7,1,0
BRF:17
BRH:4
end_of_record
TN:
SF:middlewares/Exercise.middleware.js
FN:10,(anonymous_0)
FN:13,(anonymous_1)
FN:20,(anonymous_2)
FN:30,(anonymous_3)
FN:40,(anonymous_4)
FN:48,(anonymous_5)
FN:80,(anonymous_6)
FN:80,(anonymous_7)
FN:96,(anonymous_8)
FNF:9
FNH:5
FNDA:0,(anonymous_0)
FNDA:0,(anonymous_1)
FNDA:9,(anonymous_2)
FNDA:9,(anonymous_3)
FNDA:9,(anonymous_4)
FNDA:1,(anonymous_5)
FNDA:4,(anonymous_6)
FNDA:0,(anonymous_7)
FNDA:0,(anonymous_8)
DA:1,9
DA:2,9
DA:3,9
DA:4,9
DA:5,9
DA:6,9
DA:7,9
DA:8,9
DA:9,9
DA:11,0
DA:14,0
DA:18,9
DA:20,9
DA:21,9
DA:30,9
DA:31,9
DA:40,9
DA:41,9
DA:48,9
DA:49,1
DA:50,1
DA:51,1
DA:52,1
DA:58,1
DA:60,1
DA:61,4
DA:62,4
DA:63,0
DA:69,4
DA:70,0
DA:74,4
DA:75,4
DA:80,4
DA:82,1
DA:84,0
DA:85,0
DA:86,0
DA:92,0
DA:96,9
DA:97,0
DA:98,0
DA:99,0
DA:102,9
LF:43
LH:32
BRDA:49,0,0,1
BRDA:49,0,1,0
BRDA:62,1,0,0
BRDA:62,1,1,4
BRDA:69,2,0,0
BRDA:69,2,1,4
BRF:6
BRH:3
end_of_record
TN:
SF:middlewares/Payment.middleware.js
FN:9,(anonymous_0)
FN:14,(anonymous_1)
FN:29,(anonymous_2)
FN:32,(anonymous_3)
FN:47,(anonymous_4)
FNF:5
FNH:3
FNDA:18,(anonymous_0)
FNDA:10,(anonymous_1)
FNDA:9,(anonymous_2)
FNDA:0,(anonymous_3)
FNDA:0,(anonymous_4)
DA:1,9
DA:2,9
DA:3,9
DA:5,9
DA:6,9
DA:9,9
DA:10,18
DA:15,10
DA:16,2
DA:18,8
DA:20,8
DA:21,0
DA:24,8
DA:29,9
DA:30,9
DA:33,0
DA:34,0
DA:36,0
DA:38,0
DA:39,0
DA:42,0
DA:43,0
DA:45,0
DA:48,0
DA:49,0
DA:50,0
DA:56,9
LF:27
LH:15
BRDA:15,0,0,2
BRDA:15,0,1,8
BRDA:20,1,0,0
BRDA:20,1,1,8
BRDA:33,2,0,0
BRDA:33,2,1,0
BRDA:38,3,0,0
BRDA:38,3,1,0
BRDA:42,4,0,0
BRDA:42,4,1,0
BRF:10
BRH:3
end_of_record
TN:
SF:middlewares/Session.middleware.js
FN:10,(anonymous_0)
FN:15,(anonymous_1)
FN:20,(anonymous_2)
FN:32,(anonymous_3)
FN:44,(anonymous_4)
FN:59,(anonymous_5)
FN:73,(anonymous_6)
FN:76,(anonymous_7)
FN:95,(anonymous_8)
FN:97,(anonymous_9)
FN:117,(anonymous_10)
FN:122,(anonymous_11)
FN:128,(anonymous_12)
FN:140,(anonymous_13)
FNF:14
FNH:12
FNDA:9,(anonymous_0)
FNDA:1,(anonymous_1)
FNDA:1,(anonymous_2)
FNDA:1,(anonymous_3)
FNDA:1,(anonymous_4)
FNDA:9,(anonymous_5)
FNDA:9,(anonymous_6)
FNDA:5,(anonymous_7)
FNDA:0,(anonymous_8)
FNDA:0,(anonymous_9)
FNDA:9,(anonymous_10)
FNDA:1,(anonymous_11)
FNDA:1,(anonymous_12)
FNDA:1,(anonymous_13)
DA:1,9
DA:2,9
DA:3,9
DA:4,9
DA:5,9
DA:6,9
DA:7,9
DA:10,9
DA:11,9
DA:16,1
DA:17,0
DA:21,1
DA:22,0
DA:24,1
DA:26,1
DA:27,0
DA:30,1
DA:33,1
DA:34,0
DA:36,1
DA:38,1
DA:39,0
DA:42,1
DA:45,1
DA:46,0
DA:48,1
DA:50,1
DA:51,0
DA:54,1
DA:59,9
DA:60,9
DA:73,9
DA:74,9
DA:77,5
DA:78,0
DA:80,5
DA:82,5
DA:83,0
DA:85,5
DA:95,9
DA:96,0
DA:98,0
DA:99,0
DA:101,0
DA:103,0
DA:104,0
DA:106,0
DA:117,9
DA:118,9
DA:123,1
DA:124,0
DA:126,1
DA:129,1
DA:130,0
DA:132,1
DA:134,1
DA:135,0
DA:138,1
DA:141,1
DA:142,0
DA:144,1
DA:146,1
DA:147,0
DA:150,1
DA:157,9
LF:65
LH:44
BRDA:16,0,0,0
BRDA:16,0,1,1
BRDA:21,1,0,0
BRDA:21,1,1,1
BRDA:26,2,0,0
BRDA:26,2,1,1
BRDA:33,3,0,0
BRDA:33,3,1,1
BRDA:38,4,0,0
BRDA:38,4,1,1
BRDA:45,5,0,0
BRDA:45,5,1,1
BRDA:50,6,0,0
BRDA:50,6,1,1
BRDA:77,7,0,0
BRDA:77,7,1,5
BRDA:82,8,0,0
BRDA:82,8,1,5
BRDA:98,9,0,0
BRDA:98,9,1,0
BRDA:103,10,0,0
BRDA:103,10,1,0
BRDA:123,11,0,0
BRDA:123,11,1,1
BRDA:129,12,0,0
BRDA:129,12,1,1
BRDA:134,13,0,0
BRDA:134,13,1,1
BRDA:141,14,0,0
BRDA:141,14,1,1
BRDA:146,15,0,0
BRDA:146,15,1,1
BRF:32
BRH:14
end_of_record
TN:
SF:middlewares/Subscription.middleware.js
FN:10,(anonymous_0)
FN:14,(anonymous_1)
FN:26,(anonymous_2)
FN:38,(anonymous_3)
FNF:4
FNH:4
FNDA:18,(anonymous_0)
FNDA:10,(anonymous_1)
FNDA:10,(anonymous_2)
FNDA:10,(anonymous_3)
DA:1,9
DA:2,9
DA:3,9
DA:4,9
DA:5,9
DA:6,9
DA:7,9
DA:10,9
DA:11,18
DA:15,10
DA:16,2
DA:18,8
DA:20,8
DA:21,0
DA:24,8
DA:27,10
DA:28,2
DA:30,8
DA:32,8
DA:33,0
DA:36,8
DA:39,10
DA:40,10
DA:41,0
DA:43,10
DA:45,10
DA:46,0
DA:49,10
DA:55,9
LF:29
LH:25
BRDA:15,0,0,2
BRDA:15,0,1,8
BRDA:20,1,0,0
BRDA:20,1,1,8
BRDA:27,2,0,2
BRDA:27,2,1,8
BRDA:32,3,0,0
BRDA:32,3,1,8
BRDA:39,4,0,10
BRDA:39,4,1,0
BRDA:40,5,0,0
BRDA:40,5,1,10
BRDA:45,6,0,0
BRDA:45,6,1,10
BRF:14
BRH:9
end_of_record
TN:
SF:middlewares/SubscriptionPackage.middleware.js
FN:6,(anonymous_0)
FN:11,(anonymous_1)
FNF:2
FNH:2
FNDA:18,(anonymous_0)
FNDA:15,(anonymous_1)
DA:1,9
DA:2,9
DA:3,9
DA:6,9
DA:7,18
DA:12,15
DA:13,15
DA:14,0
DA:15,0
DA:17,15
DA:29,9
LF:11
LH:9
BRDA:13,0,0,0
BRDA:13,0,1,15
BRDA:13,1,0,15
BRDA:13,1,1,8
BRF:4
BRH:3
end_of_record
TN:
SF:middlewares/User.middleware.js
FN:8,(anonymous_0)
FN:14,(anonymous_1)
FN:19,(anonymous_2)
FN:27,(anonymous_3)
FN:32,(anonymous_4)
FN:61,(anonymous_5)
FN:61,(anonymous_6)
FNF:7
FNH:4
FNDA:9,(anonymous_0)
FNDA:9,(anonymous_1)
FNDA:2,(anonymous_2)
FNDA:9,(anonymous_3)
FNDA:0,(anonymous_4)
FNDA:0,(anonymous_5)
FNDA:0,(anonymous_6)
DA:1,9
DA:2,9
DA:3,9
DA:4,9
DA:5,9
DA:6,9
DA:8,9
DA:9,9
DA:14,9
DA:15,9
DA:20,2
DA:21,0
DA:23,2
DA:27,9
DA:28,9
DA:32,9
DA:33,0
DA:34,0
DA:35,0
DA:36,0
DA:37,0
DA:39,0
DA:40,0
DA:41,0
DA:45,0
DA:48,0
DA:49,0
DA:54,0
DA:55,0
DA:60,0
DA:61,0
DA:62,0
DA:64,0
DA:65,0
DA:66,0
DA:72,0
DA:77,9
LF:37
LH:16
BRDA:20,0,0,0
BRDA:20,0,1,2
BRDA:33,1,0,0
BRDA:33,1,1,0
BRDA:40,2,0,0
BRDA:40,2,1,0
BRDA:48,3,0,0
BRDA:48,3,1,0
BRF:8
BRH:1
end_of_record
TN:
SF:models/Admin.model.js
FN:55,(anonymous_0)
FN:59,(anonymous_1)
FN:63,(anonymous_2)
FNF:3
FNH:3
FNDA:279,(anonymous_0)
FNDA:2,(anonymous_1)
FNDA:279,(anonymous_2)
DA:1,11
DA:2,11
DA:3,11
DA:5,11
DA:52,11
DA:55,11
DA:56,279
DA:59,11
DA:60,2
DA:63,11
DA:64,279
DA:65,279
DA:67,279
DA:70,11
LF:14
LH:14
BRDA:64,0,0,279
BRDA:64,0,1,0
BRF:2
BRH:1
end_of_record
TN:
SF:models/Appointments.model.js
FNF:0
FNH:0
DA:1,10
DA:3,10
DA:61,10
DA:63,10
LF:4
LH:4
BRF:0
BRH:0
end_of_record
TN:
SF:models/Email.model.js
FNF:0
FNH:0
DA:1,9
DA:3,9
DA:43,9
DA:46,9
LF:4
LH:4
BRF:0
BRH:0
end_of_record
TN:
SF:models/Exercise.model.js
FN:99,(anonymous_0)
FN:107,(anonymous_1)
FN:122,(anonymous_2)
FN:130,(anonymous_3)
FNF:4
FNH:4
FNDA:7,(anonymous_0)
FNDA:7,(anonymous_1)
FNDA:7,(anonymous_2)
FNDA:7,(anonymous_3)
DA:1,9
DA:2,9
DA:3,9
DA:4,9
DA:100,7
DA:108,7
DA:123,7
DA:131,7
DA:138,9
DA:140,9
LF:10
LH:10
BRF:0
BRH:0
end_of_record
TN:
SF:models/HealthProfessionalType.model.js
FNF:0
FNH:0
DA:1,11
DA:3,11
DA:29,11
DA:32,11
LF:4
LH:4
BRF:0
BRH:0
end_of_record
TN:
SF:models/Payment.model.js
FNF:0
FNH:0
DA:1,9
DA:3,9
DA:41,9
DA:43,9
LF:4
LH:4
BRF:0
BRH:0
end_of_record
TN:
SF:models/Session.model.js
FN:63,(anonymous_0)
FNF:1
FNH:1
FNDA:173,(anonymous_0)
DA:1,9
DA:2,9
DA:3,9
DA:63,173
DA:192,9
DA:194,9
LF:6
LH:6
BRF:0
BRH:0
end_of_record
TN:
SF:models/Settings.model.js
FNF:0
FNH:0
DA:1,9
DA:3,9
DA:43,9
DA:45,9
LF:4
LH:4
BRF:0
BRH:0
end_of_record
TN:
SF:models/Subscription.model.js
FNF:0
FNH:0
DA:1,9
DA:3,9
DA:46,9
DA:48,9
LF:4
LH:4
BRF:0
BRH:0
end_of_record
TN:
SF:models/SubscriptionPackage.model.js
FNF:0
FNH:0
DA:1,9
DA:3,9
DA:60,9
DA:62,9
LF:4
LH:4
BRF:0
BRH:0
end_of_record
TN:
SF:models/User.model.js
FN:22,(anonymous_0)
FN:34,(anonymous_1)
FN:41,(anonymous_2)
FN:204,(anonymous_3)
FN:208,(anonymous_4)
FN:212,(anonymous_5)
FNF:6
FNH:6
FNDA:662,(anonymous_0)
FNDA:662,(anonymous_1)
FNDA:662,(anonymous_2)
FNDA:662,(anonymous_3)
FNDA:6,(anonymous_4)
FNDA:662,(anonymous_5)
DA:1,13
DA:2,13
DA:3,13
DA:4,13
DA:5,13
DA:6,13
DA:23,662
DA:35,662
DA:42,662
DA:201,13
DA:204,13
DA:205,662
DA:208,13
DA:209,6
DA:212,13
DA:213,662
DA:214,662
DA:216,662
DA:219,13
LF:19
LH:19
BRDA:213,0,0,662
BRDA:213,0,1,0
BRF:2
BRH:1
end_of_record
TN:
SF:routes/Admin.route.js
FN:44,(anonymous_0)
FN:45,(anonymous_1)
FNF:2
FNH:0
FNDA:0,(anonymous_0)
FNDA:0,(anonymous_1)
DA:1,9
DA:2,9
DA:3,9
DA:4,9
DA:5,9
DA:6,9
DA:7,9
DA:8,9
DA:13,9
DA:15,9
DA:21,9
DA:27,9
DA:34,9
DA:36,9
DA:37,9
DA:38,9
DA:39,9
DA:40,9
DA:41,9
DA:42,9
DA:44,9
DA:45,9
DA:46,9
LF:23
LH:23
BRF:0
BRH:0
end_of_record
TN:
SF:routes/Appointment.route.js
FNF:0
FNH:0
DA:1,9
DA:2,9
DA:3,9
DA:4,9
DA:5,9
DA:6,9
DA:9,9
DA:10,9
DA:13,9
DA:15,9
DA:17,9
DA:19,9
DA:21,9
DA:23,9
DA:25,9
DA:27,9
DA:29,9
DA:31,9
DA:33,9
DA:35,9
DA:37,9
DA:39,9
DA:41,9
DA:43,9
DA:45,9
DA:47,9
DA:49,9
LF:27
LH:27
BRF:0
BRH:0
end_of_record
TN:
SF:routes/Exercise.route.js
FN:9,(anonymous_0)
FN:12,(anonymous_1)
FN:60,(anonymous_2)
FN:62,(anonymous_3)
FNF:4
FNH:2
FNDA:4,(anonymous_0)
FNDA:4,(anonymous_1)
FNDA:0,(anonymous_2)
FNDA:0,(anonymous_3)
DA:1,9
DA:2,9
DA:3,9
DA:4,9
DA:5,9
DA:6,9
DA:7,9
DA:8,9
DA:10,4
DA:13,4
DA:16,9
DA:18,9
DA:19,9
DA:25,9
DA:32,9
DA:34,9
DA:40,9
DA:42,9
DA:48,9
DA:58,9
DA:60,9
DA:62,9
DA:64,9
LF:23
LH:23
BRF:0
BRH:0
end_of_record
TN:
SF:routes/HealthProfessionalType.route.js
FNF:0
FNH:0
DA:1,9
DA:2,9
DA:3,9
DA:4,9
DA:5,9
DA:6,9
DA:11,9
DA:21,9
DA:33,9
DA:42,9
DA:54,9
DA:68,9
DA:78,9
DA:85,9
DA:92,9
LF:15
LH:15
BRF:0
BRH:0
end_of_record
TN:
SF:routes/Payment.route.js
FNF:0
FNH:0
DA:1,9
DA:2,9
DA:3,9
DA:4,9
DA:5,9
DA:6,9
DA:7,9
DA:12,9
DA:23,9
DA:33,9
DA:45,9
DA:58,9
DA:65,9
DA:75,9
DA:86,9
DA:97,9
DA:104,9
DA:111,9
LF:18
LH:18
BRF:0
BRH:0
end_of_record
TN:
SF:routes/Session.route.js
FNF:0
FNH:0
DA:1,9
DA:2,9
DA:3,9
DA:4,9
DA:6,9
DA:8,9
DA:9,9
DA:11,9
DA:12,9
DA:14,9
DA:16,9
DA:18,9
DA:20,9
DA:22,9
DA:24,9
DA:27,9
DA:30,9
DA:31,9
DA:33,9
DA:35,9
DA:36,9
DA:39,9
DA:41,9
DA:43,9
DA:45,9
DA:46,9
DA:48,9
DA:50,9
DA:52,9
DA:54,9
DA:56,9
DA:58,9
LF:32
LH:32
BRF:0
BRH:0
end_of_record
TN:
SF:routes/Settings.route.js
FNF:0
FNH:0
DA:1,9
DA:2,9
DA:3,9
DA:4,9
DA:5,9
DA:6,9
DA:11,9
DA:22,9
DA:32,9
DA:39,9
LF:10
LH:10
BRF:0
BRH:0
end_of_record
TN:
SF:routes/Subscription.route.js
FNF:0
FNH:0
DA:1,9
DA:2,9
DA:3,9
DA:4,9
DA:5,9
DA:6,9
DA:8,9
DA:13,9
DA:21,9
DA:30,9
DA:43,9
DA:53,9
DA:62,9
DA:72,9
DA:87,9
DA:98,9
DA:105,9
DA:112,9
LF:18
LH:18
BRF:0
BRH:0
end_of_record
TN:
SF:routes/SubscriptionPackage.route.js
FNF:0
FNH:0
DA:1,9
DA:2,9
DA:3,9
DA:4,9
DA:5,9
DA:6,9
DA:7,9
DA:12,9
DA:23,9
DA:35,9
DA:42,9
DA:49,9
DA:63,9
DA:78,9
DA:89,9
DA:96,9
DA:103,9
LF:17
LH:17
BRF:0
BRH:0
end_of_record
TN:
SF:routes/User.route.js
FN:13,(anonymous_0)
FN:16,(anonymous_1)
FN:115,(anonymous_2)
FN:117,(anonymous_3)
FNF:4
FNH:0
FNDA:0,(anonymous_0)
FNDA:0,(anonymous_1)
FNDA:0,(anonymous_2)
FNDA:0,(anonymous_3)
DA:1,9
DA:2,9
DA:3,9
DA:4,9
DA:5,9
DA:6,9
DA:7,9
DA:8,9
DA:9,9
DA:10,9
DA:11,9
DA:12,9
DA:14,0
DA:17,0
DA:20,9
DA:25,9
DA:30,9
DA:32,9
DA:38,9
DA:48,9
DA:57,9
DA:59,9
DA:61,9
DA:63,9
DA:69,9
DA:75,9
DA:80,9
DA:82,9
DA:87,9
DA:92,9
DA:97,9
DA:98,9
DA:103,9
DA:108,9
DA:113,9
DA:115,9
DA:117,9
DA:119,9
LF:38
LH:36
BRF:0
BRH:0
end_of_record
TN:
SF:services/Admin.service.js
FN:4,(anonymous_0)
FN:7,(anonymous_1)
FN:19,(anonymous_2)
FN:25,(anonymous_3)
FN:32,(anonymous_4)
FN:41,(anonymous_5)
FNF:6
FNH:6
FNDA:138,(anonymous_0)
FNDA:279,(anonymous_1)
FNDA:7,(anonymous_2)
FNDA:1,(anonymous_3)
FNDA:1,(anonymous_4)
FNDA:3,(anonymous_5)
DA:1,11
DA:2,11
DA:5,138
DA:7,138
DA:8,279
DA:13,279
DA:14,278
DA:15,278
DA:16,278
DA:19,138
DA:20,7
DA:21,1
DA:22,6
DA:25,138
DA:26,1
DA:27,0
DA:28,1
DA:29,1
DA:32,138
DA:33,1
DA:34,1
DA:35,1
DA:36,1
DA:38,0
DA:41,138
DA:42,3
DA:43,0
DA:45,3
DA:46,3
DA:47,3
DA:48,2
DA:49,1
DA:53,11
LF:33
LH:30
BRDA:20,0,0,1
BRDA:20,0,1,6
BRDA:26,1,0,0
BRDA:26,1,1,1
BRDA:33,2,0,1
BRDA:33,2,1,0
BRDA:36,3,0,1
BRDA:36,3,1,0
BRDA:42,4,0,0
BRDA:42,4,1,3
BRDA:47,5,0,2
BRDA:47,5,1,1
BRF:12
BRH:8
end_of_record
TN:
SF:services/Appointment.service.js
FN:7,(anonymous_0)
FN:11,(anonymous_1)
FN:19,(anonymous_2)
FN:26,(anonymous_3)
FN:33,(anonymous_4)
FN:41,(anonymous_5)
FN:53,(anonymous_6)
FN:57,(anonymous_7)
FN:61,(anonymous_8)
FN:65,(anonymous_9)
FN:73,(anonymous_10)
FN:85,(anonymous_11)
FN:93,(anonymous_12)
FN:97,(anonymous_13)
FN:103,(anonymous_14)
FNF:15
FNH:14
FNDA:15,(anonymous_0)
FNDA:0,(anonymous_1)
FNDA:4,(anonymous_2)
FNDA:6,(anonymous_3)
FNDA:1,(anonymous_4)
FNDA:4,(anonymous_5)
FNDA:1,(anonymous_6)
FNDA:5,(anonymous_7)
FNDA:2,(anonymous_8)
FNDA:3,(anonymous_9)
FNDA:4,(anonymous_10)
FNDA:1,(anonymous_11)
FNDA:1,(anonymous_12)
FNDA:2,(anonymous_13)
FNDA:2,(anonymous_14)
DA:1,10
DA:2,10
DA:3,10
DA:4,10
DA:8,15
DA:11,15
DA:12,0
DA:19,15
DA:20,4
DA:26,15
DA:27,6
DA:33,15
DA:34,1
DA:41,15
DA:42,4
DA:43,0
DA:44,4
DA:53,15
DA:54,1
DA:57,15
DA:58,5
DA:61,15
DA:62,2
DA:65,15
DA:66,3
DA:73,15
DA:74,4
DA:75,0
DA:76,4
DA:85,15
DA:86,1
DA:93,15
DA:94,1
DA:97,15
DA:98,2
DA:100,2
DA:103,15
DA:104,2
DA:111,10
LF:39
LH:36
BRDA:41,0,0,0
BRDA:42,1,0,0
BRDA:42,1,1,4
BRDA:42,2,0,4
BRDA:42,2,1,4
BRDA:73,3,0,0
BRDA:74,4,0,0
BRDA:74,4,1,4
BRDA:74,5,0,4
BRDA:74,5,1,4
BRDA:100,6,0,2
BRDA:100,6,1,0
BRF:12
BRH:7
end_of_record
TN:
SF:services/Email.service.js
FN:19,(anonymous_0)
FN:25,(anonymous_1)
FN:36,(anonymous_2)
FN:49,(anonymous_3)
FN:61,(anonymous_4)
FN:66,(anonymous_5)
FN:72,(anonymous_6)
FN:72,(anonymous_7)
FN:72,(anonymous_8)
FN:94,(anonymous_9)
FN:114,(anonymous_10)
FN:124,(anonymous_11)
FN:135,(anonymous_12)
FN:147,(anonymous_13)
FN:158,(anonymous_14)
FN:171,(anonymous_15)
FN:181,(anonymous_16)
FN:185,(anonymous_17)
FNF:18
FNH:7
FNDA:13,(anonymous_0)
FNDA:4,(anonymous_1)
FNDA:0,(anonymous_2)
FNDA:0,(anonymous_3)
FNDA:0,(anonymous_4)
FNDA:0,(anonymous_5)
FNDA:11,(anonymous_6)
FNDA:0,(anonymous_7)
FNDA:0,(anonymous_8)
FNDA:0,(anonymous_9)
FNDA:5,(anonymous_10)
FNDA:0,(anonymous_11)
FNDA:4,(anonymous_12)
FNDA:2,(anonymous_13)
FNDA:4,(anonymous_14)
FNDA:0,(anonymous_15)
FNDA:0,(anonymous_16)
FNDA:0,(anonymous_17)
DA:1,9
DA:2,9
DA:4,9
DA:5,9
DA:15,9
DA:16,9
DA:20,13
DA:21,13
DA:25,13
DA:26,4
DA:33,4
DA:36,13
DA:37,0
DA:41,0
DA:42,0
DA:43,0
DA:49,13
DA:50,0
DA:54,0
DA:55,0
DA:56,0
DA:61,13
DA:62,0
DA:67,0
DA:72,13
DA:73,11
DA:74,11
DA:76,0
DA:77,0
DA:78,0
DA:80,0
DA:82,0
DA:83,0
DA:84,0
DA:86,0
DA:94,0
DA:95,0
DA:96,0
DA:98,0
DA:99,0
DA:101,0
DA:102,0
DA:106,0
DA:108,0
DA:109,0
DA:110,0
DA:114,13
DA:115,5
DA:124,13
DA:125,0
DA:135,13
DA:136,4
DA:147,13
DA:148,2
DA:158,13
DA:159,4
DA:160,4
DA:171,13
DA:172,0
DA:181,13
DA:182,0
DA:185,13
DA:186,0
DA:187,0
DA:191,9
LF:65
LH:31
BRDA:21,0,0,13
BRDA:21,0,1,0
BRDA:72,1,0,11
BRDA:72,2,0,11
BRDA:73,3,0,11
BRDA:73,3,1,0
BRDA:76,4,0,0
BRDA:76,4,1,0
BRDA:95,5,0,0
BRDA:95,5,1,0
BRDA:101,6,0,0
BRDA:101,6,1,0
BRF:12
BRH:4
end_of_record
TN:
SF:services/Exercise.service.js
FN:5,(anonymous_0)
FNF:1
FNH:1
FNDA:16,(anonymous_0)
DA:1,9
DA:2,9
DA:6,16
DA:10,9
LF:4
LH:4
BRF:0
BRH:0
end_of_record
TN:
SF:services/HealthProfessionalType.service.js
FN:5,(anonymous_0)
FNF:1
FNH:1
FNDA:82,(anonymous_0)
DA:1,11
DA:2,11
DA:6,82
DA:10,11
LF:4
LH:4
BRF:0
BRH:0
end_of_record
TN:
SF:services/Payment.service.js
FN:4,(anonymous_0)
FN:4,(anonymous_1)
FN:8,(anonymous_2)
FN:12,(anonymous_3)
FN:17,(anonymous_4)
FN:23,(anonymous_5)
FN:29,(anonymous_6)
FN:34,(anonymous_7)
FN:44,(anonymous_8)
FN:54,(anonymous_9)
FN:79,(anonymous_10)
FNF:11
FNH:5
FNDA:0,(anonymous_0)
FNDA:0,(anonymous_1)
FNDA:35,(anonymous_2)
FNDA:1,(anonymous_3)
FNDA:1,(anonymous_4)
FNDA:10,(anonymous_5)
FNDA:0,(anonymous_6)
FNDA:4,(anonymous_7)
FNDA:0,(anonymous_8)
FNDA:0,(anonymous_9)
FNDA:0,(anonymous_10)
DA:1,9
DA:2,9
DA:3,9
DA:4,9
DA:5,9
DA:9,35
DA:12,35
DA:13,1
DA:17,35
DA:18,1
DA:23,35
DA:24,10
DA:29,35
DA:30,0
DA:34,35
DA:35,4
DA:36,0
DA:37,4
DA:44,35
DA:45,0
DA:46,0
DA:47,0
DA:54,35
DA:55,0
DA:56,0
DA:62,0
DA:63,0
DA:71,0
DA:72,0
DA:74,0
DA:75,0
DA:79,35
DA:80,0
DA:81,0
DA:83,0
DA:90,0
DA:91,0
DA:93,0
DA:94,0
DA:99,9
LF:40
LH:20
BRDA:34,0,0,0
BRDA:35,1,0,0
BRDA:35,1,1,4
BRDA:35,2,0,4
BRDA:35,2,1,4
BRDA:44,3,0,0
BRDA:45,4,0,0
BRDA:45,4,1,0
BRDA:45,5,0,0
BRDA:45,5,1,0
BRDA:91,6,0,0
BRDA:91,6,1,0
BRF:12
BRH:3
end_of_record
TN:
SF:services/Service.js
FN:2,(anonymous_0)
FN:8,(anonymous_1)
FN:19,(anonymous_2)
FN:23,(anonymous_3)
FN:27,(anonymous_4)
FN:31,(anonymous_5)
FN:35,(anonymous_6)
FN:39,(anonymous_7)
FN:43,(anonymous_8)
FN:49,(anonymous_9)
FN:55,(anonymous_10)
FN:58,(anonymous_11)
FN:61,(anonymous_12)
FN:65,(anonymous_13)
FN:69,(anonymous_14)
FN:74,(anonymous_15)
FN:79,(anonymous_16)
FN:85,(anonymous_17)
FNF:18
FNH:15
FNDA:544,(anonymous_0)
FNDA:961,(anonymous_1)
FNDA:1,(anonymous_2)
FNDA:28,(anonymous_3)
FNDA:49,(anonymous_4)
FNDA:19,(anonymous_5)
FNDA:13,(anonymous_6)
FNDA:9,(anonymous_7)
FNDA:16,(anonymous_8)
FNDA:12,(anonymous_9)
FNDA:22,(anonymous_10)
FNDA:0,(anonymous_11)
FNDA:4,(anonymous_12)
FNDA:0,(anonymous_13)
FNDA:7,(anonymous_14)
FNDA:4,(anonymous_15)
FNDA:0,(anonymous_16)
FNDA:1,(anonymous_17)
DA:3,544
DA:4,544
DA:5,544
DA:9,961
DA:10,961
DA:11,961
DA:12,961
DA:13,961
DA:14,968
DA:15,432
DA:17,961
DA:20,1
DA:24,28
DA:28,49
DA:32,19
DA:36,13
DA:40,9
DA:44,16
DA:45,1
DA:46,15
DA:50,12
DA:51,0
DA:52,12
DA:56,22
DA:59,0
DA:62,4
DA:66,0
DA:70,7
DA:72,7
DA:75,4
DA:77,4
DA:80,0
DA:82,0
DA:86,1
DA:88,1
DA:92,16
LF:36
LH:31
BRDA:2,0,0,106
BRDA:2,1,0,495
BRDA:14,2,0,432
BRDA:14,2,1,536
BRDA:39,3,0,5
BRDA:43,4,0,7
BRDA:44,5,0,1
BRDA:44,5,1,15
BRDA:44,6,0,16
BRDA:44,6,1,15
BRDA:49,7,0,0
BRDA:50,8,0,0
BRDA:50,8,1,12
BRDA:50,9,0,12
BRDA:50,9,1,12
BRDA:72,10,0,7
BRDA:72,10,1,0
BRDA:77,11,0,4
BRDA:77,11,1,0
BRDA:82,12,0,0
BRDA:82,12,1,0
BRDA:88,13,0,1
BRDA:88,13,1,0
BRF:23
BRH:16
end_of_record
TN:
SF:services/Session.service.js
FN:6,(anonymous_0)
FN:10,(anonymous_1)
FN:34,(anonymous_2)
FN:43,(anonymous_3)
FN:47,(anonymous_4)
FN:52,(anonymous_5)
FN:61,(anonymous_6)
FN:74,(anonymous_7)
FN:84,(anonymous_8)
FN:94,(anonymous_9)
FN:105,(anonymous_10)
FN:116,(anonymous_11)
FN:126,(anonymous_12)
FN:130,(anonymous_13)
FN:141,(anonymous_14)
FN:148,(anonymous_15)
FN:155,(anonymous_16)
FN:161,(anonymous_17)
FN:175,(anonymous_18)
FN:184,(anonymous_19)
FN:190,(anonymous_20)
FN:196,(anonymous_21)
FNF:22
FNH:18
FNDA:13,(anonymous_0)
FNDA:2,(anonymous_1)
FNDA:3,(anonymous_2)
FNDA:0,(anonymous_3)
FNDA:0,(anonymous_4)
FNDA:0,(anonymous_5)
FNDA:4,(anonymous_6)
FNDA:5,(anonymous_7)
FNDA:1,(anonymous_8)
FNDA:1,(anonymous_9)
FNDA:1,(anonymous_10)
FNDA:1,(anonymous_11)
FNDA:1,(anonymous_12)
FNDA:1,(anonymous_13)
FNDA:1,(anonymous_14)
FNDA:1,(anonymous_15)
FNDA:1,(anonymous_16)
FNDA:4,(anonymous_17)
FNDA:1,(anonymous_18)
FNDA:1,(anonymous_19)
FNDA:1,(anonymous_20)
FNDA:0,(anonymous_21)
DA:1,9
DA:2,9
DA:3,9
DA:7,13
DA:10,13
DA:11,2
DA:12,2
DA:16,2
DA:19,2
DA:26,2
DA:31,2
DA:34,13
DA:35,3
DA:43,13
DA:44,0
DA:47,13
DA:48,0
DA:52,13
DA:53,0
DA:61,13
DA:62,4
DA:63,0
DA:64,4
DA:74,13
DA:75,5
DA:84,13
DA:85,1
DA:94,13
DA:95,1
DA:96,1
DA:105,13
DA:106,1
DA:107,1
DA:116,13
DA:117,1
DA:118,1
DA:126,13
DA:127,1
DA:130,13
DA:131,1
DA:132,1
DA:141,13
DA:142,1
DA:148,13
DA:149,1
DA:155,13
DA:156,1
DA:161,13
DA:162,4
DA:163,0
DA:164,4
DA:175,13
DA:176,1
DA:184,13
DA:185,1
DA:187,1
DA:190,13
DA:191,1
DA:196,13
DA:197,0
DA:201,9
LF:61
LH:55
BRDA:61,0,0,0
BRDA:62,1,0,0
BRDA:62,1,1,4
BRDA:62,2,0,4
BRDA:62,2,1,4
BRDA:162,3,0,0
BRDA:162,3,1,4
BRDA:162,4,0,4
BRDA:162,4,1,4
BRDA:187,5,0,1
BRDA:187,5,1,0
BRF:11
BRH:7
end_of_record
TN:
SF:services/Settings.service.js
FN:5,(anonymous_0)
FNF:1
FNH:1
FNDA:9,(anonymous_0)
DA:1,9
DA:2,9
DA:6,9
DA:10,9
LF:4
LH:4
BRF:0
BRH:0
end_of_record
TN:
SF:services/Subscription.service.js
FN:5,(anonymous_0)
FN:8,(anonymous_1)
FN:15,(anonymous_2)
FN:23,(anonymous_3)
FN:31,(anonymous_4)
FN:39,(anonymous_5)
FN:51,(anonymous_6)
FNF:7
FNH:5
FNDA:21,(anonymous_0)
FNDA:1,(anonymous_1)
FNDA:1,(anonymous_2)
FNDA:0,(anonymous_3)
FNDA:4,(anonymous_4)
FNDA:3,(anonymous_5)
FNDA:0,(anonymous_6)
DA:1,9
DA:2,9
DA:6,21
DA:8,21
DA:9,1
DA:15,21
DA:16,1
DA:23,21
DA:24,0
DA:31,21
DA:32,4
DA:39,21
DA:40,3
DA:41,0
DA:42,3
DA:51,21
DA:52,0
DA:53,0
DA:54,0
DA:64,9
LF:20
LH:15
BRDA:39,0,0,0
BRDA:40,1,0,0
BRDA:40,1,1,3
BRDA:40,2,0,3
BRDA:40,2,1,3
BRDA:51,3,0,0
BRDA:52,4,0,0
BRDA:52,4,1,0
BRDA:52,5,0,0
BRDA:52,5,1,0
BRF:10
BRH:3
end_of_record
TN:
SF:services/SubscriptionPackage.service.js
FN:5,(anonymous_0)
FNF:1
FNH:1
FNDA:34,(anonymous_0)
DA:1,9
DA:2,9
DA:6,34
DA:10,9
LF:4
LH:4
BRF:0
BRH:0
end_of_record
TN:
SF:services/User.service.js
FN:5,(anonymous_0)
FN:8,(anonymous_1)
FN:27,(anonymous_2)
FN:34,(anonymous_3)
FN:41,(anonymous_4)
FN:49,(anonymous_5)
FN:57,(anonymous_6)
FNF:7
FNH:7
FNDA:153,(anonymous_0)
FNDA:662,(anonymous_1)
FNDA:10,(anonymous_2)
FNDA:2,(anonymous_3)
FNDA:10,(anonymous_4)
FNDA:1,(anonymous_5)
FNDA:7,(anonymous_6)
DA:1,13
DA:2,13
DA:6,153
DA:8,153
DA:9,662
DA:17,662
DA:18,661
DA:19,661
DA:20,661
DA:21,1322
DA:22,1322
DA:24,661
DA:27,153
DA:28,10
DA:29,1
DA:31,9
DA:34,153
DA:35,2
DA:36,0
DA:38,2
DA:39,2
DA:42,10
DA:43,1
DA:44,9
DA:45,9
DA:46,0
DA:47,9
DA:49,153
DA:50,1
DA:51,0
DA:53,1
DA:54,1
DA:57,153
DA:58,7
DA:59,0
DA:61,7
DA:62,7
DA:63,7
DA:64,6
DA:65,1
DA:69,13
LF:41
LH:37
BRDA:8,0,0,455
BRDA:21,1,0,1322
BRDA:21,1,1,0
BRDA:28,2,0,1
BRDA:28,2,1,9
BRDA:35,3,0,0
BRDA:35,3,1,2
BRDA:41,4,0,5
BRDA:41,5,0,10
BRDA:42,6,0,1
BRDA:42,6,1,9
BRDA:42,7,0,10
BRDA:42,7,1,9
BRDA:45,8,0,0
BRDA:45,8,1,9
BRDA:50,9,0,0
BRDA:50,9,1,1
BRDA:58,10,0,0
BRDA:58,10,1,7
BRDA:63,11,0,6
BRDA:63,11,1,1
BRF:21
BRH:16
end_of_record
TN:
SF:tests/db.js
FN:12,(anonymous_0)
FN:20,(anonymous_1)
FN:28,(anonymous_2)
FN:34,(anonymous_3)
FNF:4
FNH:4
FNDA:16,(anonymous_0)
FNDA:16,(anonymous_1)
FNDA:16,(anonymous_2)
FNDA:210,(anonymous_3)
DA:1,16
DA:2,16
DA:6,16
DA:12,16
DA:14,16
DA:16,16
DA:18,16
DA:19,16
DA:20,16
DA:21,16
DA:22,0
DA:28,16
DA:29,16
DA:30,16
DA:34,16
DA:35,210
DA:37,210
DA:38,1809
DA:42,16
LF:19
LH:18
BRDA:21,0,0,0
BRDA:21,0,1,16
BRF:2
BRH:1
end_of_record
TN:
SF:utils/AuthenticationManager.js
FN:9,(anonymous_0)
FN:12,(anonymous_1)
FN:21,(anonymous_2)
FN:26,(anonymous_3)
FN:44,(anonymous_4)
FN:48,(anonymous_5)
FNF:6
FNH:6
FNDA:406,(anonymous_0)
FNDA:356,(anonymous_1)
FNDA:201,(anonymous_2)
FNDA:205,(anonymous_3)
FNDA:662,(anonymous_4)
FNDA:6,(anonymous_5)
DA:1,14
DA:2,14
DA:3,14
DA:4,14
DA:6,14
DA:7,14
DA:10,406
DA:13,356
DA:22,201
DA:23,200
DA:24,1
DA:27,205
DA:28,205
DA:29,203
DA:30,0
DA:32,203
DA:33,1
DA:35,202
DA:37,2
DA:38,2
DA:45,662
DA:49,6
DA:53,14
LF:23
LH:22
BRDA:18,0,0,0
BRDA:18,0,1,356
BRDA:22,1,0,200
BRDA:22,1,1,1
BRDA:29,2,0,0
BRDA:29,2,1,203
BRDA:32,3,0,1
BRDA:32,3,1,202
BRDA:37,4,0,2
BRDA:37,4,1,0
BRF:10
BRH:7
end_of_record
TN:
SF:utils/AutomationManager.js
FN:13,(anonymous_0)
FN:14,(anonymous_1)
FN:16,(anonymous_2)
FN:19,(anonymous_3)
FN:20,(anonymous_4)
FN:31,(anonymous_5)
FN:36,(anonymous_6)
FNF:7
FNH:0
FNDA:0,(anonymous_0)
FNDA:0,(anonymous_1)
FNDA:0,(anonymous_2)
FNDA:0,(anonymous_3)
FNDA:0,(anonymous_4)
FNDA:0,(anonymous_5)
FNDA:0,(anonymous_6)
DA:1,9
DA:7,0
DA:14,0
DA:15,0
DA:16,0
DA:20,0
DA:21,0
DA:22,0
DA:32,0
DA:36,0
DA:37,0
DA:38,0
DA:40,0
DA:45,0
DA:46,0
DA:48,0
DA:51,0
DA:56,9
LF:18
LH:2
BRDA:45,0,0,0
BRDA:45,0,1,0
BRF:2
BRH:0
end_of_record
TN:
SF:utils/Installation.js
FN:5,(anonymous_0)
FNF:1
FNH:0
FNDA:0,(anonymous_0)
DA:1,9
DA:2,9
DA:6,0
DA:7,0
DA:8,0
DA:9,0
DA:23,0
DA:24,0
DA:27,0
DA:34,9
LF:10
LH:3
BRDA:8,0,0,0
BRDA:8,0,1,0
BRF:2
BRH:0
end_of_record
TN:
SF:utils/SettingsManager.js
FN:3,(anonymous_0)
FN:10,(anonymous_1)
FNF:2
FNH:0
FNDA:0,(anonymous_0)
FNDA:0,(anonymous_1)
DA:1,9
DA:4,0
DA:5,0
DA:7,0
DA:11,0
DA:12,0
DA:14,0
DA:17,9
LF:8
LH:2
BRF:0
BRH:0
end_of_record
TN:
SF:utils/StorageManager.js
FN:6,(anonymous_0)
FN:14,(anonymous_1)
FN:26,(anonymous_2)
FN:34,(anonymous_3)
FN:40,(anonymous_4)
FNF:5
FNH:2
FNDA:4,(anonymous_0)
FNDA:4,(anonymous_1)
FNDA:0,(anonymous_2)
FNDA:0,(anonymous_3)
FNDA:0,(anonymous_4)
DA:1,9
DA:2,9
DA:3,9
DA:7,4
DA:14,4
DA:15,4
DA:17,4
DA:22,4
DA:23,4
DA:26,4
DA:27,0
DA:31,0
DA:34,4
DA:35,0
DA:39,0
DA:40,0
DA:41,0
DA:43,0
DA:45,0
DA:50,9
LF:20
LH:12
BRDA:14,0,0,4
BRDA:20,1,0,4
BRDA:20,1,1,0
BRDA:20,2,0,4
BRDA:20,2,1,0
BRF:5
BRH:3
end_of_record
